 
****************************************
Report : area
Design : add_double64
Version: U-2022.12-SP7-3
Date   : Mon Mar 24 12:14:15 2025
****************************************

Library(s) Used:

    tcbn65lptc (File: /technology/TSMC_65nm_MS_RF_LP_1.2_2.5V_full/STD/TSMCHOME/digital/Front_End/timing_power_noise/NLDM/tcbn65lp_220a/tcbn65lptc.db)

Number of ports:                          203
Number of nets:                          2468
Number of cells:                         2274
Number of combinational cells:           2273
Number of sequential cells:                 0
Number of macros/black boxes:               0
Number of buf/inv:                        397
Number of references:                      19

Combinational area:               4967.280067
Buf/Inv area:                      428.760017
Noncombinational area:               0.000000
Macro/Black Box area:                0.000000
Net Interconnect area:      undefined  (Wire load has zero net area)

Total cell area:                  4967.280067
Total area:                 undefined
1
