 
****************************************
Report : timing
        -path full
        -delay min
        -nworst 50
        -max_paths 50
Design : add_double64
Version: U-2022.12-SP7-3
Date   : Mon Mar 24 12:14:15 2025
****************************************

Operating Conditions: NCCOM   Library: tcbn65lptc
Wire Load Model Mode: segmented

  Startpoint: rnd[0] (input port)
  Endpoint: o[63] (output port)
  Path Group: (none)
  Path Type: min

  Des/Clust/Port     Wire Load Model       Library
  ------------------------------------------------
  add_double64       ZeroWireload          tcbn65lptc

  Point                                    Incr       Path
  -----------------------------------------------------------
  input external delay                     0.00       0.00 f
  rnd[0] (in)                              0.00       0.00 f
  U2258/ZN (ND4D0)                         0.02       0.02 r
  U2259/ZN (OAI22D0)                       0.03       0.06 f
  o[63] (out)                              0.00       0.06 f
  data arrival time                                   0.06
  -----------------------------------------------------------
  (Path is unconstrained)


  Startpoint: rnd[1] (input port)
  Endpoint: o[63] (output port)
  Path Group: (none)
  Path Type: min

  Des/Clust/Port     Wire Load Model       Library
  ------------------------------------------------
  add_double64       ZeroWireload          tcbn65lptc

  Point                                    Incr       Path
  -----------------------------------------------------------
  input external delay                     0.00       0.00 f
  rnd[1] (in)                              0.00       0.00 f
  U2258/ZN (ND4D0)                         0.03       0.03 r
  U2259/ZN (OAI22D0)                       0.03       0.06 f
  o[63] (out)                              0.00       0.06 f
  data arrival time                                   0.06
  -----------------------------------------------------------
  (Path is unconstrained)


  Startpoint: rnd[0] (input port)
  Endpoint: o[63] (output port)
  Path Group: (none)
  Path Type: min

  Des/Clust/Port     Wire Load Model       Library
  ------------------------------------------------
  add_double64       ZeroWireload          tcbn65lptc

  Point                                    Incr       Path
  -----------------------------------------------------------
  input external delay                     0.00       0.00 f
  rnd[0] (in)                              0.00       0.00 f
  U2258/ZN (ND4D0)                         0.02       0.02 r
  U2259/ZN (OAI22D0)                       0.04       0.06 f
  o[63] (out)                              0.00       0.06 f
  data arrival time                                   0.06
  -----------------------------------------------------------
  (Path is unconstrained)


  Startpoint: rnd[1] (input port)
  Endpoint: o[63] (output port)
  Path Group: (none)
  Path Type: min

  Des/Clust/Port     Wire Load Model       Library
  ------------------------------------------------
  add_double64       ZeroWireload          tcbn65lptc

  Point                                    Incr       Path
  -----------------------------------------------------------
  input external delay                     0.00       0.00 f
  rnd[1] (in)                              0.00       0.00 f
  U2258/ZN (ND4D0)                         0.03       0.03 r
  U2259/ZN (OAI22D0)                       0.04       0.06 f
  o[63] (out)                              0.00       0.06 f
  data arrival time                                   0.06
  -----------------------------------------------------------
  (Path is unconstrained)


  Startpoint: rnd[0] (input port)
  Endpoint: o[63] (output port)
  Path Group: (none)
  Path Type: min

  Des/Clust/Port     Wire Load Model       Library
  ------------------------------------------------
  add_double64       ZeroWireload          tcbn65lptc

  Point                                    Incr       Path
  -----------------------------------------------------------
  input external delay                     0.00       0.00 f
  rnd[0] (in)                              0.00       0.00 f
  U2258/ZN (ND4D0)                         0.02       0.02 r
  U2259/ZN (OAI22D0)                       0.04       0.06 f
  o[63] (out)                              0.00       0.06 f
  data arrival time                                   0.06
  -----------------------------------------------------------
  (Path is unconstrained)


  Startpoint: rnd[1] (input port)
  Endpoint: o[63] (output port)
  Path Group: (none)
  Path Type: min

  Des/Clust/Port     Wire Load Model       Library
  ------------------------------------------------
  add_double64       ZeroWireload          tcbn65lptc

  Point                                    Incr       Path
  -----------------------------------------------------------
  input external delay                     0.00       0.00 f
  rnd[1] (in)                              0.00       0.00 f
  U2258/ZN (ND4D0)                         0.03       0.03 r
  U2259/ZN (OAI22D0)                       0.04       0.07 f
  o[63] (out)                              0.00       0.07 f
  data arrival time                                   0.07
  -----------------------------------------------------------
  (Path is unconstrained)


  Startpoint: rnd[2] (input port)
  Endpoint: o[63] (output port)
  Path Group: (none)
  Path Type: min

  Des/Clust/Port     Wire Load Model       Library
  ------------------------------------------------
  add_double64       ZeroWireload          tcbn65lptc

  Point                                    Incr       Path
  -----------------------------------------------------------
  input external delay                     0.00       0.00 r
  rnd[2] (in)                              0.00       0.00 r
  U2257/ZN (INVD0)                         0.01       0.01 f
  U2258/ZN (ND4D0)                         0.03       0.04 r
  U2259/ZN (OAI22D0)                       0.03       0.08 f
  o[63] (out)                              0.00       0.08 f
  data arrival time                                   0.08
  -----------------------------------------------------------
  (Path is unconstrained)


  Startpoint: rnd[2] (input port)
  Endpoint: o[63] (output port)
  Path Group: (none)
  Path Type: min

  Des/Clust/Port     Wire Load Model       Library
  ------------------------------------------------
  add_double64       ZeroWireload          tcbn65lptc

  Point                                    Incr       Path
  -----------------------------------------------------------
  input external delay                     0.00       0.00 r
  rnd[2] (in)                              0.00       0.00 r
  U2257/ZN (INVD0)                         0.01       0.01 f
  U2258/ZN (ND4D0)                         0.03       0.04 r
  U2259/ZN (OAI22D0)                       0.04       0.08 f
  o[63] (out)                              0.00       0.08 f
  data arrival time                                   0.08
  -----------------------------------------------------------
  (Path is unconstrained)


  Startpoint: a[63] (input port)
  Endpoint: o[63] (output port)
  Path Group: (none)
  Path Type: min

  Des/Clust/Port     Wire Load Model       Library
  ------------------------------------------------
  add_double64       ZeroWireload          tcbn65lptc

  Point                                    Incr       Path
  -----------------------------------------------------------
  input external delay                     0.00       0.00 f
  a[63] (in)                               0.00       0.00 f
  U1131/ZN (AOI22D0)                       0.05       0.05 r
  U2259/ZN (OAI22D0)                       0.03       0.08 f
  o[63] (out)                              0.00       0.08 f
  data arrival time                                   0.08
  -----------------------------------------------------------
  (Path is unconstrained)


  Startpoint: rnd[2] (input port)
  Endpoint: o[63] (output port)
  Path Group: (none)
  Path Type: min

  Des/Clust/Port     Wire Load Model       Library
  ------------------------------------------------
  add_double64       ZeroWireload          tcbn65lptc

  Point                                    Incr       Path
  -----------------------------------------------------------
  input external delay                     0.00       0.00 r
  rnd[2] (in)                              0.00       0.00 r
  U2257/ZN (INVD0)                         0.01       0.01 f
  U2258/ZN (ND4D0)                         0.03       0.04 r
  U2259/ZN (OAI22D0)                       0.04       0.08 f
  o[63] (out)                              0.00       0.08 f
  data arrival time                                   0.08
  -----------------------------------------------------------
  (Path is unconstrained)


  Startpoint: a[63] (input port)
  Endpoint: o[63] (output port)
  Path Group: (none)
  Path Type: min

  Des/Clust/Port     Wire Load Model       Library
  ------------------------------------------------
  add_double64       ZeroWireload          tcbn65lptc

  Point                                    Incr       Path
  -----------------------------------------------------------
  input external delay                     0.00       0.00 f
  a[63] (in)                               0.00       0.00 f
  U1131/ZN (AOI22D0)                       0.05       0.05 r
  U2259/ZN (OAI22D0)                       0.04       0.08 f
  o[63] (out)                              0.00       0.08 f
  data arrival time                                   0.08
  -----------------------------------------------------------
  (Path is unconstrained)


  Startpoint: a[63] (input port)
  Endpoint: o[63] (output port)
  Path Group: (none)
  Path Type: min

  Des/Clust/Port     Wire Load Model       Library
  ------------------------------------------------
  add_double64       ZeroWireload          tcbn65lptc

  Point                                    Incr       Path
  -----------------------------------------------------------
  input external delay                     0.00       0.00 r
  a[63] (in)                               0.00       0.00 r
  U1131/ZN (AOI22D0)                       0.04       0.04 f
  U2259/ZN (OAI22D0)                       0.05       0.09 r
  o[63] (out)                              0.00       0.09 r
  data arrival time                                   0.09
  -----------------------------------------------------------
  (Path is unconstrained)


  Startpoint: a[63] (input port)
  Endpoint: o[63] (output port)
  Path Group: (none)
  Path Type: min

  Des/Clust/Port     Wire Load Model       Library
  ------------------------------------------------
  add_double64       ZeroWireload          tcbn65lptc

  Point                                    Incr       Path
  -----------------------------------------------------------
  input external delay                     0.00       0.00 r
  a[63] (in)                               0.00       0.00 r
  U1131/ZN (AOI22D0)                       0.04       0.04 f
  U2259/ZN (OAI22D0)                       0.05       0.09 r
  o[63] (out)                              0.00       0.09 r
  data arrival time                                   0.09
  -----------------------------------------------------------
  (Path is unconstrained)


  Startpoint: a[63] (input port)
  Endpoint: o[63] (output port)
  Path Group: (none)
  Path Type: min

  Des/Clust/Port     Wire Load Model       Library
  ------------------------------------------------
  add_double64       ZeroWireload          tcbn65lptc

  Point                                    Incr       Path
  -----------------------------------------------------------
  input external delay                     0.00       0.00 r
  a[63] (in)                               0.00       0.00 r
  U1131/ZN (AOI22D0)                       0.04       0.04 f
  U2259/ZN (OAI22D0)                       0.05       0.09 r
  o[63] (out)                              0.00       0.09 r
  data arrival time                                   0.09
  -----------------------------------------------------------
  (Path is unconstrained)


  Startpoint: a[63] (input port)
  Endpoint: o[63] (output port)
  Path Group: (none)
  Path Type: min

  Des/Clust/Port     Wire Load Model       Library
  ------------------------------------------------
  add_double64       ZeroWireload          tcbn65lptc

  Point                                    Incr       Path
  -----------------------------------------------------------
  input external delay                     0.00       0.00 r
  a[63] (in)                               0.00       0.00 r
  U1131/ZN (AOI22D0)                       0.04       0.04 f
  U2259/ZN (OAI22D0)                       0.05       0.09 r
  o[63] (out)                              0.00       0.09 r
  data arrival time                                   0.09
  -----------------------------------------------------------
  (Path is unconstrained)


  Startpoint: a[63] (input port)
  Endpoint: o[63] (output port)
  Path Group: (none)
  Path Type: min

  Des/Clust/Port     Wire Load Model       Library
  ------------------------------------------------
  add_double64       ZeroWireload          tcbn65lptc

  Point                                    Incr       Path
  -----------------------------------------------------------
  input external delay                     0.00       0.00 r
  a[63] (in)                               0.00       0.00 r
  U1131/ZN (AOI22D0)                       0.04       0.04 f
  U2259/ZN (OAI22D0)                       0.05       0.09 r
  o[63] (out)                              0.00       0.09 r
  data arrival time                                   0.09
  -----------------------------------------------------------
  (Path is unconstrained)


  Startpoint: a[63] (input port)
  Endpoint: o[63] (output port)
  Path Group: (none)
  Path Type: min

  Des/Clust/Port     Wire Load Model       Library
  ------------------------------------------------
  add_double64       ZeroWireload          tcbn65lptc

  Point                                    Incr       Path
  -----------------------------------------------------------
  input external delay                     0.00       0.00 r
  a[63] (in)                               0.00       0.00 r
  U1131/ZN (AOI22D0)                       0.04       0.04 f
  U2259/ZN (OAI22D0)                       0.05       0.09 r
  o[63] (out)                              0.00       0.09 r
  data arrival time                                   0.09
  -----------------------------------------------------------
  (Path is unconstrained)


  Startpoint: a[63] (input port)
  Endpoint: o[63] (output port)
  Path Group: (none)
  Path Type: min

  Des/Clust/Port     Wire Load Model       Library
  ------------------------------------------------
  add_double64       ZeroWireload          tcbn65lptc

  Point                                    Incr       Path
  -----------------------------------------------------------
  input external delay                     0.00       0.00 r
  a[63] (in)                               0.00       0.00 r
  U1131/ZN (AOI22D0)                       0.04       0.04 f
  U2259/ZN (OAI22D0)                       0.05       0.09 r
  o[63] (out)                              0.00       0.09 r
  data arrival time                                   0.09
  -----------------------------------------------------------
  (Path is unconstrained)


  Startpoint: a[63] (input port)
  Endpoint: o[63] (output port)
  Path Group: (none)
  Path Type: min

  Des/Clust/Port     Wire Load Model       Library
  ------------------------------------------------
  add_double64       ZeroWireload          tcbn65lptc

  Point                                    Incr       Path
  -----------------------------------------------------------
  input external delay                     0.00       0.00 r
  a[63] (in)                               0.00       0.00 r
  U1131/ZN (AOI22D0)                       0.04       0.04 f
  U2259/ZN (OAI22D0)                       0.05       0.09 r
  o[63] (out)                              0.00       0.09 r
  data arrival time                                   0.09
  -----------------------------------------------------------
  (Path is unconstrained)


  Startpoint: a[63] (input port)
  Endpoint: o[63] (output port)
  Path Group: (none)
  Path Type: min

  Des/Clust/Port     Wire Load Model       Library
  ------------------------------------------------
  add_double64       ZeroWireload          tcbn65lptc

  Point                                    Incr       Path
  -----------------------------------------------------------
  input external delay                     0.00       0.00 r
  a[63] (in)                               0.00       0.00 r
  U1131/ZN (AOI22D0)                       0.04       0.04 f
  U2259/ZN (OAI22D0)                       0.05       0.09 r
  o[63] (out)                              0.00       0.09 r
  data arrival time                                   0.09
  -----------------------------------------------------------
  (Path is unconstrained)


  Startpoint: a[63] (input port)
  Endpoint: o[63] (output port)
  Path Group: (none)
  Path Type: min

  Des/Clust/Port     Wire Load Model       Library
  ------------------------------------------------
  add_double64       ZeroWireload          tcbn65lptc

  Point                                    Incr       Path
  -----------------------------------------------------------
  input external delay                     0.00       0.00 f
  a[63] (in)                               0.00       0.00 f
  U1131/ZN (AOI22D0)                       0.05       0.05 r
  U2259/ZN (OAI22D0)                       0.04       0.09 f
  o[63] (out)                              0.00       0.09 f
  data arrival time                                   0.09
  -----------------------------------------------------------
  (Path is unconstrained)


  Startpoint: b[63] (input port)
  Endpoint: o[63] (output port)
  Path Group: (none)
  Path Type: min

  Des/Clust/Port     Wire Load Model       Library
  ------------------------------------------------
  add_double64       ZeroWireload          tcbn65lptc

  Point                                    Incr       Path
  -----------------------------------------------------------
  input external delay                     0.00       0.00 f
  b[63] (in)                               0.00       0.00 f
  U1131/ZN (AOI22D0)                       0.06       0.06 r
  U2259/ZN (OAI22D0)                       0.03       0.09 f
  o[63] (out)                              0.00       0.09 f
  data arrival time                                   0.09
  -----------------------------------------------------------
  (Path is unconstrained)


  Startpoint: b[63] (input port)
  Endpoint: o[63] (output port)
  Path Group: (none)
  Path Type: min

  Des/Clust/Port     Wire Load Model       Library
  ------------------------------------------------
  add_double64       ZeroWireload          tcbn65lptc

  Point                                    Incr       Path
  -----------------------------------------------------------
  input external delay                     0.00       0.00 r
  b[63] (in)                               0.00       0.00 r
  U1131/ZN (AOI22D0)                       0.05       0.05 f
  U2259/ZN (OAI22D0)                       0.05       0.09 r
  o[63] (out)                              0.00       0.09 r
  data arrival time                                   0.09
  -----------------------------------------------------------
  (Path is unconstrained)


  Startpoint: b[63] (input port)
  Endpoint: o[63] (output port)
  Path Group: (none)
  Path Type: min

  Des/Clust/Port     Wire Load Model       Library
  ------------------------------------------------
  add_double64       ZeroWireload          tcbn65lptc

  Point                                    Incr       Path
  -----------------------------------------------------------
  input external delay                     0.00       0.00 r
  b[63] (in)                               0.00       0.00 r
  U1131/ZN (AOI22D0)                       0.05       0.05 f
  U2259/ZN (OAI22D0)                       0.05       0.09 r
  o[63] (out)                              0.00       0.09 r
  data arrival time                                   0.09
  -----------------------------------------------------------
  (Path is unconstrained)


  Startpoint: b[63] (input port)
  Endpoint: o[63] (output port)
  Path Group: (none)
  Path Type: min

  Des/Clust/Port     Wire Load Model       Library
  ------------------------------------------------
  add_double64       ZeroWireload          tcbn65lptc

  Point                                    Incr       Path
  -----------------------------------------------------------
  input external delay                     0.00       0.00 r
  b[63] (in)                               0.00       0.00 r
  U1131/ZN (AOI22D0)                       0.05       0.05 f
  U2259/ZN (OAI22D0)                       0.05       0.09 r
  o[63] (out)                              0.00       0.09 r
  data arrival time                                   0.09
  -----------------------------------------------------------
  (Path is unconstrained)


  Startpoint: b[63] (input port)
  Endpoint: o[63] (output port)
  Path Group: (none)
  Path Type: min

  Des/Clust/Port     Wire Load Model       Library
  ------------------------------------------------
  add_double64       ZeroWireload          tcbn65lptc

  Point                                    Incr       Path
  -----------------------------------------------------------
  input external delay                     0.00       0.00 r
  b[63] (in)                               0.00       0.00 r
  U1131/ZN (AOI22D0)                       0.05       0.05 f
  U2259/ZN (OAI22D0)                       0.05       0.09 r
  o[63] (out)                              0.00       0.09 r
  data arrival time                                   0.09
  -----------------------------------------------------------
  (Path is unconstrained)


  Startpoint: b[63] (input port)
  Endpoint: o[63] (output port)
  Path Group: (none)
  Path Type: min

  Des/Clust/Port     Wire Load Model       Library
  ------------------------------------------------
  add_double64       ZeroWireload          tcbn65lptc

  Point                                    Incr       Path
  -----------------------------------------------------------
  input external delay                     0.00       0.00 r
  b[63] (in)                               0.00       0.00 r
  U1131/ZN (AOI22D0)                       0.05       0.05 f
  U2259/ZN (OAI22D0)                       0.05       0.09 r
  o[63] (out)                              0.00       0.09 r
  data arrival time                                   0.09
  -----------------------------------------------------------
  (Path is unconstrained)


  Startpoint: b[63] (input port)
  Endpoint: o[63] (output port)
  Path Group: (none)
  Path Type: min

  Des/Clust/Port     Wire Load Model       Library
  ------------------------------------------------
  add_double64       ZeroWireload          tcbn65lptc

  Point                                    Incr       Path
  -----------------------------------------------------------
  input external delay                     0.00       0.00 r
  b[63] (in)                               0.00       0.00 r
  U1131/ZN (AOI22D0)                       0.05       0.05 f
  U2259/ZN (OAI22D0)                       0.05       0.09 r
  o[63] (out)                              0.00       0.09 r
  data arrival time                                   0.09
  -----------------------------------------------------------
  (Path is unconstrained)


  Startpoint: b[63] (input port)
  Endpoint: o[63] (output port)
  Path Group: (none)
  Path Type: min

  Des/Clust/Port     Wire Load Model       Library
  ------------------------------------------------
  add_double64       ZeroWireload          tcbn65lptc

  Point                                    Incr       Path
  -----------------------------------------------------------
  input external delay                     0.00       0.00 f
  b[63] (in)                               0.00       0.00 f
  U1131/ZN (AOI22D0)                       0.06       0.06 r
  U2259/ZN (OAI22D0)                       0.04       0.10 f
  o[63] (out)                              0.00       0.10 f
  data arrival time                                   0.10
  -----------------------------------------------------------
  (Path is unconstrained)


  Startpoint: b[63] (input port)
  Endpoint: o[63] (output port)
  Path Group: (none)
  Path Type: min

  Des/Clust/Port     Wire Load Model       Library
  ------------------------------------------------
  add_double64       ZeroWireload          tcbn65lptc

  Point                                    Incr       Path
  -----------------------------------------------------------
  input external delay                     0.00       0.00 r
  b[63] (in)                               0.00       0.00 r
  U1131/ZN (AOI22D0)                       0.05       0.05 f
  U2259/ZN (OAI22D0)                       0.05       0.10 r
  o[63] (out)                              0.00       0.10 r
  data arrival time                                   0.10
  -----------------------------------------------------------
  (Path is unconstrained)


  Startpoint: a[63] (input port)
  Endpoint: o[63] (output port)
  Path Group: (none)
  Path Type: min

  Des/Clust/Port     Wire Load Model       Library
  ------------------------------------------------
  add_double64       ZeroWireload          tcbn65lptc

  Point                                    Incr       Path
  -----------------------------------------------------------
  input external delay                     0.00       0.00 f
  a[63] (in)                               0.00       0.00 f
  U1131/ZN (AOI22D0)                       0.06       0.06 r
  U2259/ZN (OAI22D0)                       0.03       0.10 f
  o[63] (out)                              0.00       0.10 f
  data arrival time                                   0.10
  -----------------------------------------------------------
  (Path is unconstrained)


  Startpoint: b[63] (input port)
  Endpoint: o[63] (output port)
  Path Group: (none)
  Path Type: min

  Des/Clust/Port     Wire Load Model       Library
  ------------------------------------------------
  add_double64       ZeroWireload          tcbn65lptc

  Point                                    Incr       Path
  -----------------------------------------------------------
  input external delay                     0.00       0.00 r
  b[63] (in)                               0.00       0.00 r
  U1131/ZN (AOI22D0)                       0.05       0.05 f
  U2259/ZN (OAI22D0)                       0.05       0.10 r
  o[63] (out)                              0.00       0.10 r
  data arrival time                                   0.10
  -----------------------------------------------------------
  (Path is unconstrained)


  Startpoint: b[63] (input port)
  Endpoint: o[63] (output port)
  Path Group: (none)
  Path Type: min

  Des/Clust/Port     Wire Load Model       Library
  ------------------------------------------------
  add_double64       ZeroWireload          tcbn65lptc

  Point                                    Incr       Path
  -----------------------------------------------------------
  input external delay                     0.00       0.00 r
  b[63] (in)                               0.00       0.00 r
  U1131/ZN (AOI22D0)                       0.05       0.05 f
  U2259/ZN (OAI22D0)                       0.05       0.10 r
  o[63] (out)                              0.00       0.10 r
  data arrival time                                   0.10
  -----------------------------------------------------------
  (Path is unconstrained)


  Startpoint: a[63] (input port)
  Endpoint: o[63] (output port)
  Path Group: (none)
  Path Type: min

  Des/Clust/Port     Wire Load Model       Library
  ------------------------------------------------
  add_double64       ZeroWireload          tcbn65lptc

  Point                                    Incr       Path
  -----------------------------------------------------------
  input external delay                     0.00       0.00 f
  a[63] (in)                               0.00       0.00 f
  U1131/ZN (AOI22D0)                       0.06       0.06 r
  U2259/ZN (OAI22D0)                       0.04       0.10 f
  o[63] (out)                              0.00       0.10 f
  data arrival time                                   0.10
  -----------------------------------------------------------
  (Path is unconstrained)


  Startpoint: b[63] (input port)
  Endpoint: o[63] (output port)
  Path Group: (none)
  Path Type: min

  Des/Clust/Port     Wire Load Model       Library
  ------------------------------------------------
  add_double64       ZeroWireload          tcbn65lptc

  Point                                    Incr       Path
  -----------------------------------------------------------
  input external delay                     0.00       0.00 f
  b[63] (in)                               0.00       0.00 f
  U1131/ZN (AOI22D0)                       0.06       0.06 r
  U2259/ZN (OAI22D0)                       0.04       0.10 f
  o[63] (out)                              0.00       0.10 f
  data arrival time                                   0.10
  -----------------------------------------------------------
  (Path is unconstrained)


  Startpoint: a[63] (input port)
  Endpoint: o[63] (output port)
  Path Group: (none)
  Path Type: min

  Des/Clust/Port     Wire Load Model       Library
  ------------------------------------------------
  add_double64       ZeroWireload          tcbn65lptc

  Point                                    Incr       Path
  -----------------------------------------------------------
  input external delay                     0.00       0.00 f
  a[63] (in)                               0.00       0.00 f
  U1131/ZN (AOI22D0)                       0.07       0.07 r
  U2259/ZN (OAI22D0)                       0.03       0.10 f
  o[63] (out)                              0.00       0.10 f
  data arrival time                                   0.10
  -----------------------------------------------------------
  (Path is unconstrained)


  Startpoint: a[63] (input port)
  Endpoint: o[63] (output port)
  Path Group: (none)
  Path Type: min

  Des/Clust/Port     Wire Load Model       Library
  ------------------------------------------------
  add_double64       ZeroWireload          tcbn65lptc

  Point                                    Incr       Path
  -----------------------------------------------------------
  input external delay                     0.00       0.00 f
  a[63] (in)                               0.00       0.00 f
  U1131/ZN (AOI22D0)                       0.07       0.07 r
  U2259/ZN (OAI22D0)                       0.04       0.10 f
  o[63] (out)                              0.00       0.10 f
  data arrival time                                   0.10
  -----------------------------------------------------------
  (Path is unconstrained)


  Startpoint: b[63] (input port)
  Endpoint: o[63] (output port)
  Path Group: (none)
  Path Type: min

  Des/Clust/Port     Wire Load Model       Library
  ------------------------------------------------
  add_double64       ZeroWireload          tcbn65lptc

  Point                                    Incr       Path
  -----------------------------------------------------------
  input external delay                     0.00       0.00 f
  b[63] (in)                               0.00       0.00 f
  U1131/ZN (AOI22D0)                       0.07       0.07 r
  U2259/ZN (OAI22D0)                       0.03       0.10 f
  o[63] (out)                              0.00       0.10 f
  data arrival time                                   0.10
  -----------------------------------------------------------
  (Path is unconstrained)


  Startpoint: a[63] (input port)
  Endpoint: o[63] (output port)
  Path Group: (none)
  Path Type: min

  Des/Clust/Port     Wire Load Model       Library
  ------------------------------------------------
  add_double64       ZeroWireload          tcbn65lptc

  Point                                    Incr       Path
  -----------------------------------------------------------
  input external delay                     0.00       0.00 f
  a[63] (in)                               0.00       0.00 f
  U1131/ZN (AOI22D0)                       0.06       0.06 r
  U2259/ZN (OAI22D0)                       0.04       0.10 f
  o[63] (out)                              0.00       0.10 f
  data arrival time                                   0.10
  -----------------------------------------------------------
  (Path is unconstrained)


  Startpoint: b[63] (input port)
  Endpoint: o[63] (output port)
  Path Group: (none)
  Path Type: min

  Des/Clust/Port     Wire Load Model       Library
  ------------------------------------------------
  add_double64       ZeroWireload          tcbn65lptc

  Point                                    Incr       Path
  -----------------------------------------------------------
  input external delay                     0.00       0.00 f
  b[63] (in)                               0.00       0.00 f
  U1131/ZN (AOI22D0)                       0.07       0.07 r
  U2259/ZN (OAI22D0)                       0.04       0.11 f
  o[63] (out)                              0.00       0.11 f
  data arrival time                                   0.11
  -----------------------------------------------------------
  (Path is unconstrained)


  Startpoint: a[63] (input port)
  Endpoint: o[63] (output port)
  Path Group: (none)
  Path Type: min

  Des/Clust/Port     Wire Load Model       Library
  ------------------------------------------------
  add_double64       ZeroWireload          tcbn65lptc

  Point                                    Incr       Path
  -----------------------------------------------------------
  input external delay                     0.00       0.00 f
  a[63] (in)                               0.00       0.00 f
  U1131/ZN (AOI22D0)                       0.07       0.07 r
  U2259/ZN (OAI22D0)                       0.04       0.11 f
  o[63] (out)                              0.00       0.11 f
  data arrival time                                   0.11
  -----------------------------------------------------------
  (Path is unconstrained)


  Startpoint: b[63] (input port)
  Endpoint: o[63] (output port)
  Path Group: (none)
  Path Type: min

  Des/Clust/Port     Wire Load Model       Library
  ------------------------------------------------
  add_double64       ZeroWireload          tcbn65lptc

  Point                                    Incr       Path
  -----------------------------------------------------------
  input external delay                     0.00       0.00 f
  b[63] (in)                               0.00       0.00 f
  U1131/ZN (AOI22D0)                       0.08       0.08 r
  U2259/ZN (OAI22D0)                       0.03       0.11 f
  o[63] (out)                              0.00       0.11 f
  data arrival time                                   0.11
  -----------------------------------------------------------
  (Path is unconstrained)


  Startpoint: b[63] (input port)
  Endpoint: o[63] (output port)
  Path Group: (none)
  Path Type: min

  Des/Clust/Port     Wire Load Model       Library
  ------------------------------------------------
  add_double64       ZeroWireload          tcbn65lptc

  Point                                    Incr       Path
  -----------------------------------------------------------
  input external delay                     0.00       0.00 f
  b[63] (in)                               0.00       0.00 f
  U1131/ZN (AOI22D0)                       0.07       0.07 r
  U2259/ZN (OAI22D0)                       0.04       0.11 f
  o[63] (out)                              0.00       0.11 f
  data arrival time                                   0.11
  -----------------------------------------------------------
  (Path is unconstrained)


  Startpoint: b[63] (input port)
  Endpoint: o[63] (output port)
  Path Group: (none)
  Path Type: min

  Des/Clust/Port     Wire Load Model       Library
  ------------------------------------------------
  add_double64       ZeroWireload          tcbn65lptc

  Point                                    Incr       Path
  -----------------------------------------------------------
  input external delay                     0.00       0.00 f
  b[63] (in)                               0.00       0.00 f
  U1131/ZN (AOI22D0)                       0.08       0.08 r
  U2259/ZN (OAI22D0)                       0.04       0.11 f
  o[63] (out)                              0.00       0.11 f
  data arrival time                                   0.11
  -----------------------------------------------------------
  (Path is unconstrained)


  Startpoint: b[63] (input port)
  Endpoint: o[63] (output port)
  Path Group: (none)
  Path Type: min

  Des/Clust/Port     Wire Load Model       Library
  ------------------------------------------------
  add_double64       ZeroWireload          tcbn65lptc

  Point                                    Incr       Path
  -----------------------------------------------------------
  input external delay                     0.00       0.00 f
  b[63] (in)                               0.00       0.00 f
  U1131/ZN (AOI22D0)                       0.08       0.08 r
  U2259/ZN (OAI22D0)                       0.04       0.12 f
  o[63] (out)                              0.00       0.12 f
  data arrival time                                   0.12
  -----------------------------------------------------------
  (Path is unconstrained)


  Startpoint: rnd[0] (input port)
  Endpoint: o[63] (output port)
  Path Group: (none)
  Path Type: min

  Des/Clust/Port     Wire Load Model       Library
  ------------------------------------------------
  add_double64       ZeroWireload          tcbn65lptc

  Point                                    Incr       Path
  -----------------------------------------------------------
  input external delay                     0.00       0.00 r
  rnd[0] (in)                              0.00       0.00 r
  U2258/ZN (ND4D0)                         0.05       0.05 f
  U2259/ZN (OAI22D0)                       0.06       0.12 r
  o[63] (out)                              0.00       0.12 r
  data arrival time                                   0.12
  -----------------------------------------------------------
  (Path is unconstrained)


  Startpoint: rnd[0] (input port)
  Endpoint: o[63] (output port)
  Path Group: (none)
  Path Type: min

  Des/Clust/Port     Wire Load Model       Library
  ------------------------------------------------
  add_double64       ZeroWireload          tcbn65lptc

  Point                                    Incr       Path
  -----------------------------------------------------------
  input external delay                     0.00       0.00 r
  rnd[0] (in)                              0.00       0.00 r
  U2258/ZN (ND4D0)                         0.05       0.05 f
  U2259/ZN (OAI22D0)                       0.06       0.12 r
  o[63] (out)                              0.00       0.12 r
  data arrival time                                   0.12
  -----------------------------------------------------------
  (Path is unconstrained)


  Startpoint: rnd[0] (input port)
  Endpoint: o[63] (output port)
  Path Group: (none)
  Path Type: min

  Des/Clust/Port     Wire Load Model       Library
  ------------------------------------------------
  add_double64       ZeroWireload          tcbn65lptc

  Point                                    Incr       Path
  -----------------------------------------------------------
  input external delay                     0.00       0.00 r
  rnd[0] (in)                              0.00       0.00 r
  U2258/ZN (ND4D0)                         0.05       0.05 f
  U2259/ZN (OAI22D0)                       0.07       0.12 r
  o[63] (out)                              0.00       0.12 r
  data arrival time                                   0.12
  -----------------------------------------------------------
  (Path is unconstrained)


  Startpoint: rnd[1] (input port)
  Endpoint: o[63] (output port)
  Path Group: (none)
  Path Type: min

  Des/Clust/Port     Wire Load Model       Library
  ------------------------------------------------
  add_double64       ZeroWireload          tcbn65lptc

  Point                                    Incr       Path
  -----------------------------------------------------------
  input external delay                     0.00       0.00 r
  rnd[1] (in)                              0.00       0.00 r
  U2258/ZN (ND4D0)                         0.06       0.06 f
  U2259/ZN (OAI22D0)                       0.06       0.12 r
  o[63] (out)                              0.00       0.12 r
  data arrival time                                   0.12
  -----------------------------------------------------------
  (Path is unconstrained)


  Startpoint: rnd[1] (input port)
  Endpoint: o[63] (output port)
  Path Group: (none)
  Path Type: min

  Des/Clust/Port     Wire Load Model       Library
  ------------------------------------------------
  add_double64       ZeroWireload          tcbn65lptc

  Point                                    Incr       Path
  -----------------------------------------------------------
  input external delay                     0.00       0.00 r
  rnd[1] (in)                              0.00       0.00 r
  U2258/ZN (ND4D0)                         0.06       0.06 f
  U2259/ZN (OAI22D0)                       0.06       0.13 r
  o[63] (out)                              0.00       0.13 r
  data arrival time                                   0.13
  -----------------------------------------------------------
  (Path is unconstrained)


1
