 
****************************************
Report : timing
        -path full
        -delay min
        -nworst 50
        -max_paths 50
Design : mac_float32
Version: U-2022.12-SP7-3
Date   : Thu Apr 10 19:46:32 2025
****************************************

Operating Conditions: NCCOM   Library: tcbn65lptc
Wire Load Model Mode: segmented

  Startpoint: c[7] (input port)
  Endpoint: status[2] (output port)
  Path Group: (none)
  Path Type: min

  Des/Clust/Port     Wire Load Model       Library
  ------------------------------------------------
  mac_float32        ZeroWireload          tcbn65lptc

  Point                                    Incr       Path
  -----------------------------------------------------------
  input external delay                     0.00       0.00 r
  c[7] (in)                                0.00       0.00 r
  U43/ZN (NR2D0)                           0.04       0.04 f
  U58/ZN (ND4D0)                           0.04       0.08 r
  U73/ZN (AOI22D0)                         0.04       0.12 f
  U143/ZN (ND3D0)                          0.04       0.16 r
  status[2] (out)                          0.00       0.16 r
  data arrival time                                   0.16
  -----------------------------------------------------------
  (Path is unconstrained)


  Startpoint: c[7] (input port)
  Endpoint: status[2] (output port)
  Path Group: (none)
  Path Type: min

  Des/Clust/Port     Wire Load Model       Library
  ------------------------------------------------
  mac_float32        ZeroWireload          tcbn65lptc

  Point                                    Incr       Path
  -----------------------------------------------------------
  input external delay                     0.00       0.00 r
  c[7] (in)                                0.00       0.00 r
  U43/ZN (NR2D0)                           0.04       0.04 f
  U58/ZN (ND4D0)                           0.04       0.08 r
  U73/ZN (AOI22D0)                         0.04       0.12 f
  U143/ZN (ND3D0)                          0.04       0.16 r
  status[2] (out)                          0.00       0.16 r
  data arrival time                                   0.16
  -----------------------------------------------------------
  (Path is unconstrained)


  Startpoint: c[7] (input port)
  Endpoint: status[2] (output port)
  Path Group: (none)
  Path Type: min

  Des/Clust/Port     Wire Load Model       Library
  ------------------------------------------------
  mac_float32        ZeroWireload          tcbn65lptc

  Point                                    Incr       Path
  -----------------------------------------------------------
  input external delay                     0.00       0.00 r
  c[7] (in)                                0.00       0.00 r
  U43/ZN (NR2D0)                           0.04       0.04 f
  U58/ZN (ND4D0)                           0.04       0.08 r
  U73/ZN (AOI22D0)                         0.04       0.12 f
  U143/ZN (ND3D0)                          0.04       0.16 r
  status[2] (out)                          0.00       0.16 r
  data arrival time                                   0.16
  -----------------------------------------------------------
  (Path is unconstrained)


  Startpoint: c[6] (input port)
  Endpoint: status[2] (output port)
  Path Group: (none)
  Path Type: min

  Des/Clust/Port     Wire Load Model       Library
  ------------------------------------------------
  mac_float32        ZeroWireload          tcbn65lptc

  Point                                    Incr       Path
  -----------------------------------------------------------
  input external delay                     0.00       0.00 r
  c[6] (in)                                0.00       0.00 r
  U43/ZN (NR2D0)                           0.04       0.04 f
  U58/ZN (ND4D0)                           0.04       0.08 r
  U73/ZN (AOI22D0)                         0.04       0.12 f
  U143/ZN (ND3D0)                          0.04       0.16 r
  status[2] (out)                          0.00       0.16 r
  data arrival time                                   0.16
  -----------------------------------------------------------
  (Path is unconstrained)


  Startpoint: c[6] (input port)
  Endpoint: status[2] (output port)
  Path Group: (none)
  Path Type: min

  Des/Clust/Port     Wire Load Model       Library
  ------------------------------------------------
  mac_float32        ZeroWireload          tcbn65lptc

  Point                                    Incr       Path
  -----------------------------------------------------------
  input external delay                     0.00       0.00 r
  c[6] (in)                                0.00       0.00 r
  U43/ZN (NR2D0)                           0.04       0.04 f
  U58/ZN (ND4D0)                           0.04       0.08 r
  U73/ZN (AOI22D0)                         0.04       0.12 f
  U143/ZN (ND3D0)                          0.04       0.16 r
  status[2] (out)                          0.00       0.16 r
  data arrival time                                   0.16
  -----------------------------------------------------------
  (Path is unconstrained)


  Startpoint: c[6] (input port)
  Endpoint: status[2] (output port)
  Path Group: (none)
  Path Type: min

  Des/Clust/Port     Wire Load Model       Library
  ------------------------------------------------
  mac_float32        ZeroWireload          tcbn65lptc

  Point                                    Incr       Path
  -----------------------------------------------------------
  input external delay                     0.00       0.00 r
  c[6] (in)                                0.00       0.00 r
  U43/ZN (NR2D0)                           0.04       0.04 f
  U58/ZN (ND4D0)                           0.04       0.08 r
  U73/ZN (AOI22D0)                         0.04       0.12 f
  U143/ZN (ND3D0)                          0.04       0.16 r
  status[2] (out)                          0.00       0.16 r
  data arrival time                                   0.16
  -----------------------------------------------------------
  (Path is unconstrained)


  Startpoint: c[5] (input port)
  Endpoint: status[2] (output port)
  Path Group: (none)
  Path Type: min

  Des/Clust/Port     Wire Load Model       Library
  ------------------------------------------------
  mac_float32        ZeroWireload          tcbn65lptc

  Point                                    Incr       Path
  -----------------------------------------------------------
  input external delay                     0.00       0.00 r
  c[5] (in)                                0.00       0.00 r
  U42/ZN (INVD0)                           0.05       0.05 f
  U58/ZN (ND4D0)                           0.05       0.10 r
  U73/ZN (AOI22D0)                         0.04       0.14 f
  U143/ZN (ND3D0)                          0.04       0.18 r
  status[2] (out)                          0.00       0.18 r
  data arrival time                                   0.18
  -----------------------------------------------------------
  (Path is unconstrained)


  Startpoint: c[5] (input port)
  Endpoint: status[2] (output port)
  Path Group: (none)
  Path Type: min

  Des/Clust/Port     Wire Load Model       Library
  ------------------------------------------------
  mac_float32        ZeroWireload          tcbn65lptc

  Point                                    Incr       Path
  -----------------------------------------------------------
  input external delay                     0.00       0.00 r
  c[5] (in)                                0.00       0.00 r
  U42/ZN (INVD0)                           0.05       0.05 f
  U58/ZN (ND4D0)                           0.05       0.10 r
  U73/ZN (AOI22D0)                         0.04       0.14 f
  U143/ZN (ND3D0)                          0.04       0.18 r
  status[2] (out)                          0.00       0.18 r
  data arrival time                                   0.18
  -----------------------------------------------------------
  (Path is unconstrained)


  Startpoint: c[5] (input port)
  Endpoint: status[2] (output port)
  Path Group: (none)
  Path Type: min

  Des/Clust/Port     Wire Load Model       Library
  ------------------------------------------------
  mac_float32        ZeroWireload          tcbn65lptc

  Point                                    Incr       Path
  -----------------------------------------------------------
  input external delay                     0.00       0.00 r
  c[5] (in)                                0.00       0.00 r
  U42/ZN (INVD0)                           0.05       0.05 f
  U58/ZN (ND4D0)                           0.05       0.10 r
  U73/ZN (AOI22D0)                         0.04       0.14 f
  U143/ZN (ND3D0)                          0.04       0.18 r
  status[2] (out)                          0.00       0.18 r
  data arrival time                                   0.18
  -----------------------------------------------------------
  (Path is unconstrained)


  Startpoint: a[2] (input port)
  Endpoint: status[2] (output port)
  Path Group: (none)
  Path Type: min

  Des/Clust/Port     Wire Load Model       Library
  ------------------------------------------------
  mac_float32        ZeroWireload          tcbn65lptc

  Point                                    Incr       Path
  -----------------------------------------------------------
  input external delay                     0.00       0.00 r
  a[2] (in)                                0.00       0.00 r
  U74/ZN (NR2D0)                           0.05       0.05 f
  U90/ZN (ND4D0)                           0.05       0.09 r
  U122/ZN (AOI22D0)                        0.04       0.14 f
  U143/ZN (ND3D0)                          0.04       0.18 r
  status[2] (out)                          0.00       0.18 r
  data arrival time                                   0.18
  -----------------------------------------------------------
  (Path is unconstrained)


  Startpoint: a[2] (input port)
  Endpoint: status[2] (output port)
  Path Group: (none)
  Path Type: min

  Des/Clust/Port     Wire Load Model       Library
  ------------------------------------------------
  mac_float32        ZeroWireload          tcbn65lptc

  Point                                    Incr       Path
  -----------------------------------------------------------
  input external delay                     0.00       0.00 r
  a[2] (in)                                0.00       0.00 r
  U74/ZN (NR2D0)                           0.05       0.05 f
  U90/ZN (ND4D0)                           0.05       0.09 r
  U122/ZN (AOI22D0)                        0.04       0.14 f
  U143/ZN (ND3D0)                          0.04       0.18 r
  status[2] (out)                          0.00       0.18 r
  data arrival time                                   0.18
  -----------------------------------------------------------
  (Path is unconstrained)


  Startpoint: a[2] (input port)
  Endpoint: status[2] (output port)
  Path Group: (none)
  Path Type: min

  Des/Clust/Port     Wire Load Model       Library
  ------------------------------------------------
  mac_float32        ZeroWireload          tcbn65lptc

  Point                                    Incr       Path
  -----------------------------------------------------------
  input external delay                     0.00       0.00 r
  a[2] (in)                                0.00       0.00 r
  U74/ZN (NR2D0)                           0.05       0.05 f
  U90/ZN (ND4D0)                           0.05       0.09 r
  U122/ZN (AOI22D0)                        0.04       0.14 f
  U143/ZN (ND3D0)                          0.04       0.18 r
  status[2] (out)                          0.00       0.18 r
  data arrival time                                   0.18
  -----------------------------------------------------------
  (Path is unconstrained)


  Startpoint: a[12] (input port)
  Endpoint: status[2] (output port)
  Path Group: (none)
  Path Type: min

  Des/Clust/Port     Wire Load Model       Library
  ------------------------------------------------
  mac_float32        ZeroWireload          tcbn65lptc

  Point                                    Incr       Path
  -----------------------------------------------------------
  input external delay                     0.00       0.00 r
  a[12] (in)                               0.00       0.00 r
  U75/ZN (NR2D0)                           0.05       0.05 f
  U90/ZN (ND4D0)                           0.05       0.10 r
  U122/ZN (AOI22D0)                        0.04       0.14 f
  U143/ZN (ND3D0)                          0.04       0.18 r
  status[2] (out)                          0.00       0.18 r
  data arrival time                                   0.18
  -----------------------------------------------------------
  (Path is unconstrained)


  Startpoint: a[12] (input port)
  Endpoint: status[2] (output port)
  Path Group: (none)
  Path Type: min

  Des/Clust/Port     Wire Load Model       Library
  ------------------------------------------------
  mac_float32        ZeroWireload          tcbn65lptc

  Point                                    Incr       Path
  -----------------------------------------------------------
  input external delay                     0.00       0.00 r
  a[12] (in)                               0.00       0.00 r
  U75/ZN (NR2D0)                           0.05       0.05 f
  U90/ZN (ND4D0)                           0.05       0.10 r
  U122/ZN (AOI22D0)                        0.04       0.14 f
  U143/ZN (ND3D0)                          0.04       0.18 r
  status[2] (out)                          0.00       0.18 r
  data arrival time                                   0.18
  -----------------------------------------------------------
  (Path is unconstrained)


  Startpoint: a[12] (input port)
  Endpoint: status[2] (output port)
  Path Group: (none)
  Path Type: min

  Des/Clust/Port     Wire Load Model       Library
  ------------------------------------------------
  mac_float32        ZeroWireload          tcbn65lptc

  Point                                    Incr       Path
  -----------------------------------------------------------
  input external delay                     0.00       0.00 r
  a[12] (in)                               0.00       0.00 r
  U75/ZN (NR2D0)                           0.05       0.05 f
  U90/ZN (ND4D0)                           0.05       0.10 r
  U122/ZN (AOI22D0)                        0.04       0.14 f
  U143/ZN (ND3D0)                          0.04       0.18 r
  status[2] (out)                          0.00       0.18 r
  data arrival time                                   0.18
  -----------------------------------------------------------
  (Path is unconstrained)


  Startpoint: a[1] (input port)
  Endpoint: status[2] (output port)
  Path Group: (none)
  Path Type: min

  Des/Clust/Port     Wire Load Model       Library
  ------------------------------------------------
  mac_float32        ZeroWireload          tcbn65lptc

  Point                                    Incr       Path
  -----------------------------------------------------------
  input external delay                     0.00       0.00 r
  a[1] (in)                                0.00       0.00 r
  U74/ZN (NR2D0)                           0.05       0.05 f
  U90/ZN (ND4D0)                           0.05       0.10 r
  U122/ZN (AOI22D0)                        0.04       0.14 f
  U143/ZN (ND3D0)                          0.04       0.18 r
  status[2] (out)                          0.00       0.18 r
  data arrival time                                   0.18
  -----------------------------------------------------------
  (Path is unconstrained)


  Startpoint: a[1] (input port)
  Endpoint: status[2] (output port)
  Path Group: (none)
  Path Type: min

  Des/Clust/Port     Wire Load Model       Library
  ------------------------------------------------
  mac_float32        ZeroWireload          tcbn65lptc

  Point                                    Incr       Path
  -----------------------------------------------------------
  input external delay                     0.00       0.00 r
  a[1] (in)                                0.00       0.00 r
  U74/ZN (NR2D0)                           0.05       0.05 f
  U90/ZN (ND4D0)                           0.05       0.10 r
  U122/ZN (AOI22D0)                        0.04       0.14 f
  U143/ZN (ND3D0)                          0.04       0.18 r
  status[2] (out)                          0.00       0.18 r
  data arrival time                                   0.18
  -----------------------------------------------------------
  (Path is unconstrained)


  Startpoint: c[31] (input port)
  Endpoint: o[31] (output port)
  Path Group: (none)
  Path Type: min

  Des/Clust/Port     Wire Load Model       Library
  ------------------------------------------------
  mac_float32        ZeroWireload          tcbn65lptc

  Point                                    Incr       Path
  -----------------------------------------------------------
  input external delay                     0.00       0.00 f
  c[31] (in)                               0.00       0.00 f
  U41/ZN (INVD0)                           0.07       0.07 r
  U4331/ZN (OAI22D0)                       0.05       0.11 f
  U4332/Z (AO22D0)                         0.07       0.18 f
  o[31] (out)                              0.00       0.18 f
  data arrival time                                   0.18
  -----------------------------------------------------------
  (Path is unconstrained)


  Startpoint: c[9] (input port)
  Endpoint: status[2] (output port)
  Path Group: (none)
  Path Type: min

  Des/Clust/Port     Wire Load Model       Library
  ------------------------------------------------
  mac_float32        ZeroWireload          tcbn65lptc

  Point                                    Incr       Path
  -----------------------------------------------------------
  input external delay                     0.00       0.00 r
  c[9] (in)                                0.00       0.00 r
  U44/ZN (INVD0)                           0.05       0.05 f
  U58/ZN (ND4D0)                           0.05       0.10 r
  U73/ZN (AOI22D0)                         0.04       0.14 f
  U143/ZN (ND3D0)                          0.04       0.18 r
  status[2] (out)                          0.00       0.18 r
  data arrival time                                   0.18
  -----------------------------------------------------------
  (Path is unconstrained)


  Startpoint: a[1] (input port)
  Endpoint: status[2] (output port)
  Path Group: (none)
  Path Type: min

  Des/Clust/Port     Wire Load Model       Library
  ------------------------------------------------
  mac_float32        ZeroWireload          tcbn65lptc

  Point                                    Incr       Path
  -----------------------------------------------------------
  input external delay                     0.00       0.00 r
  a[1] (in)                                0.00       0.00 r
  U74/ZN (NR2D0)                           0.05       0.05 f
  U90/ZN (ND4D0)                           0.05       0.10 r
  U122/ZN (AOI22D0)                        0.04       0.14 f
  U143/ZN (ND3D0)                          0.04       0.18 r
  status[2] (out)                          0.00       0.18 r
  data arrival time                                   0.18
  -----------------------------------------------------------
  (Path is unconstrained)


  Startpoint: c[9] (input port)
  Endpoint: status[2] (output port)
  Path Group: (none)
  Path Type: min

  Des/Clust/Port     Wire Load Model       Library
  ------------------------------------------------
  mac_float32        ZeroWireload          tcbn65lptc

  Point                                    Incr       Path
  -----------------------------------------------------------
  input external delay                     0.00       0.00 r
  c[9] (in)                                0.00       0.00 r
  U44/ZN (INVD0)                           0.05       0.05 f
  U58/ZN (ND4D0)                           0.05       0.10 r
  U73/ZN (AOI22D0)                         0.04       0.14 f
  U143/ZN (ND3D0)                          0.04       0.18 r
  status[2] (out)                          0.00       0.18 r
  data arrival time                                   0.18
  -----------------------------------------------------------
  (Path is unconstrained)


  Startpoint: c[9] (input port)
  Endpoint: status[2] (output port)
  Path Group: (none)
  Path Type: min

  Des/Clust/Port     Wire Load Model       Library
  ------------------------------------------------
  mac_float32        ZeroWireload          tcbn65lptc

  Point                                    Incr       Path
  -----------------------------------------------------------
  input external delay                     0.00       0.00 r
  c[9] (in)                                0.00       0.00 r
  U44/ZN (INVD0)                           0.05       0.05 f
  U58/ZN (ND4D0)                           0.05       0.10 r
  U73/ZN (AOI22D0)                         0.04       0.14 f
  U143/ZN (ND3D0)                          0.04       0.18 r
  status[2] (out)                          0.00       0.18 r
  data arrival time                                   0.18
  -----------------------------------------------------------
  (Path is unconstrained)


  Startpoint: a[11] (input port)
  Endpoint: status[2] (output port)
  Path Group: (none)
  Path Type: min

  Des/Clust/Port     Wire Load Model       Library
  ------------------------------------------------
  mac_float32        ZeroWireload          tcbn65lptc

  Point                                    Incr       Path
  -----------------------------------------------------------
  input external delay                     0.00       0.00 r
  a[11] (in)                               0.00       0.00 r
  U75/ZN (NR2D0)                           0.05       0.05 f
  U90/ZN (ND4D0)                           0.05       0.10 r
  U122/ZN (AOI22D0)                        0.04       0.14 f
  U143/ZN (ND3D0)                          0.04       0.19 r
  status[2] (out)                          0.00       0.19 r
  data arrival time                                   0.19
  -----------------------------------------------------------
  (Path is unconstrained)


  Startpoint: a[11] (input port)
  Endpoint: status[2] (output port)
  Path Group: (none)
  Path Type: min

  Des/Clust/Port     Wire Load Model       Library
  ------------------------------------------------
  mac_float32        ZeroWireload          tcbn65lptc

  Point                                    Incr       Path
  -----------------------------------------------------------
  input external delay                     0.00       0.00 r
  a[11] (in)                               0.00       0.00 r
  U75/ZN (NR2D0)                           0.05       0.05 f
  U90/ZN (ND4D0)                           0.05       0.10 r
  U122/ZN (AOI22D0)                        0.04       0.14 f
  U143/ZN (ND3D0)                          0.04       0.19 r
  status[2] (out)                          0.00       0.19 r
  data arrival time                                   0.19
  -----------------------------------------------------------
  (Path is unconstrained)


  Startpoint: a[11] (input port)
  Endpoint: status[2] (output port)
  Path Group: (none)
  Path Type: min

  Des/Clust/Port     Wire Load Model       Library
  ------------------------------------------------
  mac_float32        ZeroWireload          tcbn65lptc

  Point                                    Incr       Path
  -----------------------------------------------------------
  input external delay                     0.00       0.00 r
  a[11] (in)                               0.00       0.00 r
  U75/ZN (NR2D0)                           0.05       0.05 f
  U90/ZN (ND4D0)                           0.05       0.10 r
  U122/ZN (AOI22D0)                        0.04       0.14 f
  U143/ZN (ND3D0)                          0.04       0.19 r
  status[2] (out)                          0.00       0.19 r
  data arrival time                                   0.19
  -----------------------------------------------------------
  (Path is unconstrained)


  Startpoint: c[31] (input port)
  Endpoint: o[31] (output port)
  Path Group: (none)
  Path Type: min

  Des/Clust/Port     Wire Load Model       Library
  ------------------------------------------------
  mac_float32        ZeroWireload          tcbn65lptc

  Point                                    Incr       Path
  -----------------------------------------------------------
  input external delay                     0.00       0.00 f
  c[31] (in)                               0.00       0.00 f
  U41/ZN (INVD0)                           0.07       0.07 r
  U4331/ZN (OAI22D0)                       0.05       0.12 f
  U4332/Z (AO22D0)                         0.07       0.19 f
  o[31] (out)                              0.00       0.19 f
  data arrival time                                   0.19
  -----------------------------------------------------------
  (Path is unconstrained)


  Startpoint: c[7] (input port)
  Endpoint: status[1] (output port)
  Path Group: (none)
  Path Type: min

  Des/Clust/Port     Wire Load Model       Library
  ------------------------------------------------
  mac_float32        ZeroWireload          tcbn65lptc

  Point                                    Incr       Path
  -----------------------------------------------------------
  input external delay                     0.00       0.00 r
  c[7] (in)                                0.00       0.00 r
  U43/ZN (NR2D0)                           0.04       0.04 f
  U58/ZN (ND4D0)                           0.04       0.08 r
  U73/ZN (AOI22D0)                         0.04       0.12 f
  U143/ZN (ND3D0)                          0.04       0.16 r
  U4210/ZN (MUX2ND0)                       0.03       0.19 f
  status[1] (out)                          0.00       0.19 f
  data arrival time                                   0.19
  -----------------------------------------------------------
  (Path is unconstrained)


  Startpoint: c[7] (input port)
  Endpoint: status[1] (output port)
  Path Group: (none)
  Path Type: min

  Des/Clust/Port     Wire Load Model       Library
  ------------------------------------------------
  mac_float32        ZeroWireload          tcbn65lptc

  Point                                    Incr       Path
  -----------------------------------------------------------
  input external delay                     0.00       0.00 r
  c[7] (in)                                0.00       0.00 r
  U43/ZN (NR2D0)                           0.04       0.04 f
  U58/ZN (ND4D0)                           0.04       0.08 r
  U73/ZN (AOI22D0)                         0.04       0.12 f
  U143/ZN (ND3D0)                          0.04       0.16 r
  U4210/ZN (MUX2ND0)                       0.03       0.19 f
  status[1] (out)                          0.00       0.19 f
  data arrival time                                   0.19
  -----------------------------------------------------------
  (Path is unconstrained)


  Startpoint: c[7] (input port)
  Endpoint: status[1] (output port)
  Path Group: (none)
  Path Type: min

  Des/Clust/Port     Wire Load Model       Library
  ------------------------------------------------
  mac_float32        ZeroWireload          tcbn65lptc

  Point                                    Incr       Path
  -----------------------------------------------------------
  input external delay                     0.00       0.00 r
  c[7] (in)                                0.00       0.00 r
  U43/ZN (NR2D0)                           0.04       0.04 f
  U58/ZN (ND4D0)                           0.04       0.08 r
  U73/ZN (AOI22D0)                         0.04       0.12 f
  U143/ZN (ND3D0)                          0.04       0.16 r
  U4210/ZN (MUX2ND0)                       0.03       0.19 f
  status[1] (out)                          0.00       0.19 f
  data arrival time                                   0.19
  -----------------------------------------------------------
  (Path is unconstrained)


  Startpoint: c[31] (input port)
  Endpoint: o[31] (output port)
  Path Group: (none)
  Path Type: min

  Des/Clust/Port     Wire Load Model       Library
  ------------------------------------------------
  mac_float32        ZeroWireload          tcbn65lptc

  Point                                    Incr       Path
  -----------------------------------------------------------
  input external delay                     0.00       0.00 r
  c[31] (in)                               0.00       0.00 r
  U41/ZN (INVD0)                           0.05       0.05 f
  U4331/ZN (OAI22D0)                       0.07       0.12 r
  U4332/Z (AO22D0)                         0.07       0.19 r
  o[31] (out)                              0.00       0.19 r
  data arrival time                                   0.19
  -----------------------------------------------------------
  (Path is unconstrained)


  Startpoint: c[31] (input port)
  Endpoint: o[31] (output port)
  Path Group: (none)
  Path Type: min

  Des/Clust/Port     Wire Load Model       Library
  ------------------------------------------------
  mac_float32        ZeroWireload          tcbn65lptc

  Point                                    Incr       Path
  -----------------------------------------------------------
  input external delay                     0.00       0.00 r
  c[31] (in)                               0.00       0.00 r
  U41/ZN (INVD0)                           0.05       0.05 f
  U4331/ZN (OAI22D0)                       0.07       0.12 r
  U4332/Z (AO22D0)                         0.07       0.19 r
  o[31] (out)                              0.00       0.19 r
  data arrival time                                   0.19
  -----------------------------------------------------------
  (Path is unconstrained)


  Startpoint: c[31] (input port)
  Endpoint: o[31] (output port)
  Path Group: (none)
  Path Type: min

  Des/Clust/Port     Wire Load Model       Library
  ------------------------------------------------
  mac_float32        ZeroWireload          tcbn65lptc

  Point                                    Incr       Path
  -----------------------------------------------------------
  input external delay                     0.00       0.00 f
  c[31] (in)                               0.00       0.00 f
  U41/ZN (INVD0)                           0.07       0.07 r
  U4331/ZN (OAI22D0)                       0.06       0.12 f
  U4332/Z (AO22D0)                         0.07       0.19 f
  o[31] (out)                              0.00       0.19 f
  data arrival time                                   0.19
  -----------------------------------------------------------
  (Path is unconstrained)


  Startpoint: c[31] (input port)
  Endpoint: o[31] (output port)
  Path Group: (none)
  Path Type: min

  Des/Clust/Port     Wire Load Model       Library
  ------------------------------------------------
  mac_float32        ZeroWireload          tcbn65lptc

  Point                                    Incr       Path
  -----------------------------------------------------------
  input external delay                     0.00       0.00 f
  c[31] (in)                               0.00       0.00 f
  U41/ZN (INVD0)                           0.07       0.07 r
  U4331/ZN (OAI22D0)                       0.05       0.11 f
  U4332/Z (AO22D0)                         0.08       0.19 f
  o[31] (out)                              0.00       0.19 f
  data arrival time                                   0.19
  -----------------------------------------------------------
  (Path is unconstrained)


  Startpoint: c[6] (input port)
  Endpoint: status[1] (output port)
  Path Group: (none)
  Path Type: min

  Des/Clust/Port     Wire Load Model       Library
  ------------------------------------------------
  mac_float32        ZeroWireload          tcbn65lptc

  Point                                    Incr       Path
  -----------------------------------------------------------
  input external delay                     0.00       0.00 r
  c[6] (in)                                0.00       0.00 r
  U43/ZN (NR2D0)                           0.04       0.04 f
  U58/ZN (ND4D0)                           0.04       0.08 r
  U73/ZN (AOI22D0)                         0.04       0.12 f
  U143/ZN (ND3D0)                          0.04       0.16 r
  U4210/ZN (MUX2ND0)                       0.03       0.19 f
  status[1] (out)                          0.00       0.19 f
  data arrival time                                   0.19
  -----------------------------------------------------------
  (Path is unconstrained)


  Startpoint: c[6] (input port)
  Endpoint: status[1] (output port)
  Path Group: (none)
  Path Type: min

  Des/Clust/Port     Wire Load Model       Library
  ------------------------------------------------
  mac_float32        ZeroWireload          tcbn65lptc

  Point                                    Incr       Path
  -----------------------------------------------------------
  input external delay                     0.00       0.00 r
  c[6] (in)                                0.00       0.00 r
  U43/ZN (NR2D0)                           0.04       0.04 f
  U58/ZN (ND4D0)                           0.04       0.08 r
  U73/ZN (AOI22D0)                         0.04       0.12 f
  U143/ZN (ND3D0)                          0.04       0.16 r
  U4210/ZN (MUX2ND0)                       0.03       0.19 f
  status[1] (out)                          0.00       0.19 f
  data arrival time                                   0.19
  -----------------------------------------------------------
  (Path is unconstrained)


  Startpoint: c[6] (input port)
  Endpoint: status[1] (output port)
  Path Group: (none)
  Path Type: min

  Des/Clust/Port     Wire Load Model       Library
  ------------------------------------------------
  mac_float32        ZeroWireload          tcbn65lptc

  Point                                    Incr       Path
  -----------------------------------------------------------
  input external delay                     0.00       0.00 r
  c[6] (in)                                0.00       0.00 r
  U43/ZN (NR2D0)                           0.04       0.04 f
  U58/ZN (ND4D0)                           0.04       0.08 r
  U73/ZN (AOI22D0)                         0.04       0.12 f
  U143/ZN (ND3D0)                          0.04       0.16 r
  U4210/ZN (MUX2ND0)                       0.03       0.19 f
  status[1] (out)                          0.00       0.19 f
  data arrival time                                   0.19
  -----------------------------------------------------------
  (Path is unconstrained)


  Startpoint: c[31] (input port)
  Endpoint: o[31] (output port)
  Path Group: (none)
  Path Type: min

  Des/Clust/Port     Wire Load Model       Library
  ------------------------------------------------
  mac_float32        ZeroWireload          tcbn65lptc

  Point                                    Incr       Path
  -----------------------------------------------------------
  input external delay                     0.00       0.00 r
  c[31] (in)                               0.00       0.00 r
  U41/ZN (INVD0)                           0.05       0.05 f
  U4331/ZN (OAI22D0)                       0.07       0.12 r
  U4332/Z (AO22D0)                         0.07       0.19 r
  o[31] (out)                              0.00       0.19 r
  data arrival time                                   0.19
  -----------------------------------------------------------
  (Path is unconstrained)


  Startpoint: c[31] (input port)
  Endpoint: o[31] (output port)
  Path Group: (none)
  Path Type: min

  Des/Clust/Port     Wire Load Model       Library
  ------------------------------------------------
  mac_float32        ZeroWireload          tcbn65lptc

  Point                                    Incr       Path
  -----------------------------------------------------------
  input external delay                     0.00       0.00 r
  c[31] (in)                               0.00       0.00 r
  U41/ZN (INVD0)                           0.05       0.05 f
  U4331/ZN (OAI22D0)                       0.07       0.12 r
  U4332/Z (AO22D0)                         0.07       0.19 r
  o[31] (out)                              0.00       0.19 r
  data arrival time                                   0.19
  -----------------------------------------------------------
  (Path is unconstrained)


  Startpoint: c[31] (input port)
  Endpoint: o[31] (output port)
  Path Group: (none)
  Path Type: min

  Des/Clust/Port     Wire Load Model       Library
  ------------------------------------------------
  mac_float32        ZeroWireload          tcbn65lptc

  Point                                    Incr       Path
  -----------------------------------------------------------
  input external delay                     0.00       0.00 r
  c[31] (in)                               0.00       0.00 r
  U41/ZN (INVD0)                           0.05       0.05 f
  U4331/ZN (OAI22D0)                       0.07       0.12 r
  U4332/Z (AO22D0)                         0.07       0.19 r
  o[31] (out)                              0.00       0.19 r
  data arrival time                                   0.19
  -----------------------------------------------------------
  (Path is unconstrained)


  Startpoint: c[31] (input port)
  Endpoint: o[31] (output port)
  Path Group: (none)
  Path Type: min

  Des/Clust/Port     Wire Load Model       Library
  ------------------------------------------------
  mac_float32        ZeroWireload          tcbn65lptc

  Point                                    Incr       Path
  -----------------------------------------------------------
  input external delay                     0.00       0.00 r
  c[31] (in)                               0.00       0.00 r
  U41/ZN (INVD0)                           0.05       0.05 f
  U4331/ZN (OAI22D0)                       0.07       0.12 r
  U4332/Z (AO22D0)                         0.07       0.19 r
  o[31] (out)                              0.00       0.19 r
  data arrival time                                   0.19
  -----------------------------------------------------------
  (Path is unconstrained)


  Startpoint: c[31] (input port)
  Endpoint: o[31] (output port)
  Path Group: (none)
  Path Type: min

  Des/Clust/Port     Wire Load Model       Library
  ------------------------------------------------
  mac_float32        ZeroWireload          tcbn65lptc

  Point                                    Incr       Path
  -----------------------------------------------------------
  input external delay                     0.00       0.00 r
  c[31] (in)                               0.00       0.00 r
  U41/ZN (INVD0)                           0.05       0.05 f
  U4331/ZN (OAI22D0)                       0.07       0.12 r
  U4332/Z (AO22D0)                         0.07       0.19 r
  o[31] (out)                              0.00       0.19 r
  data arrival time                                   0.19
  -----------------------------------------------------------
  (Path is unconstrained)


  Startpoint: c[31] (input port)
  Endpoint: o[31] (output port)
  Path Group: (none)
  Path Type: min

  Des/Clust/Port     Wire Load Model       Library
  ------------------------------------------------
  mac_float32        ZeroWireload          tcbn65lptc

  Point                                    Incr       Path
  -----------------------------------------------------------
  input external delay                     0.00       0.00 r
  c[31] (in)                               0.00       0.00 r
  U41/ZN (INVD0)                           0.05       0.05 f
  U4331/ZN (OAI22D0)                       0.07       0.12 r
  U4332/Z (AO22D0)                         0.07       0.20 r
  o[31] (out)                              0.00       0.20 r
  data arrival time                                   0.20
  -----------------------------------------------------------
  (Path is unconstrained)


  Startpoint: c[31] (input port)
  Endpoint: o[31] (output port)
  Path Group: (none)
  Path Type: min

  Des/Clust/Port     Wire Load Model       Library
  ------------------------------------------------
  mac_float32        ZeroWireload          tcbn65lptc

  Point                                    Incr       Path
  -----------------------------------------------------------
  input external delay                     0.00       0.00 r
  c[31] (in)                               0.00       0.00 r
  U41/ZN (INVD0)                           0.05       0.05 f
  U4331/ZN (OAI22D0)                       0.07       0.12 r
  U4332/Z (AO22D0)                         0.07       0.20 r
  o[31] (out)                              0.00       0.20 r
  data arrival time                                   0.20
  -----------------------------------------------------------
  (Path is unconstrained)


  Startpoint: c[31] (input port)
  Endpoint: o[31] (output port)
  Path Group: (none)
  Path Type: min

  Des/Clust/Port     Wire Load Model       Library
  ------------------------------------------------
  mac_float32        ZeroWireload          tcbn65lptc

  Point                                    Incr       Path
  -----------------------------------------------------------
  input external delay                     0.00       0.00 f
  c[31] (in)                               0.00       0.00 f
  U41/ZN (INVD0)                           0.07       0.07 r
  U4331/ZN (OAI22D0)                       0.05       0.12 f
  U4332/Z (AO22D0)                         0.08       0.20 f
  o[31] (out)                              0.00       0.20 f
  data arrival time                                   0.20
  -----------------------------------------------------------
  (Path is unconstrained)


  Startpoint: c[31] (input port)
  Endpoint: o[31] (output port)
  Path Group: (none)
  Path Type: min

  Des/Clust/Port     Wire Load Model       Library
  ------------------------------------------------
  mac_float32        ZeroWireload          tcbn65lptc

  Point                                    Incr       Path
  -----------------------------------------------------------
  input external delay                     0.00       0.00 f
  c[31] (in)                               0.00       0.00 f
  U41/ZN (INVD0)                           0.07       0.07 r
  U4331/ZN (OAI22D0)                       0.05       0.11 f
  U4332/Z (AO22D0)                         0.08       0.20 f
  o[31] (out)                              0.00       0.20 f
  data arrival time                                   0.20
  -----------------------------------------------------------
  (Path is unconstrained)


  Startpoint: c[30] (input port)
  Endpoint: status[1] (output port)
  Path Group: (none)
  Path Type: min

  Des/Clust/Port     Wire Load Model       Library
  ------------------------------------------------
  mac_float32        ZeroWireload          tcbn65lptc

  Point                                    Incr       Path
  -----------------------------------------------------------
  input external delay                     0.00       0.00 f
  c[30] (in)                               0.00       0.00 f
  U62/ZN (ND4D0)                           0.08       0.08 r
  U144/ZN (ND2D0)                          0.08       0.16 f
  U4210/ZN (MUX2ND0)                       0.04       0.20 r
  status[1] (out)                          0.00       0.20 r
  data arrival time                                   0.20
  -----------------------------------------------------------
  (Path is unconstrained)


  Startpoint: rnd[1] (input port)
  Endpoint: status[1] (output port)
  Path Group: (none)
  Path Type: min

  Des/Clust/Port     Wire Load Model       Library
  ------------------------------------------------
  mac_float32        ZeroWireload          tcbn65lptc

  Point                                    Incr       Path
  -----------------------------------------------------------
  input external delay                     0.00       0.00 r
  rnd[1] (in)                              0.00       0.00 r
  U3947/ZN (NR2D0)                         0.05       0.05 f
  U4207/ZN (NR2D0)                         0.04       0.09 r
  U4208/ZN (AOI21D0)                       0.05       0.14 f
  U4209/ZN (INVD0)                         0.03       0.17 r
  U4210/ZN (MUX2ND0)                       0.03       0.20 f
  status[1] (out)                          0.00       0.20 f
  data arrival time                                   0.20
  -----------------------------------------------------------
  (Path is unconstrained)


  Startpoint: rnd[1] (input port)
  Endpoint: status[1] (output port)
  Path Group: (none)
  Path Type: min

  Des/Clust/Port     Wire Load Model       Library
  ------------------------------------------------
  mac_float32        ZeroWireload          tcbn65lptc

  Point                                    Incr       Path
  -----------------------------------------------------------
  input external delay                     0.00       0.00 r
  rnd[1] (in)                              0.00       0.00 r
  U3947/ZN (NR2D0)                         0.05       0.05 f
  U4207/ZN (NR2D0)                         0.04       0.09 r
  U4208/ZN (AOI21D0)                       0.05       0.14 f
  U4209/ZN (INVD0)                         0.03       0.17 r
  U4210/ZN (MUX2ND0)                       0.03       0.20 f
  status[1] (out)                          0.00       0.20 f
  data arrival time                                   0.20
  -----------------------------------------------------------
  (Path is unconstrained)


  Startpoint: c[29] (input port)
  Endpoint: status[1] (output port)
  Path Group: (none)
  Path Type: min

  Des/Clust/Port     Wire Load Model       Library
  ------------------------------------------------
  mac_float32        ZeroWireload          tcbn65lptc

  Point                                    Incr       Path
  -----------------------------------------------------------
  input external delay                     0.00       0.00 f
  c[29] (in)                               0.00       0.00 f
  U62/ZN (ND4D0)                           0.08       0.08 r
  U144/ZN (ND2D0)                          0.08       0.17 f
  U4210/ZN (MUX2ND0)                       0.04       0.20 r
  status[1] (out)                          0.00       0.20 r
  data arrival time                                   0.20
  -----------------------------------------------------------
  (Path is unconstrained)


  Startpoint: c[31] (input port)
  Endpoint: o[31] (output port)
  Path Group: (none)
  Path Type: min

  Des/Clust/Port     Wire Load Model       Library
  ------------------------------------------------
  mac_float32        ZeroWireload          tcbn65lptc

  Point                                    Incr       Path
  -----------------------------------------------------------
  input external delay                     0.00       0.00 f
  c[31] (in)                               0.00       0.00 f
  U41/ZN (INVD0)                           0.07       0.07 r
  U4331/ZN (OAI22D0)                       0.06       0.12 f
  U4332/Z (AO22D0)                         0.08       0.20 f
  o[31] (out)                              0.00       0.20 f
  data arrival time                                   0.20
  -----------------------------------------------------------
  (Path is unconstrained)


1
