 
****************************************
Report : area
Design : mac_double64
Version: U-2022.12-SP7-3
Date   : Mon Mar 24 12:16:03 2025
****************************************

Library(s) Used:

    tcbn65lptc (File: /technology/TSMC_65nm_MS_RF_LP_1.2_2.5V_full/STD/TSMCHOME/digital/Front_End/timing_power_noise/NLDM/tcbn65lp_220a/tcbn65lptc.db)

Number of ports:                          267
Number of nets:                         13929
Number of cells:                        12726
Number of combinational cells:          12725
Number of sequential cells:                 0
Number of macros/black boxes:               0
Number of buf/inv:                       1747
Number of references:                      20

Combinational area:              34144.560497
Buf/Inv area:                     1886.760075
Noncombinational area:               0.000000
Macro/Black Box area:                0.000000
Net Interconnect area:      undefined  (Wire load has zero net area)

Total cell area:                 34144.560497
Total area:                 undefined
1
