 
****************************************
Report : area
Design : mul_bfloat16
Version: U-2022.12-SP7-3
Date   : Wed Mar 12 13:44:46 2025
****************************************

Library(s) Used:

    tcbn65lptc (File: /technology/TSMC_65nm_MS_RF_LP_1.2_2.5V_full/STD/TSMCHOME/digital/Front_End/timing_power_noise/NLDM/tcbn65lp_220a/tcbn65lptc.db)

Number of ports:                           59
Number of nets:                           458
Number of cells:                          375
Number of combinational cells:            374
Number of sequential cells:                 0
Number of macros/black boxes:               0
Number of buf/inv:                         71
Number of references:                      17

Combinational area:                999.360016
Buf/Inv area:                       76.680003
Noncombinational area:               0.000000
Macro/Black Box area:                0.000000
Net Interconnect area:      undefined  (Wire load has zero net area)

Total cell area:                   999.360016
Total area:                 undefined
1
