 
****************************************
Report : port
        -verbose
Design : mul_bfloat16
Version: U-2022.12-SP7-3
Date   : Wed Mar 12 13:44:40 2025
****************************************


                       Pin      Wire     Max     Max     Connection
Port           Dir     Load     Load     Trans   Cap     Class      Attrs
--------------------------------------------------------------------------------
a[0]           in      0.0000   0.0000   --      --      --         
a[1]           in      0.0000   0.0000   --      --      --         
a[2]           in      0.0000   0.0000   --      --      --         
a[3]           in      0.0000   0.0000   --      --      --         
a[4]           in      0.0000   0.0000   --      --      --         
a[5]           in      0.0000   0.0000   --      --      --         
a[6]           in      0.0000   0.0000   --      --      --         
a[7]           in      0.0000   0.0000   --      --      --         
a[8]           in      0.0000   0.0000   --      --      --         
a[9]           in      0.0000   0.0000   --      --      --         
a[10]          in      0.0000   0.0000   --      --      --         
a[11]          in      0.0000   0.0000   --      --      --         
a[12]          in      0.0000   0.0000   --      --      --         
a[13]          in      0.0000   0.0000   --      --      --         
a[14]          in      0.0000   0.0000   --      --      --         
a[15]          in      0.0000   0.0000   --      --      --         
b[0]           in      0.0000   0.0000   --      --      --         
b[1]           in      0.0000   0.0000   --      --      --         
b[2]           in      0.0000   0.0000   --      --      --         
b[3]           in      0.0000   0.0000   --      --      --         
b[4]           in      0.0000   0.0000   --      --      --         
b[5]           in      0.0000   0.0000   --      --      --         
b[6]           in      0.0000   0.0000   --      --      --         
b[7]           in      0.0000   0.0000   --      --      --         
b[8]           in      0.0000   0.0000   --      --      --         
b[9]           in      0.0000   0.0000   --      --      --         
b[10]          in      0.0000   0.0000   --      --      --         
b[11]          in      0.0000   0.0000   --      --      --         
b[12]          in      0.0000   0.0000   --      --      --         
b[13]          in      0.0000   0.0000   --      --      --         
b[14]          in      0.0000   0.0000   --      --      --         
b[15]          in      0.0000   0.0000   --      --      --         
rnd[0]         in      0.0000   0.0000   --      --      --         
rnd[1]         in      0.0000   0.0000   --      --      --         
rnd[2]         in      0.0000   0.0000   --      --      --         
o[0]           out     0.0000   0.0000   --      --      --         
o[1]           out     0.0000   0.0000   --      --      --         
o[2]           out     0.0000   0.0000   --      --      --         
o[3]           out     0.0000   0.0000   --      --      --         
o[4]           out     0.0000   0.0000   --      --      --         
o[5]           out     0.0000   0.0000   --      --      --         
o[6]           out     0.0000   0.0000   --      --      --         
o[7]           out     0.0000   0.0000   --      --      --         
o[8]           out     0.0000   0.0000   --      --      --         
o[9]           out     0.0000   0.0000   --      --      --         
o[10]          out     0.0000   0.0000   --      --      --         
o[11]          out     0.0000   0.0000   --      --      --         
o[12]          out     0.0000   0.0000   --      --      --         
o[13]          out     0.0000   0.0000   --      --      --         
o[14]          out     0.0000   0.0000   --      --      --         
o[15]          out     0.0000   0.0000   --      --      --         
status[0]      out     0.0000   0.0000   --      --      --         
status[1]      out     0.0000   0.0000   --      --      --         
status[2]      out     0.0000   0.0000   --      --      --         
status[3]      out     0.0000   0.0000   --      --      --         
status[4]      out     0.0000   0.0000   --      --      --         
status[5]      out     0.0000   0.0000   --      --      --         
status[6]      out     0.0000   0.0000   --      --      --         
status[7]      out     0.0000   0.0000   --      --      --         


              External  Max             Min                Min       Min
              Number    Wireload        Wireload           Pin       Wire
Port          Points    Model           Model              Load      Load
--------------------------------------------------------------------------------
a[0]               1      --              --              --        -- 
a[1]               1      --              --              --        -- 
a[2]               1      --              --              --        -- 
a[3]               1      --              --              --        -- 
a[4]               1      --              --              --        -- 
a[5]               1      --              --              --        -- 
a[6]               1      --              --              --        -- 
a[7]               1      --              --              --        -- 
a[8]               1      --              --              --        -- 
a[9]               1      --              --              --        -- 
a[10]              1      --              --              --        -- 
a[11]              1      --              --              --        -- 
a[12]              1      --              --              --        -- 
a[13]              1      --              --              --        -- 
a[14]              1      --              --              --        -- 
a[15]              1      --              --              --        -- 
b[0]               1      --              --              --        -- 
b[1]               1      --              --              --        -- 
b[2]               1      --              --              --        -- 
b[3]               1      --              --              --        -- 
b[4]               1      --              --              --        -- 
b[5]               1      --              --              --        -- 
b[6]               1      --              --              --        -- 
b[7]               1      --              --              --        -- 
b[8]               1      --              --              --        -- 
b[9]               1      --              --              --        -- 
b[10]              1      --              --              --        -- 
b[11]              1      --              --              --        -- 
b[12]              1      --              --              --        -- 
b[13]              1      --              --              --        -- 
b[14]              1      --              --              --        -- 
b[15]              1      --              --              --        -- 
rnd[0]             1      --              --              --        -- 
rnd[1]             1      --              --              --        -- 
rnd[2]             1      --              --              --        -- 
o[0]               1      --              --              --        -- 
o[1]               1      --              --              --        -- 
o[2]               1      --              --              --        -- 
o[3]               1      --              --              --        -- 
o[4]               1      --              --              --        -- 
o[5]               1      --              --              --        -- 
o[6]               1      --              --              --        -- 
o[7]               1      --              --              --        -- 
o[8]               1      --              --              --        -- 
o[9]               1      --              --              --        -- 
o[10]              1      --              --              --        -- 
o[11]              1      --              --              --        -- 
o[12]              1      --              --              --        -- 
o[13]              1      --              --              --        -- 
o[14]              1      --              --              --        -- 
o[15]              1      --              --              --        -- 
status[0]          1      --              --              --        -- 
status[1]          1      --              --              --        -- 
status[2]          1      --              --              --        -- 
status[3]          1      --              --              --        -- 
status[4]          1      --              --              --        -- 
status[5]          1      --              --              --        -- 
status[6]          1      --              --              --        -- 
status[7]          1      --              --              --        -- 

                    Input Delay
                  Min             Max       Related   Max
Input Port    Rise    Fall    Rise    Fall   Clock  Fanout
--------------------------------------------------------------------------------
a[0]          --      --      --      --      --      -- 
a[1]          --      --      --      --      --      -- 
a[2]          --      --      --      --      --      -- 
a[3]          --      --      --      --      --      -- 
a[4]          --      --      --      --      --      -- 
a[5]          --      --      --      --      --      -- 
a[6]          --      --      --      --      --      -- 
a[7]          --      --      --      --      --      -- 
a[8]          --      --      --      --      --      -- 
a[9]          --      --      --      --      --      -- 
a[10]         --      --      --      --      --      -- 
a[11]         --      --      --      --      --      -- 
a[12]         --      --      --      --      --      -- 
a[13]         --      --      --      --      --      -- 
a[14]         --      --      --      --      --      -- 
a[15]         --      --      --      --      --      -- 
b[0]          --      --      --      --      --      -- 
b[1]          --      --      --      --      --      -- 
b[2]          --      --      --      --      --      -- 
b[3]          --      --      --      --      --      -- 
b[4]          --      --      --      --      --      -- 
b[5]          --      --      --      --      --      -- 
b[6]          --      --      --      --      --      -- 
b[7]          --      --      --      --      --      -- 
b[8]          --      --      --      --      --      -- 
b[9]          --      --      --      --      --      -- 
b[10]         --      --      --      --      --      -- 
b[11]         --      --      --      --      --      -- 
b[12]         --      --      --      --      --      -- 
b[13]         --      --      --      --      --      -- 
b[14]         --      --      --      --      --      -- 
b[15]         --      --      --      --      --      -- 
rnd[0]        --      --      --      --      --      -- 
rnd[1]        --      --      --      --      --      -- 
rnd[2]        --      --      --      --      --      -- 


               Max Drive      Min Drive      Resistance    Min    Min       Cell
Input Port    Rise    Fall   Rise    Fall   Max     Min    Cap    Fanout    Deg
--------------------------------------------------------------------------------
a[0]          --      --     --      --     --      --     --     --        -- 
a[1]          --      --     --      --     --      --     --     --        -- 
a[2]          --      --     --      --     --      --     --     --        -- 
a[3]          --      --     --      --     --      --     --     --        -- 
a[4]          --      --     --      --     --      --     --     --        -- 
a[5]          --      --     --      --     --      --     --     --        -- 
a[6]          --      --     --      --     --      --     --     --        -- 
a[7]          --      --     --      --     --      --     --     --        -- 
a[8]          --      --     --      --     --      --     --     --        -- 
a[9]          --      --     --      --     --      --     --     --        -- 
a[10]         --      --     --      --     --      --     --     --        -- 
a[11]         --      --     --      --     --      --     --     --        -- 
a[12]         --      --     --      --     --      --     --     --        -- 
a[13]         --      --     --      --     --      --     --     --        -- 
a[14]         --      --     --      --     --      --     --     --        -- 
a[15]         --      --     --      --     --      --     --     --        -- 
b[0]          --      --     --      --     --      --     --     --        -- 
b[1]          --      --     --      --     --      --     --     --        -- 
b[2]          --      --     --      --     --      --     --     --        -- 
b[3]          --      --     --      --     --      --     --     --        -- 
b[4]          --      --     --      --     --      --     --     --        -- 
b[5]          --      --     --      --     --      --     --     --        -- 
b[6]          --      --     --      --     --      --     --     --        -- 
b[7]          --      --     --      --     --      --     --     --        -- 
b[8]          --      --     --      --     --      --     --     --        -- 
b[9]          --      --     --      --     --      --     --     --        -- 
b[10]         --      --     --      --     --      --     --     --        -- 
b[11]         --      --     --      --     --      --     --     --        -- 
b[12]         --      --     --      --     --      --     --     --        -- 
b[13]         --      --     --      --     --      --     --     --        -- 
b[14]         --      --     --      --     --      --     --     --        -- 
b[15]         --      --     --      --     --      --     --     --        -- 
rnd[0]        --      --     --      --     --      --     --     --        -- 
rnd[1]        --      --     --      --     --      --     --     --        -- 
rnd[2]        --      --     --      --     --      --     --     --        -- 


               Max Tran        Min Tran
Input Port    Rise    Fall    Rise    Fall
--------------------------------------------------------------------------------
a[0]          --      --      --      -- 
a[1]          --      --      --      -- 
a[2]          --      --      --      -- 
a[3]          --      --      --      -- 
a[4]          --      --      --      -- 
a[5]          --      --      --      -- 
a[6]          --      --      --      -- 
a[7]          --      --      --      -- 
a[8]          --      --      --      -- 
a[9]          --      --      --      -- 
a[10]         --      --      --      -- 
a[11]         --      --      --      -- 
a[12]         --      --      --      -- 
a[13]         --      --      --      -- 
a[14]         --      --      --      -- 
a[15]         --      --      --      -- 
b[0]          --      --      --      -- 
b[1]          --      --      --      -- 
b[2]          --      --      --      -- 
b[3]          --      --      --      -- 
b[4]          --      --      --      -- 
b[5]          --      --      --      -- 
b[6]          --      --      --      -- 
b[7]          --      --      --      -- 
b[8]          --      --      --      -- 
b[9]          --      --      --      -- 
b[10]         --      --      --      -- 
b[11]         --      --      --      -- 
b[12]         --      --      --      -- 
b[13]         --      --      --      -- 
b[14]         --      --      --      -- 
b[15]         --      --      --      -- 
rnd[0]        --      --      --      -- 
rnd[1]        --      --      --      -- 
rnd[2]        --      --      --      -- 


                    Output Delay
                  Min             Max      Related  Fanout
Output Port   Rise    Fall    Rise    Fall  Clock     Load
--------------------------------------------------------------------------------
o[0]          --      --      --      --      --      0.00
o[1]          --      --      --      --      --      0.00
o[2]          --      --      --      --      --      0.00
o[3]          --      --      --      --      --      0.00
o[4]          --      --      --      --      --      0.00
o[5]          --      --      --      --      --      0.00
o[6]          --      --      --      --      --      0.00
o[7]          --      --      --      --      --      0.00
o[8]          --      --      --      --      --      0.00
o[9]          --      --      --      --      --      0.00
o[10]         --      --      --      --      --      0.00
o[11]         --      --      --      --      --      0.00
o[12]         --      --      --      --      --      0.00
o[13]         --      --      --      --      --      0.00
o[14]         --      --      --      --      --      0.00
o[15]         --      --      --      --      --      0.00
status[0]     --      --      --      --      --      0.00
status[1]     --      --      --      --      --      0.00
status[2]     --      --      --      --      --      0.00
status[3]     --      --      --      --      --      0.00
status[4]     --      --      --      --      --      0.00
status[5]     --      --      --      --      --      0.00
status[6]     --      --      --      --      --      0.00
status[7]     --      --      --      --      --      0.00

1
