 
****************************************
Report : area
Design : add_float32
Version: U-2022.12-SP7-3
Date   : Thu Apr 10 19:45:51 2025
****************************************

Library(s) Used:

    tcbn65lptc (File: /technology/TSMC_65nm_MS_RF_LP_1.2_2.5V_full/STD/TSMCHOME/digital/Front_End/timing_power_noise/NLDM/tcbn65lp_220a/tcbn65lptc.db)

Number of ports:                          107
Number of nets:                          1202
Number of cells:                         1106
Number of combinational cells:           1104
Number of sequential cells:                 0
Number of macros/black boxes:               0
Number of buf/inv:                        216
Number of references:                      19

Combinational area:               2329.200039
Buf/Inv area:                      233.280009
Noncombinational area:               0.000000
Macro/Black Box area:                0.000000
Net Interconnect area:      undefined  (Wire load has zero net area)

Total cell area:                  2329.200039
Total area:                 undefined
1
