 
****************************************
Report : timing
        -path full
        -delay max
        -nworst 50
        -max_paths 50
Design : mul_int8
Version: U-2022.12-SP7-3
Date   : Wed Mar 12 13:44:34 2025
****************************************

Operating Conditions: NCCOM   Library: tcbn65lptc
Wire Load Model Mode: segmented

  Startpoint: b[2] (input port)
  Endpoint: o[7] (output port)
  Path Group: (none)
  Path Type: max

  Des/Clust/Port     Wire Load Model       Library
  ------------------------------------------------
  mul_int8           ZeroWireload          tcbn65lptc

  Point                                    Incr       Path
  -----------------------------------------------------------
  input external delay                     0.00       0.00 r
  b[2] (in)                                0.00       0.00 r
  U20/ZN (ND4D0)                           0.10       0.10 f
  U21/ZN (INVD0)                           0.05       0.15 r
  U22/ZN (AOI21D0)                         0.04       0.19 f
  U34/CO (FA1D0)                           0.17       0.36 f
  U33/CO (FA1D0)                           0.13       0.49 f
  U51/CO (FA1D0)                           0.13       0.62 f
  U64/CO (FA1D0)                           0.08       0.70 f
  U67/CO (FA1D0)                           0.09       0.79 f
  U68/ZN (INVD0)                           0.03       0.82 r
  U70/ZN (MUX2ND0)                         0.04       0.86 f
  U71/ZN (MUX2ND0)                         0.07       0.93 f
  U97/S (FA1D0)                            0.15       1.09 r
  o[7] (out)                               0.00       1.09 r
  data arrival time                                   1.09
  -----------------------------------------------------------
  (Path is unconstrained)


  Startpoint: b[2] (input port)
  Endpoint: o[7] (output port)
  Path Group: (none)
  Path Type: max

  Des/Clust/Port     Wire Load Model       Library
  ------------------------------------------------
  mul_int8           ZeroWireload          tcbn65lptc

  Point                                    Incr       Path
  -----------------------------------------------------------
  input external delay                     0.00       0.00 r
  b[2] (in)                                0.00       0.00 r
  U20/ZN (ND4D0)                           0.10       0.10 f
  U21/ZN (INVD0)                           0.05       0.15 r
  U22/ZN (AOI21D0)                         0.04       0.19 f
  U34/CO (FA1D0)                           0.17       0.36 f
  U33/CO (FA1D0)                           0.13       0.49 f
  U51/CO (FA1D0)                           0.13       0.62 f
  U64/CO (FA1D0)                           0.08       0.70 f
  U67/CO (FA1D0)                           0.09       0.79 f
  U68/ZN (INVD0)                           0.03       0.82 r
  U70/ZN (MUX2ND0)                         0.04       0.86 f
  U71/ZN (MUX2ND0)                         0.07       0.93 f
  U97/S (FA1D0)                            0.15       1.09 r
  o[7] (out)                               0.00       1.09 r
  data arrival time                                   1.09
  -----------------------------------------------------------
  (Path is unconstrained)


  Startpoint: b[2] (input port)
  Endpoint: o[7] (output port)
  Path Group: (none)
  Path Type: max

  Des/Clust/Port     Wire Load Model       Library
  ------------------------------------------------
  mul_int8           ZeroWireload          tcbn65lptc

  Point                                    Incr       Path
  -----------------------------------------------------------
  input external delay                     0.00       0.00 r
  b[2] (in)                                0.00       0.00 r
  U20/ZN (ND4D0)                           0.10       0.10 f
  U21/ZN (INVD0)                           0.05       0.15 r
  U22/ZN (AOI21D0)                         0.04       0.19 f
  U34/CO (FA1D0)                           0.17       0.36 f
  U33/CO (FA1D0)                           0.13       0.49 f
  U51/CO (FA1D0)                           0.13       0.62 f
  U64/CO (FA1D0)                           0.08       0.70 f
  U67/CO (FA1D0)                           0.09       0.79 f
  U68/ZN (INVD0)                           0.03       0.82 r
  U70/ZN (MUX2ND0)                         0.04       0.86 f
  U71/ZN (MUX2ND0)                         0.07       0.93 f
  U97/S (FA1D0)                            0.15       1.09 r
  o[7] (out)                               0.00       1.09 r
  data arrival time                                   1.09
  -----------------------------------------------------------
  (Path is unconstrained)


  Startpoint: b[2] (input port)
  Endpoint: o[7] (output port)
  Path Group: (none)
  Path Type: max

  Des/Clust/Port     Wire Load Model       Library
  ------------------------------------------------
  mul_int8           ZeroWireload          tcbn65lptc

  Point                                    Incr       Path
  -----------------------------------------------------------
  input external delay                     0.00       0.00 r
  b[2] (in)                                0.00       0.00 r
  U20/ZN (ND4D0)                           0.10       0.10 f
  U21/ZN (INVD0)                           0.05       0.15 r
  U22/ZN (AOI21D0)                         0.04       0.19 f
  U34/CO (FA1D0)                           0.17       0.36 f
  U33/CO (FA1D0)                           0.13       0.49 f
  U51/CO (FA1D0)                           0.13       0.62 f
  U64/CO (FA1D0)                           0.08       0.70 f
  U67/CO (FA1D0)                           0.09       0.79 f
  U68/ZN (INVD0)                           0.03       0.82 r
  U70/ZN (MUX2ND0)                         0.04       0.86 f
  U71/ZN (MUX2ND0)                         0.07       0.93 f
  U97/S (FA1D0)                            0.15       1.09 r
  o[7] (out)                               0.00       1.09 r
  data arrival time                                   1.09
  -----------------------------------------------------------
  (Path is unconstrained)


  Startpoint: b[2] (input port)
  Endpoint: o[7] (output port)
  Path Group: (none)
  Path Type: max

  Des/Clust/Port     Wire Load Model       Library
  ------------------------------------------------
  mul_int8           ZeroWireload          tcbn65lptc

  Point                                    Incr       Path
  -----------------------------------------------------------
  input external delay                     0.00       0.00 r
  b[2] (in)                                0.00       0.00 r
  U20/ZN (ND4D0)                           0.10       0.10 f
  U21/ZN (INVD0)                           0.05       0.15 r
  U22/ZN (AOI21D0)                         0.04       0.19 f
  U34/CO (FA1D0)                           0.17       0.36 f
  U33/CO (FA1D0)                           0.13       0.49 f
  U51/CO (FA1D0)                           0.13       0.62 f
  U64/CO (FA1D0)                           0.08       0.70 f
  U67/CO (FA1D0)                           0.09       0.79 f
  U68/ZN (INVD0)                           0.03       0.82 r
  U70/ZN (MUX2ND0)                         0.04       0.86 f
  U71/ZN (MUX2ND0)                         0.07       0.93 f
  U97/S (FA1D0)                            0.15       1.09 f
  o[7] (out)                               0.00       1.09 f
  data arrival time                                   1.09
  -----------------------------------------------------------
  (Path is unconstrained)


  Startpoint: b[2] (input port)
  Endpoint: o[7] (output port)
  Path Group: (none)
  Path Type: max

  Des/Clust/Port     Wire Load Model       Library
  ------------------------------------------------
  mul_int8           ZeroWireload          tcbn65lptc

  Point                                    Incr       Path
  -----------------------------------------------------------
  input external delay                     0.00       0.00 r
  b[2] (in)                                0.00       0.00 r
  U20/ZN (ND4D0)                           0.10       0.10 f
  U21/ZN (INVD0)                           0.05       0.15 r
  U22/ZN (AOI21D0)                         0.04       0.19 f
  U34/CO (FA1D0)                           0.17       0.36 f
  U33/CO (FA1D0)                           0.13       0.49 f
  U51/CO (FA1D0)                           0.13       0.62 f
  U64/CO (FA1D0)                           0.08       0.70 f
  U67/CO (FA1D0)                           0.09       0.79 f
  U68/ZN (INVD0)                           0.03       0.82 r
  U70/ZN (MUX2ND0)                         0.04       0.86 f
  U71/ZN (MUX2ND0)                         0.07       0.93 f
  U97/S (FA1D0)                            0.15       1.09 f
  o[7] (out)                               0.00       1.09 f
  data arrival time                                   1.09
  -----------------------------------------------------------
  (Path is unconstrained)


  Startpoint: b[2] (input port)
  Endpoint: o[7] (output port)
  Path Group: (none)
  Path Type: max

  Des/Clust/Port     Wire Load Model       Library
  ------------------------------------------------
  mul_int8           ZeroWireload          tcbn65lptc

  Point                                    Incr       Path
  -----------------------------------------------------------
  input external delay                     0.00       0.00 r
  b[2] (in)                                0.00       0.00 r
  U20/ZN (ND4D0)                           0.10       0.10 f
  U21/ZN (INVD0)                           0.05       0.15 r
  U22/ZN (AOI21D0)                         0.04       0.19 f
  U34/CO (FA1D0)                           0.17       0.36 f
  U33/CO (FA1D0)                           0.13       0.49 f
  U51/CO (FA1D0)                           0.13       0.62 f
  U64/CO (FA1D0)                           0.08       0.70 f
  U67/CO (FA1D0)                           0.09       0.79 f
  U68/ZN (INVD0)                           0.03       0.82 r
  U70/ZN (MUX2ND0)                         0.04       0.86 f
  U71/ZN (MUX2ND0)                         0.07       0.93 f
  U97/S (FA1D0)                            0.15       1.09 f
  o[7] (out)                               0.00       1.09 f
  data arrival time                                   1.09
  -----------------------------------------------------------
  (Path is unconstrained)


  Startpoint: b[2] (input port)
  Endpoint: o[7] (output port)
  Path Group: (none)
  Path Type: max

  Des/Clust/Port     Wire Load Model       Library
  ------------------------------------------------
  mul_int8           ZeroWireload          tcbn65lptc

  Point                                    Incr       Path
  -----------------------------------------------------------
  input external delay                     0.00       0.00 r
  b[2] (in)                                0.00       0.00 r
  U20/ZN (ND4D0)                           0.10       0.10 f
  U21/ZN (INVD0)                           0.05       0.15 r
  U22/ZN (AOI21D0)                         0.04       0.19 f
  U34/CO (FA1D0)                           0.17       0.36 f
  U33/CO (FA1D0)                           0.13       0.49 f
  U51/CO (FA1D0)                           0.13       0.62 f
  U64/CO (FA1D0)                           0.08       0.70 f
  U67/CO (FA1D0)                           0.09       0.79 f
  U68/ZN (INVD0)                           0.03       0.82 r
  U70/ZN (MUX2ND0)                         0.04       0.86 f
  U71/ZN (MUX2ND0)                         0.07       0.93 f
  U97/S (FA1D0)                            0.15       1.09 f
  o[7] (out)                               0.00       1.09 f
  data arrival time                                   1.09
  -----------------------------------------------------------
  (Path is unconstrained)


  Startpoint: b[2] (input port)
  Endpoint: o[7] (output port)
  Path Group: (none)
  Path Type: max

  Des/Clust/Port     Wire Load Model       Library
  ------------------------------------------------
  mul_int8           ZeroWireload          tcbn65lptc

  Point                                    Incr       Path
  -----------------------------------------------------------
  input external delay                     0.00       0.00 r
  b[2] (in)                                0.00       0.00 r
  U20/ZN (ND4D0)                           0.10       0.10 f
  U21/ZN (INVD0)                           0.05       0.15 r
  U22/ZN (AOI21D0)                         0.04       0.19 f
  U34/CO (FA1D0)                           0.17       0.36 f
  U33/CO (FA1D0)                           0.13       0.49 f
  U51/CO (FA1D0)                           0.13       0.62 f
  U64/CO (FA1D0)                           0.08       0.70 f
  U67/CO (FA1D0)                           0.09       0.79 f
  U68/ZN (INVD0)                           0.03       0.82 r
  U70/ZN (MUX2ND0)                         0.04       0.86 f
  U71/ZN (MUX2ND0)                         0.07       0.93 f
  U97/S (FA1D0)                            0.15       1.09 r
  o[7] (out)                               0.00       1.09 r
  data arrival time                                   1.09
  -----------------------------------------------------------
  (Path is unconstrained)


  Startpoint: b[2] (input port)
  Endpoint: o[7] (output port)
  Path Group: (none)
  Path Type: max

  Des/Clust/Port     Wire Load Model       Library
  ------------------------------------------------
  mul_int8           ZeroWireload          tcbn65lptc

  Point                                    Incr       Path
  -----------------------------------------------------------
  input external delay                     0.00       0.00 r
  b[2] (in)                                0.00       0.00 r
  U20/ZN (ND4D0)                           0.10       0.10 f
  U21/ZN (INVD0)                           0.05       0.15 r
  U22/ZN (AOI21D0)                         0.04       0.19 f
  U34/CO (FA1D0)                           0.17       0.36 f
  U33/CO (FA1D0)                           0.13       0.49 f
  U51/CO (FA1D0)                           0.13       0.62 f
  U64/CO (FA1D0)                           0.08       0.70 f
  U67/CO (FA1D0)                           0.09       0.79 f
  U68/ZN (INVD0)                           0.03       0.82 r
  U70/ZN (MUX2ND0)                         0.04       0.86 f
  U71/ZN (MUX2ND0)                         0.07       0.93 f
  U97/S (FA1D0)                            0.15       1.09 r
  o[7] (out)                               0.00       1.09 r
  data arrival time                                   1.09
  -----------------------------------------------------------
  (Path is unconstrained)


  Startpoint: b[2] (input port)
  Endpoint: o[7] (output port)
  Path Group: (none)
  Path Type: max

  Des/Clust/Port     Wire Load Model       Library
  ------------------------------------------------
  mul_int8           ZeroWireload          tcbn65lptc

  Point                                    Incr       Path
  -----------------------------------------------------------
  input external delay                     0.00       0.00 r
  b[2] (in)                                0.00       0.00 r
  U20/ZN (ND4D0)                           0.10       0.10 f
  U21/ZN (INVD0)                           0.05       0.15 r
  U22/ZN (AOI21D0)                         0.04       0.19 f
  U34/CO (FA1D0)                           0.17       0.36 f
  U33/CO (FA1D0)                           0.13       0.49 f
  U51/CO (FA1D0)                           0.13       0.62 f
  U64/CO (FA1D0)                           0.08       0.70 f
  U67/CO (FA1D0)                           0.09       0.79 f
  U68/ZN (INVD0)                           0.03       0.82 r
  U70/ZN (MUX2ND0)                         0.04       0.86 f
  U71/ZN (MUX2ND0)                         0.07       0.93 f
  U97/S (FA1D0)                            0.15       1.09 r
  o[7] (out)                               0.00       1.09 r
  data arrival time                                   1.09
  -----------------------------------------------------------
  (Path is unconstrained)


  Startpoint: b[2] (input port)
  Endpoint: o[7] (output port)
  Path Group: (none)
  Path Type: max

  Des/Clust/Port     Wire Load Model       Library
  ------------------------------------------------
  mul_int8           ZeroWireload          tcbn65lptc

  Point                                    Incr       Path
  -----------------------------------------------------------
  input external delay                     0.00       0.00 r
  b[2] (in)                                0.00       0.00 r
  U20/ZN (ND4D0)                           0.10       0.10 f
  U21/ZN (INVD0)                           0.05       0.15 r
  U22/ZN (AOI21D0)                         0.04       0.19 f
  U34/CO (FA1D0)                           0.17       0.36 f
  U33/CO (FA1D0)                           0.13       0.49 f
  U51/CO (FA1D0)                           0.13       0.62 f
  U64/CO (FA1D0)                           0.08       0.70 f
  U67/CO (FA1D0)                           0.09       0.79 f
  U68/ZN (INVD0)                           0.03       0.82 r
  U70/ZN (MUX2ND0)                         0.04       0.86 f
  U71/ZN (MUX2ND0)                         0.07       0.93 f
  U97/S (FA1D0)                            0.15       1.08 r
  o[7] (out)                               0.00       1.08 r
  data arrival time                                   1.08
  -----------------------------------------------------------
  (Path is unconstrained)


  Startpoint: b[2] (input port)
  Endpoint: o[7] (output port)
  Path Group: (none)
  Path Type: max

  Des/Clust/Port     Wire Load Model       Library
  ------------------------------------------------
  mul_int8           ZeroWireload          tcbn65lptc

  Point                                    Incr       Path
  -----------------------------------------------------------
  input external delay                     0.00       0.00 r
  b[2] (in)                                0.00       0.00 r
  U20/ZN (ND4D0)                           0.10       0.10 f
  U21/ZN (INVD0)                           0.05       0.15 r
  U22/ZN (AOI21D0)                         0.04       0.19 f
  U34/CO (FA1D0)                           0.17       0.36 f
  U33/CO (FA1D0)                           0.13       0.49 f
  U51/CO (FA1D0)                           0.13       0.62 f
  U64/CO (FA1D0)                           0.08       0.70 f
  U67/CO (FA1D0)                           0.09       0.79 f
  U68/ZN (INVD0)                           0.03       0.82 r
  U70/ZN (MUX2ND0)                         0.04       0.86 f
  U71/ZN (MUX2ND0)                         0.07       0.93 f
  U97/S (FA1D0)                            0.15       1.08 r
  o[7] (out)                               0.00       1.08 r
  data arrival time                                   1.08
  -----------------------------------------------------------
  (Path is unconstrained)


  Startpoint: b[2] (input port)
  Endpoint: o[7] (output port)
  Path Group: (none)
  Path Type: max

  Des/Clust/Port     Wire Load Model       Library
  ------------------------------------------------
  mul_int8           ZeroWireload          tcbn65lptc

  Point                                    Incr       Path
  -----------------------------------------------------------
  input external delay                     0.00       0.00 r
  b[2] (in)                                0.00       0.00 r
  U20/ZN (ND4D0)                           0.10       0.10 f
  U21/ZN (INVD0)                           0.05       0.15 r
  U22/ZN (AOI21D0)                         0.04       0.19 f
  U34/CO (FA1D0)                           0.17       0.36 f
  U33/CO (FA1D0)                           0.13       0.49 f
  U51/CO (FA1D0)                           0.13       0.62 f
  U64/CO (FA1D0)                           0.08       0.70 f
  U67/CO (FA1D0)                           0.09       0.79 f
  U68/ZN (INVD0)                           0.03       0.82 r
  U70/ZN (MUX2ND0)                         0.04       0.86 f
  U71/ZN (MUX2ND0)                         0.07       0.93 f
  U97/S (FA1D0)                            0.15       1.08 r
  o[7] (out)                               0.00       1.08 r
  data arrival time                                   1.08
  -----------------------------------------------------------
  (Path is unconstrained)


  Startpoint: b[2] (input port)
  Endpoint: o[7] (output port)
  Path Group: (none)
  Path Type: max

  Des/Clust/Port     Wire Load Model       Library
  ------------------------------------------------
  mul_int8           ZeroWireload          tcbn65lptc

  Point                                    Incr       Path
  -----------------------------------------------------------
  input external delay                     0.00       0.00 r
  b[2] (in)                                0.00       0.00 r
  U20/ZN (ND4D0)                           0.10       0.10 f
  U21/ZN (INVD0)                           0.05       0.15 r
  U22/ZN (AOI21D0)                         0.04       0.19 f
  U34/CO (FA1D0)                           0.17       0.36 f
  U33/CO (FA1D0)                           0.13       0.49 f
  U51/CO (FA1D0)                           0.13       0.62 f
  U64/CO (FA1D0)                           0.08       0.70 f
  U67/CO (FA1D0)                           0.09       0.79 f
  U68/ZN (INVD0)                           0.03       0.82 r
  U70/ZN (MUX2ND0)                         0.04       0.86 f
  U71/ZN (MUX2ND0)                         0.07       0.93 f
  U97/S (FA1D0)                            0.15       1.08 r
  o[7] (out)                               0.00       1.08 r
  data arrival time                                   1.08
  -----------------------------------------------------------
  (Path is unconstrained)


  Startpoint: b[2] (input port)
  Endpoint: o[7] (output port)
  Path Group: (none)
  Path Type: max

  Des/Clust/Port     Wire Load Model       Library
  ------------------------------------------------
  mul_int8           ZeroWireload          tcbn65lptc

  Point                                    Incr       Path
  -----------------------------------------------------------
  input external delay                     0.00       0.00 r
  b[2] (in)                                0.00       0.00 r
  U20/ZN (ND4D0)                           0.10       0.10 f
  U21/ZN (INVD0)                           0.05       0.15 r
  U22/ZN (AOI21D0)                         0.04       0.19 f
  U34/CO (FA1D0)                           0.17       0.36 f
  U33/CO (FA1D0)                           0.13       0.49 f
  U51/CO (FA1D0)                           0.13       0.62 f
  U64/CO (FA1D0)                           0.08       0.70 f
  U67/CO (FA1D0)                           0.09       0.79 f
  U68/ZN (INVD0)                           0.03       0.82 r
  U70/ZN (MUX2ND0)                         0.04       0.86 f
  U71/ZN (MUX2ND0)                         0.07       0.93 f
  U97/S (FA1D0)                            0.15       1.08 r
  o[7] (out)                               0.00       1.08 r
  data arrival time                                   1.08
  -----------------------------------------------------------
  (Path is unconstrained)


  Startpoint: a[1] (input port)
  Endpoint: o[7] (output port)
  Path Group: (none)
  Path Type: max

  Des/Clust/Port     Wire Load Model       Library
  ------------------------------------------------
  mul_int8           ZeroWireload          tcbn65lptc

  Point                                    Incr       Path
  -----------------------------------------------------------
  input external delay                     0.00       0.00 r
  a[1] (in)                                0.00       0.00 r
  U20/ZN (ND4D0)                           0.10       0.10 f
  U21/ZN (INVD0)                           0.05       0.15 r
  U22/ZN (AOI21D0)                         0.04       0.19 f
  U34/CO (FA1D0)                           0.17       0.36 f
  U33/CO (FA1D0)                           0.13       0.49 f
  U51/CO (FA1D0)                           0.13       0.62 f
  U64/CO (FA1D0)                           0.08       0.70 f
  U67/CO (FA1D0)                           0.09       0.79 f
  U68/ZN (INVD0)                           0.03       0.82 r
  U70/ZN (MUX2ND0)                         0.04       0.86 f
  U71/ZN (MUX2ND0)                         0.07       0.93 f
  U97/S (FA1D0)                            0.15       1.08 r
  o[7] (out)                               0.00       1.08 r
  data arrival time                                   1.08
  -----------------------------------------------------------
  (Path is unconstrained)


  Startpoint: b[2] (input port)
  Endpoint: o[7] (output port)
  Path Group: (none)
  Path Type: max

  Des/Clust/Port     Wire Load Model       Library
  ------------------------------------------------
  mul_int8           ZeroWireload          tcbn65lptc

  Point                                    Incr       Path
  -----------------------------------------------------------
  input external delay                     0.00       0.00 r
  b[2] (in)                                0.00       0.00 r
  U20/ZN (ND4D0)                           0.10       0.10 f
  U21/ZN (INVD0)                           0.05       0.15 r
  U22/ZN (AOI21D0)                         0.04       0.19 f
  U34/CO (FA1D0)                           0.17       0.36 f
  U33/CO (FA1D0)                           0.13       0.49 f
  U51/CO (FA1D0)                           0.13       0.62 f
  U64/CO (FA1D0)                           0.08       0.70 f
  U67/CO (FA1D0)                           0.09       0.79 f
  U68/ZN (INVD0)                           0.03       0.82 r
  U70/ZN (MUX2ND0)                         0.04       0.86 f
  U71/ZN (MUX2ND0)                         0.07       0.93 f
  U97/S (FA1D0)                            0.15       1.08 f
  o[7] (out)                               0.00       1.08 f
  data arrival time                                   1.08
  -----------------------------------------------------------
  (Path is unconstrained)


  Startpoint: a[1] (input port)
  Endpoint: o[7] (output port)
  Path Group: (none)
  Path Type: max

  Des/Clust/Port     Wire Load Model       Library
  ------------------------------------------------
  mul_int8           ZeroWireload          tcbn65lptc

  Point                                    Incr       Path
  -----------------------------------------------------------
  input external delay                     0.00       0.00 r
  a[1] (in)                                0.00       0.00 r
  U20/ZN (ND4D0)                           0.10       0.10 f
  U21/ZN (INVD0)                           0.05       0.15 r
  U22/ZN (AOI21D0)                         0.04       0.19 f
  U34/CO (FA1D0)                           0.17       0.36 f
  U33/CO (FA1D0)                           0.13       0.49 f
  U51/CO (FA1D0)                           0.13       0.62 f
  U64/CO (FA1D0)                           0.08       0.70 f
  U67/CO (FA1D0)                           0.09       0.79 f
  U68/ZN (INVD0)                           0.03       0.82 r
  U70/ZN (MUX2ND0)                         0.04       0.86 f
  U71/ZN (MUX2ND0)                         0.07       0.93 f
  U97/S (FA1D0)                            0.15       1.08 r
  o[7] (out)                               0.00       1.08 r
  data arrival time                                   1.08
  -----------------------------------------------------------
  (Path is unconstrained)


  Startpoint: a[1] (input port)
  Endpoint: o[7] (output port)
  Path Group: (none)
  Path Type: max

  Des/Clust/Port     Wire Load Model       Library
  ------------------------------------------------
  mul_int8           ZeroWireload          tcbn65lptc

  Point                                    Incr       Path
  -----------------------------------------------------------
  input external delay                     0.00       0.00 r
  a[1] (in)                                0.00       0.00 r
  U20/ZN (ND4D0)                           0.10       0.10 f
  U21/ZN (INVD0)                           0.05       0.15 r
  U22/ZN (AOI21D0)                         0.04       0.19 f
  U34/CO (FA1D0)                           0.17       0.36 f
  U33/CO (FA1D0)                           0.13       0.49 f
  U51/CO (FA1D0)                           0.13       0.62 f
  U64/CO (FA1D0)                           0.08       0.70 f
  U67/CO (FA1D0)                           0.09       0.79 f
  U68/ZN (INVD0)                           0.03       0.82 r
  U70/ZN (MUX2ND0)                         0.04       0.86 f
  U71/ZN (MUX2ND0)                         0.07       0.93 f
  U97/S (FA1D0)                            0.15       1.08 r
  o[7] (out)                               0.00       1.08 r
  data arrival time                                   1.08
  -----------------------------------------------------------
  (Path is unconstrained)


  Startpoint: b[2] (input port)
  Endpoint: o[7] (output port)
  Path Group: (none)
  Path Type: max

  Des/Clust/Port     Wire Load Model       Library
  ------------------------------------------------
  mul_int8           ZeroWireload          tcbn65lptc

  Point                                    Incr       Path
  -----------------------------------------------------------
  input external delay                     0.00       0.00 r
  b[2] (in)                                0.00       0.00 r
  U20/ZN (ND4D0)                           0.10       0.10 f
  U21/ZN (INVD0)                           0.05       0.15 r
  U22/ZN (AOI21D0)                         0.04       0.19 f
  U34/CO (FA1D0)                           0.17       0.36 f
  U33/CO (FA1D0)                           0.13       0.49 f
  U51/CO (FA1D0)                           0.13       0.62 f
  U64/CO (FA1D0)                           0.08       0.70 f
  U67/CO (FA1D0)                           0.09       0.79 f
  U68/ZN (INVD0)                           0.03       0.82 r
  U70/ZN (MUX2ND0)                         0.04       0.86 f
  U71/ZN (MUX2ND0)                         0.07       0.93 f
  U97/S (FA1D0)                            0.15       1.08 f
  o[7] (out)                               0.00       1.08 f
  data arrival time                                   1.08
  -----------------------------------------------------------
  (Path is unconstrained)


  Startpoint: b[2] (input port)
  Endpoint: o[7] (output port)
  Path Group: (none)
  Path Type: max

  Des/Clust/Port     Wire Load Model       Library
  ------------------------------------------------
  mul_int8           ZeroWireload          tcbn65lptc

  Point                                    Incr       Path
  -----------------------------------------------------------
  input external delay                     0.00       0.00 r
  b[2] (in)                                0.00       0.00 r
  U20/ZN (ND4D0)                           0.10       0.10 f
  U21/ZN (INVD0)                           0.05       0.15 r
  U22/ZN (AOI21D0)                         0.04       0.19 f
  U34/CO (FA1D0)                           0.17       0.36 f
  U33/CO (FA1D0)                           0.13       0.49 f
  U51/CO (FA1D0)                           0.13       0.62 f
  U64/CO (FA1D0)                           0.08       0.70 f
  U67/CO (FA1D0)                           0.09       0.79 f
  U68/ZN (INVD0)                           0.03       0.82 r
  U70/ZN (MUX2ND0)                         0.04       0.86 f
  U71/ZN (MUX2ND0)                         0.07       0.93 f
  U97/S (FA1D0)                            0.15       1.08 f
  o[7] (out)                               0.00       1.08 f
  data arrival time                                   1.08
  -----------------------------------------------------------
  (Path is unconstrained)


  Startpoint: a[1] (input port)
  Endpoint: o[7] (output port)
  Path Group: (none)
  Path Type: max

  Des/Clust/Port     Wire Load Model       Library
  ------------------------------------------------
  mul_int8           ZeroWireload          tcbn65lptc

  Point                                    Incr       Path
  -----------------------------------------------------------
  input external delay                     0.00       0.00 r
  a[1] (in)                                0.00       0.00 r
  U20/ZN (ND4D0)                           0.10       0.10 f
  U21/ZN (INVD0)                           0.05       0.15 r
  U22/ZN (AOI21D0)                         0.04       0.19 f
  U34/CO (FA1D0)                           0.17       0.36 f
  U33/CO (FA1D0)                           0.13       0.49 f
  U51/CO (FA1D0)                           0.13       0.62 f
  U64/CO (FA1D0)                           0.08       0.70 f
  U67/CO (FA1D0)                           0.09       0.79 f
  U68/ZN (INVD0)                           0.03       0.82 r
  U70/ZN (MUX2ND0)                         0.04       0.86 f
  U71/ZN (MUX2ND0)                         0.07       0.93 f
  U97/S (FA1D0)                            0.15       1.08 r
  o[7] (out)                               0.00       1.08 r
  data arrival time                                   1.08
  -----------------------------------------------------------
  (Path is unconstrained)


  Startpoint: b[2] (input port)
  Endpoint: o[7] (output port)
  Path Group: (none)
  Path Type: max

  Des/Clust/Port     Wire Load Model       Library
  ------------------------------------------------
  mul_int8           ZeroWireload          tcbn65lptc

  Point                                    Incr       Path
  -----------------------------------------------------------
  input external delay                     0.00       0.00 r
  b[2] (in)                                0.00       0.00 r
  U20/ZN (ND4D0)                           0.10       0.10 f
  U21/ZN (INVD0)                           0.05       0.15 r
  U22/ZN (AOI21D0)                         0.04       0.19 f
  U34/CO (FA1D0)                           0.17       0.36 f
  U33/CO (FA1D0)                           0.13       0.49 f
  U51/CO (FA1D0)                           0.13       0.62 f
  U64/CO (FA1D0)                           0.08       0.70 f
  U67/CO (FA1D0)                           0.09       0.79 f
  U68/ZN (INVD0)                           0.03       0.82 r
  U70/ZN (MUX2ND0)                         0.04       0.86 f
  U71/ZN (MUX2ND0)                         0.07       0.93 f
  U97/S (FA1D0)                            0.15       1.08 f
  o[7] (out)                               0.00       1.08 f
  data arrival time                                   1.08
  -----------------------------------------------------------
  (Path is unconstrained)


  Startpoint: b[2] (input port)
  Endpoint: o[7] (output port)
  Path Group: (none)
  Path Type: max

  Des/Clust/Port     Wire Load Model       Library
  ------------------------------------------------
  mul_int8           ZeroWireload          tcbn65lptc

  Point                                    Incr       Path
  -----------------------------------------------------------
  input external delay                     0.00       0.00 r
  b[2] (in)                                0.00       0.00 r
  U20/ZN (ND4D0)                           0.10       0.10 f
  U21/ZN (INVD0)                           0.05       0.15 r
  U22/ZN (AOI21D0)                         0.04       0.19 f
  U34/CO (FA1D0)                           0.17       0.36 f
  U33/CO (FA1D0)                           0.13       0.49 f
  U51/CO (FA1D0)                           0.13       0.62 f
  U64/CO (FA1D0)                           0.08       0.70 f
  U67/CO (FA1D0)                           0.09       0.79 f
  U68/ZN (INVD0)                           0.03       0.82 r
  U70/ZN (MUX2ND0)                         0.04       0.86 f
  U71/ZN (MUX2ND0)                         0.07       0.93 f
  U97/S (FA1D0)                            0.15       1.08 f
  o[7] (out)                               0.00       1.08 f
  data arrival time                                   1.08
  -----------------------------------------------------------
  (Path is unconstrained)


  Startpoint: b[2] (input port)
  Endpoint: o[7] (output port)
  Path Group: (none)
  Path Type: max

  Des/Clust/Port     Wire Load Model       Library
  ------------------------------------------------
  mul_int8           ZeroWireload          tcbn65lptc

  Point                                    Incr       Path
  -----------------------------------------------------------
  input external delay                     0.00       0.00 r
  b[2] (in)                                0.00       0.00 r
  U20/ZN (ND4D0)                           0.10       0.10 f
  U21/ZN (INVD0)                           0.05       0.15 r
  U22/ZN (AOI21D0)                         0.04       0.19 f
  U34/CO (FA1D0)                           0.17       0.36 f
  U33/CO (FA1D0)                           0.13       0.49 f
  U51/CO (FA1D0)                           0.13       0.62 f
  U64/CO (FA1D0)                           0.08       0.70 f
  U67/CO (FA1D0)                           0.09       0.79 f
  U68/ZN (INVD0)                           0.03       0.82 r
  U70/ZN (MUX2ND0)                         0.04       0.86 f
  U71/ZN (MUX2ND0)                         0.07       0.93 f
  U97/S (FA1D0)                            0.15       1.08 f
  o[7] (out)                               0.00       1.08 f
  data arrival time                                   1.08
  -----------------------------------------------------------
  (Path is unconstrained)


  Startpoint: b[2] (input port)
  Endpoint: o[7] (output port)
  Path Group: (none)
  Path Type: max

  Des/Clust/Port     Wire Load Model       Library
  ------------------------------------------------
  mul_int8           ZeroWireload          tcbn65lptc

  Point                                    Incr       Path
  -----------------------------------------------------------
  input external delay                     0.00       0.00 r
  b[2] (in)                                0.00       0.00 r
  U20/ZN (ND4D0)                           0.10       0.10 f
  U21/ZN (INVD0)                           0.05       0.15 r
  U22/ZN (AOI21D0)                         0.04       0.19 f
  U34/CO (FA1D0)                           0.17       0.36 f
  U33/CO (FA1D0)                           0.13       0.49 f
  U51/CO (FA1D0)                           0.13       0.62 f
  U64/CO (FA1D0)                           0.08       0.70 f
  U67/CO (FA1D0)                           0.09       0.79 f
  U68/ZN (INVD0)                           0.03       0.82 r
  U70/ZN (MUX2ND0)                         0.04       0.86 f
  U71/ZN (MUX2ND0)                         0.07       0.93 f
  U97/S (FA1D0)                            0.15       1.08 f
  o[7] (out)                               0.00       1.08 f
  data arrival time                                   1.08
  -----------------------------------------------------------
  (Path is unconstrained)


  Startpoint: b[2] (input port)
  Endpoint: o[7] (output port)
  Path Group: (none)
  Path Type: max

  Des/Clust/Port     Wire Load Model       Library
  ------------------------------------------------
  mul_int8           ZeroWireload          tcbn65lptc

  Point                                    Incr       Path
  -----------------------------------------------------------
  input external delay                     0.00       0.00 r
  b[2] (in)                                0.00       0.00 r
  U20/ZN (ND4D0)                           0.10       0.10 f
  U21/ZN (INVD0)                           0.05       0.15 r
  U22/ZN (AOI21D0)                         0.04       0.19 f
  U34/CO (FA1D0)                           0.17       0.36 f
  U33/CO (FA1D0)                           0.13       0.49 f
  U51/CO (FA1D0)                           0.13       0.62 f
  U64/CO (FA1D0)                           0.08       0.70 f
  U67/CO (FA1D0)                           0.09       0.79 f
  U68/ZN (INVD0)                           0.03       0.82 r
  U70/ZN (MUX2ND0)                         0.04       0.86 f
  U71/ZN (MUX2ND0)                         0.07       0.93 f
  U97/S (FA1D0)                            0.15       1.08 f
  o[7] (out)                               0.00       1.08 f
  data arrival time                                   1.08
  -----------------------------------------------------------
  (Path is unconstrained)


  Startpoint: a[1] (input port)
  Endpoint: o[7] (output port)
  Path Group: (none)
  Path Type: max

  Des/Clust/Port     Wire Load Model       Library
  ------------------------------------------------
  mul_int8           ZeroWireload          tcbn65lptc

  Point                                    Incr       Path
  -----------------------------------------------------------
  input external delay                     0.00       0.00 r
  a[1] (in)                                0.00       0.00 r
  U20/ZN (ND4D0)                           0.10       0.10 f
  U21/ZN (INVD0)                           0.05       0.15 r
  U22/ZN (AOI21D0)                         0.04       0.19 f
  U34/CO (FA1D0)                           0.17       0.36 f
  U33/CO (FA1D0)                           0.13       0.49 f
  U51/CO (FA1D0)                           0.13       0.62 f
  U64/CO (FA1D0)                           0.08       0.70 f
  U67/CO (FA1D0)                           0.09       0.79 f
  U68/ZN (INVD0)                           0.03       0.82 r
  U70/ZN (MUX2ND0)                         0.04       0.86 f
  U71/ZN (MUX2ND0)                         0.07       0.93 f
  U97/S (FA1D0)                            0.15       1.08 f
  o[7] (out)                               0.00       1.08 f
  data arrival time                                   1.08
  -----------------------------------------------------------
  (Path is unconstrained)


  Startpoint: a[1] (input port)
  Endpoint: o[7] (output port)
  Path Group: (none)
  Path Type: max

  Des/Clust/Port     Wire Load Model       Library
  ------------------------------------------------
  mul_int8           ZeroWireload          tcbn65lptc

  Point                                    Incr       Path
  -----------------------------------------------------------
  input external delay                     0.00       0.00 r
  a[1] (in)                                0.00       0.00 r
  U20/ZN (ND4D0)                           0.10       0.10 f
  U21/ZN (INVD0)                           0.05       0.15 r
  U22/ZN (AOI21D0)                         0.04       0.19 f
  U34/CO (FA1D0)                           0.17       0.36 f
  U33/CO (FA1D0)                           0.13       0.49 f
  U51/CO (FA1D0)                           0.13       0.62 f
  U64/CO (FA1D0)                           0.08       0.70 f
  U67/CO (FA1D0)                           0.09       0.79 f
  U68/ZN (INVD0)                           0.03       0.82 r
  U70/ZN (MUX2ND0)                         0.04       0.86 f
  U71/ZN (MUX2ND0)                         0.07       0.93 f
  U97/S (FA1D0)                            0.15       1.08 f
  o[7] (out)                               0.00       1.08 f
  data arrival time                                   1.08
  -----------------------------------------------------------
  (Path is unconstrained)


  Startpoint: a[1] (input port)
  Endpoint: o[7] (output port)
  Path Group: (none)
  Path Type: max

  Des/Clust/Port     Wire Load Model       Library
  ------------------------------------------------
  mul_int8           ZeroWireload          tcbn65lptc

  Point                                    Incr       Path
  -----------------------------------------------------------
  input external delay                     0.00       0.00 r
  a[1] (in)                                0.00       0.00 r
  U20/ZN (ND4D0)                           0.10       0.10 f
  U21/ZN (INVD0)                           0.05       0.15 r
  U22/ZN (AOI21D0)                         0.04       0.19 f
  U34/CO (FA1D0)                           0.17       0.36 f
  U33/CO (FA1D0)                           0.13       0.49 f
  U51/CO (FA1D0)                           0.13       0.62 f
  U64/CO (FA1D0)                           0.08       0.70 f
  U67/CO (FA1D0)                           0.09       0.79 f
  U68/ZN (INVD0)                           0.03       0.82 r
  U70/ZN (MUX2ND0)                         0.04       0.86 f
  U71/ZN (MUX2ND0)                         0.07       0.93 f
  U97/S (FA1D0)                            0.15       1.08 f
  o[7] (out)                               0.00       1.08 f
  data arrival time                                   1.08
  -----------------------------------------------------------
  (Path is unconstrained)


  Startpoint: a[1] (input port)
  Endpoint: o[7] (output port)
  Path Group: (none)
  Path Type: max

  Des/Clust/Port     Wire Load Model       Library
  ------------------------------------------------
  mul_int8           ZeroWireload          tcbn65lptc

  Point                                    Incr       Path
  -----------------------------------------------------------
  input external delay                     0.00       0.00 r
  a[1] (in)                                0.00       0.00 r
  U20/ZN (ND4D0)                           0.10       0.10 f
  U21/ZN (INVD0)                           0.05       0.15 r
  U22/ZN (AOI21D0)                         0.04       0.19 f
  U34/CO (FA1D0)                           0.17       0.36 f
  U33/CO (FA1D0)                           0.13       0.49 f
  U51/CO (FA1D0)                           0.13       0.62 f
  U64/CO (FA1D0)                           0.08       0.70 f
  U67/CO (FA1D0)                           0.09       0.79 f
  U68/ZN (INVD0)                           0.03       0.82 r
  U70/ZN (MUX2ND0)                         0.04       0.86 f
  U71/ZN (MUX2ND0)                         0.07       0.93 f
  U97/S (FA1D0)                            0.15       1.08 f
  o[7] (out)                               0.00       1.08 f
  data arrival time                                   1.08
  -----------------------------------------------------------
  (Path is unconstrained)


  Startpoint: a[1] (input port)
  Endpoint: o[7] (output port)
  Path Group: (none)
  Path Type: max

  Des/Clust/Port     Wire Load Model       Library
  ------------------------------------------------
  mul_int8           ZeroWireload          tcbn65lptc

  Point                                    Incr       Path
  -----------------------------------------------------------
  input external delay                     0.00       0.00 r
  a[1] (in)                                0.00       0.00 r
  U20/ZN (ND4D0)                           0.10       0.10 f
  U21/ZN (INVD0)                           0.05       0.15 r
  U22/ZN (AOI21D0)                         0.04       0.19 f
  U34/CO (FA1D0)                           0.17       0.36 f
  U33/CO (FA1D0)                           0.13       0.49 f
  U51/CO (FA1D0)                           0.13       0.62 f
  U64/CO (FA1D0)                           0.08       0.70 f
  U67/CO (FA1D0)                           0.09       0.79 f
  U68/ZN (INVD0)                           0.03       0.82 r
  U70/ZN (MUX2ND0)                         0.04       0.86 f
  U71/ZN (MUX2ND0)                         0.07       0.93 f
  U97/S (FA1D0)                            0.15       1.08 r
  o[7] (out)                               0.00       1.08 r
  data arrival time                                   1.08
  -----------------------------------------------------------
  (Path is unconstrained)


  Startpoint: a[1] (input port)
  Endpoint: o[7] (output port)
  Path Group: (none)
  Path Type: max

  Des/Clust/Port     Wire Load Model       Library
  ------------------------------------------------
  mul_int8           ZeroWireload          tcbn65lptc

  Point                                    Incr       Path
  -----------------------------------------------------------
  input external delay                     0.00       0.00 r
  a[1] (in)                                0.00       0.00 r
  U20/ZN (ND4D0)                           0.10       0.10 f
  U21/ZN (INVD0)                           0.05       0.15 r
  U22/ZN (AOI21D0)                         0.04       0.19 f
  U34/CO (FA1D0)                           0.17       0.36 f
  U33/CO (FA1D0)                           0.13       0.49 f
  U51/CO (FA1D0)                           0.13       0.62 f
  U64/CO (FA1D0)                           0.08       0.70 f
  U67/CO (FA1D0)                           0.09       0.79 f
  U68/ZN (INVD0)                           0.03       0.82 r
  U70/ZN (MUX2ND0)                         0.04       0.86 f
  U71/ZN (MUX2ND0)                         0.07       0.93 f
  U97/S (FA1D0)                            0.15       1.08 r
  o[7] (out)                               0.00       1.08 r
  data arrival time                                   1.08
  -----------------------------------------------------------
  (Path is unconstrained)


  Startpoint: a[1] (input port)
  Endpoint: o[7] (output port)
  Path Group: (none)
  Path Type: max

  Des/Clust/Port     Wire Load Model       Library
  ------------------------------------------------
  mul_int8           ZeroWireload          tcbn65lptc

  Point                                    Incr       Path
  -----------------------------------------------------------
  input external delay                     0.00       0.00 r
  a[1] (in)                                0.00       0.00 r
  U20/ZN (ND4D0)                           0.10       0.10 f
  U21/ZN (INVD0)                           0.05       0.15 r
  U22/ZN (AOI21D0)                         0.04       0.19 f
  U34/CO (FA1D0)                           0.17       0.36 f
  U33/CO (FA1D0)                           0.13       0.49 f
  U51/CO (FA1D0)                           0.13       0.62 f
  U64/CO (FA1D0)                           0.08       0.70 f
  U67/CO (FA1D0)                           0.09       0.79 f
  U68/ZN (INVD0)                           0.03       0.82 r
  U70/ZN (MUX2ND0)                         0.04       0.86 f
  U71/ZN (MUX2ND0)                         0.07       0.93 f
  U97/S (FA1D0)                            0.15       1.08 r
  o[7] (out)                               0.00       1.08 r
  data arrival time                                   1.08
  -----------------------------------------------------------
  (Path is unconstrained)


  Startpoint: a[1] (input port)
  Endpoint: o[7] (output port)
  Path Group: (none)
  Path Type: max

  Des/Clust/Port     Wire Load Model       Library
  ------------------------------------------------
  mul_int8           ZeroWireload          tcbn65lptc

  Point                                    Incr       Path
  -----------------------------------------------------------
  input external delay                     0.00       0.00 r
  a[1] (in)                                0.00       0.00 r
  U20/ZN (ND4D0)                           0.10       0.10 f
  U21/ZN (INVD0)                           0.05       0.15 r
  U22/ZN (AOI21D0)                         0.04       0.19 f
  U34/CO (FA1D0)                           0.17       0.36 f
  U33/CO (FA1D0)                           0.13       0.49 f
  U51/CO (FA1D0)                           0.13       0.62 f
  U64/CO (FA1D0)                           0.08       0.70 f
  U67/CO (FA1D0)                           0.09       0.79 f
  U68/ZN (INVD0)                           0.03       0.82 r
  U70/ZN (MUX2ND0)                         0.04       0.86 f
  U71/ZN (MUX2ND0)                         0.07       0.93 f
  U97/S (FA1D0)                            0.15       1.08 r
  o[7] (out)                               0.00       1.08 r
  data arrival time                                   1.08
  -----------------------------------------------------------
  (Path is unconstrained)


  Startpoint: a[1] (input port)
  Endpoint: o[7] (output port)
  Path Group: (none)
  Path Type: max

  Des/Clust/Port     Wire Load Model       Library
  ------------------------------------------------
  mul_int8           ZeroWireload          tcbn65lptc

  Point                                    Incr       Path
  -----------------------------------------------------------
  input external delay                     0.00       0.00 r
  a[1] (in)                                0.00       0.00 r
  U20/ZN (ND4D0)                           0.10       0.10 f
  U21/ZN (INVD0)                           0.05       0.15 r
  U22/ZN (AOI21D0)                         0.04       0.19 f
  U34/CO (FA1D0)                           0.17       0.36 f
  U33/CO (FA1D0)                           0.13       0.49 f
  U51/CO (FA1D0)                           0.13       0.62 f
  U64/CO (FA1D0)                           0.08       0.70 f
  U67/CO (FA1D0)                           0.09       0.79 f
  U68/ZN (INVD0)                           0.03       0.82 r
  U70/ZN (MUX2ND0)                         0.04       0.86 f
  U71/ZN (MUX2ND0)                         0.07       0.93 f
  U97/S (FA1D0)                            0.15       1.08 r
  o[7] (out)                               0.00       1.08 r
  data arrival time                                   1.08
  -----------------------------------------------------------
  (Path is unconstrained)


  Startpoint: a[1] (input port)
  Endpoint: o[7] (output port)
  Path Group: (none)
  Path Type: max

  Des/Clust/Port     Wire Load Model       Library
  ------------------------------------------------
  mul_int8           ZeroWireload          tcbn65lptc

  Point                                    Incr       Path
  -----------------------------------------------------------
  input external delay                     0.00       0.00 r
  a[1] (in)                                0.00       0.00 r
  U20/ZN (ND4D0)                           0.10       0.10 f
  U21/ZN (INVD0)                           0.05       0.15 r
  U22/ZN (AOI21D0)                         0.04       0.19 f
  U34/CO (FA1D0)                           0.17       0.36 f
  U33/CO (FA1D0)                           0.13       0.49 f
  U51/CO (FA1D0)                           0.13       0.62 f
  U64/CO (FA1D0)                           0.08       0.70 f
  U67/CO (FA1D0)                           0.09       0.79 f
  U68/ZN (INVD0)                           0.03       0.82 r
  U70/ZN (MUX2ND0)                         0.04       0.86 f
  U71/ZN (MUX2ND0)                         0.07       0.93 f
  U97/S (FA1D0)                            0.15       1.08 r
  o[7] (out)                               0.00       1.08 r
  data arrival time                                   1.08
  -----------------------------------------------------------
  (Path is unconstrained)


  Startpoint: a[1] (input port)
  Endpoint: o[7] (output port)
  Path Group: (none)
  Path Type: max

  Des/Clust/Port     Wire Load Model       Library
  ------------------------------------------------
  mul_int8           ZeroWireload          tcbn65lptc

  Point                                    Incr       Path
  -----------------------------------------------------------
  input external delay                     0.00       0.00 r
  a[1] (in)                                0.00       0.00 r
  U20/ZN (ND4D0)                           0.10       0.10 f
  U21/ZN (INVD0)                           0.05       0.15 r
  U22/ZN (AOI21D0)                         0.04       0.19 f
  U34/CO (FA1D0)                           0.17       0.36 f
  U33/CO (FA1D0)                           0.13       0.49 f
  U51/CO (FA1D0)                           0.13       0.62 f
  U64/CO (FA1D0)                           0.08       0.70 f
  U67/CO (FA1D0)                           0.09       0.79 f
  U68/ZN (INVD0)                           0.03       0.82 r
  U70/ZN (MUX2ND0)                         0.04       0.86 f
  U71/ZN (MUX2ND0)                         0.07       0.93 f
  U97/S (FA1D0)                            0.15       1.08 r
  o[7] (out)                               0.00       1.08 r
  data arrival time                                   1.08
  -----------------------------------------------------------
  (Path is unconstrained)


  Startpoint: a[1] (input port)
  Endpoint: o[7] (output port)
  Path Group: (none)
  Path Type: max

  Des/Clust/Port     Wire Load Model       Library
  ------------------------------------------------
  mul_int8           ZeroWireload          tcbn65lptc

  Point                                    Incr       Path
  -----------------------------------------------------------
  input external delay                     0.00       0.00 r
  a[1] (in)                                0.00       0.00 r
  U20/ZN (ND4D0)                           0.10       0.10 f
  U21/ZN (INVD0)                           0.05       0.15 r
  U22/ZN (AOI21D0)                         0.04       0.19 f
  U34/CO (FA1D0)                           0.17       0.36 f
  U33/CO (FA1D0)                           0.13       0.49 f
  U51/CO (FA1D0)                           0.13       0.62 f
  U64/CO (FA1D0)                           0.08       0.70 f
  U67/CO (FA1D0)                           0.09       0.79 f
  U68/ZN (INVD0)                           0.03       0.82 r
  U70/ZN (MUX2ND0)                         0.04       0.86 f
  U71/ZN (MUX2ND0)                         0.07       0.93 f
  U97/S (FA1D0)                            0.15       1.08 r
  o[7] (out)                               0.00       1.08 r
  data arrival time                                   1.08
  -----------------------------------------------------------
  (Path is unconstrained)


  Startpoint: a[1] (input port)
  Endpoint: o[7] (output port)
  Path Group: (none)
  Path Type: max

  Des/Clust/Port     Wire Load Model       Library
  ------------------------------------------------
  mul_int8           ZeroWireload          tcbn65lptc

  Point                                    Incr       Path
  -----------------------------------------------------------
  input external delay                     0.00       0.00 r
  a[1] (in)                                0.00       0.00 r
  U20/ZN (ND4D0)                           0.10       0.10 f
  U21/ZN (INVD0)                           0.05       0.15 r
  U22/ZN (AOI21D0)                         0.04       0.19 f
  U34/CO (FA1D0)                           0.17       0.36 f
  U33/CO (FA1D0)                           0.13       0.49 f
  U51/CO (FA1D0)                           0.13       0.62 f
  U64/CO (FA1D0)                           0.08       0.70 f
  U67/CO (FA1D0)                           0.09       0.79 f
  U68/ZN (INVD0)                           0.03       0.82 r
  U70/ZN (MUX2ND0)                         0.04       0.86 f
  U71/ZN (MUX2ND0)                         0.07       0.93 f
  U97/S (FA1D0)                            0.15       1.08 f
  o[7] (out)                               0.00       1.08 f
  data arrival time                                   1.08
  -----------------------------------------------------------
  (Path is unconstrained)


  Startpoint: b[2] (input port)
  Endpoint: o[7] (output port)
  Path Group: (none)
  Path Type: max

  Des/Clust/Port     Wire Load Model       Library
  ------------------------------------------------
  mul_int8           ZeroWireload          tcbn65lptc

  Point                                    Incr       Path
  -----------------------------------------------------------
  input external delay                     0.00       0.00 r
  b[2] (in)                                0.00       0.00 r
  U20/ZN (ND4D0)                           0.10       0.10 f
  U21/ZN (INVD0)                           0.05       0.15 r
  U22/ZN (AOI21D0)                         0.04       0.19 f
  U34/CO (FA1D0)                           0.17       0.36 f
  U33/CO (FA1D0)                           0.13       0.49 f
  U51/CO (FA1D0)                           0.13       0.62 f
  U64/CO (FA1D0)                           0.08       0.70 f
  U67/CO (FA1D0)                           0.09       0.79 f
  U70/ZN (MUX2ND0)                         0.06       0.85 r
  U71/ZN (MUX2ND0)                         0.08       0.93 f
  U97/S (FA1D0)                            0.15       1.08 r
  o[7] (out)                               0.00       1.08 r
  data arrival time                                   1.08
  -----------------------------------------------------------
  (Path is unconstrained)


  Startpoint: a[1] (input port)
  Endpoint: o[7] (output port)
  Path Group: (none)
  Path Type: max

  Des/Clust/Port     Wire Load Model       Library
  ------------------------------------------------
  mul_int8           ZeroWireload          tcbn65lptc

  Point                                    Incr       Path
  -----------------------------------------------------------
  input external delay                     0.00       0.00 r
  a[1] (in)                                0.00       0.00 r
  U20/ZN (ND4D0)                           0.10       0.10 f
  U21/ZN (INVD0)                           0.05       0.15 r
  U22/ZN (AOI21D0)                         0.04       0.19 f
  U34/CO (FA1D0)                           0.17       0.36 f
  U33/CO (FA1D0)                           0.13       0.49 f
  U51/CO (FA1D0)                           0.13       0.62 f
  U64/CO (FA1D0)                           0.08       0.70 f
  U67/CO (FA1D0)                           0.09       0.79 f
  U68/ZN (INVD0)                           0.03       0.82 r
  U70/ZN (MUX2ND0)                         0.04       0.86 f
  U71/ZN (MUX2ND0)                         0.07       0.93 f
  U97/S (FA1D0)                            0.15       1.08 f
  o[7] (out)                               0.00       1.08 f
  data arrival time                                   1.08
  -----------------------------------------------------------
  (Path is unconstrained)


  Startpoint: a[1] (input port)
  Endpoint: o[7] (output port)
  Path Group: (none)
  Path Type: max

  Des/Clust/Port     Wire Load Model       Library
  ------------------------------------------------
  mul_int8           ZeroWireload          tcbn65lptc

  Point                                    Incr       Path
  -----------------------------------------------------------
  input external delay                     0.00       0.00 r
  a[1] (in)                                0.00       0.00 r
  U20/ZN (ND4D0)                           0.10       0.10 f
  U21/ZN (INVD0)                           0.05       0.15 r
  U22/ZN (AOI21D0)                         0.04       0.19 f
  U34/CO (FA1D0)                           0.17       0.36 f
  U33/CO (FA1D0)                           0.13       0.49 f
  U51/CO (FA1D0)                           0.13       0.62 f
  U64/CO (FA1D0)                           0.08       0.70 f
  U67/CO (FA1D0)                           0.09       0.79 f
  U68/ZN (INVD0)                           0.03       0.82 r
  U70/ZN (MUX2ND0)                         0.04       0.86 f
  U71/ZN (MUX2ND0)                         0.07       0.93 f
  U97/S (FA1D0)                            0.15       1.08 f
  o[7] (out)                               0.00       1.08 f
  data arrival time                                   1.08
  -----------------------------------------------------------
  (Path is unconstrained)


  Startpoint: b[2] (input port)
  Endpoint: o[7] (output port)
  Path Group: (none)
  Path Type: max

  Des/Clust/Port     Wire Load Model       Library
  ------------------------------------------------
  mul_int8           ZeroWireload          tcbn65lptc

  Point                                    Incr       Path
  -----------------------------------------------------------
  input external delay                     0.00       0.00 r
  b[2] (in)                                0.00       0.00 r
  U20/ZN (ND4D0)                           0.10       0.10 f
  U21/ZN (INVD0)                           0.05       0.15 r
  U22/ZN (AOI21D0)                         0.04       0.19 f
  U34/CO (FA1D0)                           0.17       0.36 f
  U33/CO (FA1D0)                           0.13       0.49 f
  U51/CO (FA1D0)                           0.13       0.62 f
  U64/CO (FA1D0)                           0.08       0.70 f
  U67/CO (FA1D0)                           0.09       0.79 f
  U70/ZN (MUX2ND0)                         0.06       0.85 r
  U71/ZN (MUX2ND0)                         0.08       0.93 f
  U97/S (FA1D0)                            0.15       1.08 r
  o[7] (out)                               0.00       1.08 r
  data arrival time                                   1.08
  -----------------------------------------------------------
  (Path is unconstrained)


  Startpoint: b[2] (input port)
  Endpoint: o[7] (output port)
  Path Group: (none)
  Path Type: max

  Des/Clust/Port     Wire Load Model       Library
  ------------------------------------------------
  mul_int8           ZeroWireload          tcbn65lptc

  Point                                    Incr       Path
  -----------------------------------------------------------
  input external delay                     0.00       0.00 r
  b[2] (in)                                0.00       0.00 r
  U20/ZN (ND4D0)                           0.10       0.10 f
  U21/ZN (INVD0)                           0.05       0.15 r
  U22/ZN (AOI21D0)                         0.04       0.19 f
  U34/CO (FA1D0)                           0.17       0.36 f
  U33/CO (FA1D0)                           0.13       0.49 f
  U51/CO (FA1D0)                           0.13       0.62 f
  U64/CO (FA1D0)                           0.08       0.70 f
  U67/CO (FA1D0)                           0.09       0.79 f
  U70/ZN (MUX2ND0)                         0.06       0.85 r
  U71/ZN (MUX2ND0)                         0.08       0.93 f
  U97/S (FA1D0)                            0.15       1.08 r
  o[7] (out)                               0.00       1.08 r
  data arrival time                                   1.08
  -----------------------------------------------------------
  (Path is unconstrained)


  Startpoint: a[1] (input port)
  Endpoint: o[7] (output port)
  Path Group: (none)
  Path Type: max

  Des/Clust/Port     Wire Load Model       Library
  ------------------------------------------------
  mul_int8           ZeroWireload          tcbn65lptc

  Point                                    Incr       Path
  -----------------------------------------------------------
  input external delay                     0.00       0.00 r
  a[1] (in)                                0.00       0.00 r
  U20/ZN (ND4D0)                           0.10       0.10 f
  U21/ZN (INVD0)                           0.05       0.15 r
  U22/ZN (AOI21D0)                         0.04       0.19 f
  U34/CO (FA1D0)                           0.17       0.36 f
  U33/CO (FA1D0)                           0.13       0.49 f
  U51/CO (FA1D0)                           0.13       0.62 f
  U64/CO (FA1D0)                           0.08       0.70 f
  U67/CO (FA1D0)                           0.09       0.79 f
  U68/ZN (INVD0)                           0.03       0.82 r
  U70/ZN (MUX2ND0)                         0.04       0.86 f
  U71/ZN (MUX2ND0)                         0.07       0.93 f
  U97/S (FA1D0)                            0.15       1.08 f
  o[7] (out)                               0.00       1.08 f
  data arrival time                                   1.08
  -----------------------------------------------------------
  (Path is unconstrained)


  Startpoint: b[2] (input port)
  Endpoint: o[7] (output port)
  Path Group: (none)
  Path Type: max

  Des/Clust/Port     Wire Load Model       Library
  ------------------------------------------------
  mul_int8           ZeroWireload          tcbn65lptc

  Point                                    Incr       Path
  -----------------------------------------------------------
  input external delay                     0.00       0.00 r
  b[2] (in)                                0.00       0.00 r
  U20/ZN (ND4D0)                           0.10       0.10 f
  U21/ZN (INVD0)                           0.05       0.15 r
  U22/ZN (AOI21D0)                         0.04       0.19 f
  U34/CO (FA1D0)                           0.17       0.36 f
  U33/CO (FA1D0)                           0.13       0.49 f
  U51/CO (FA1D0)                           0.13       0.62 f
  U64/CO (FA1D0)                           0.08       0.70 f
  U67/CO (FA1D0)                           0.09       0.79 f
  U70/ZN (MUX2ND0)                         0.06       0.85 r
  U71/ZN (MUX2ND0)                         0.08       0.93 f
  U97/S (FA1D0)                            0.15       1.08 r
  o[7] (out)                               0.00       1.08 r
  data arrival time                                   1.08
  -----------------------------------------------------------
  (Path is unconstrained)


  Startpoint: a[1] (input port)
  Endpoint: o[7] (output port)
  Path Group: (none)
  Path Type: max

  Des/Clust/Port     Wire Load Model       Library
  ------------------------------------------------
  mul_int8           ZeroWireload          tcbn65lptc

  Point                                    Incr       Path
  -----------------------------------------------------------
  input external delay                     0.00       0.00 r
  a[1] (in)                                0.00       0.00 r
  U20/ZN (ND4D0)                           0.10       0.10 f
  U21/ZN (INVD0)                           0.05       0.15 r
  U22/ZN (AOI21D0)                         0.04       0.19 f
  U34/CO (FA1D0)                           0.17       0.36 f
  U33/CO (FA1D0)                           0.13       0.49 f
  U51/CO (FA1D0)                           0.13       0.62 f
  U64/CO (FA1D0)                           0.08       0.70 f
  U67/CO (FA1D0)                           0.09       0.79 f
  U68/ZN (INVD0)                           0.03       0.82 r
  U70/ZN (MUX2ND0)                         0.04       0.86 f
  U71/ZN (MUX2ND0)                         0.07       0.93 f
  U97/S (FA1D0)                            0.15       1.08 f
  o[7] (out)                               0.00       1.08 f
  data arrival time                                   1.08
  -----------------------------------------------------------
  (Path is unconstrained)


  Startpoint: a[1] (input port)
  Endpoint: o[7] (output port)
  Path Group: (none)
  Path Type: max

  Des/Clust/Port     Wire Load Model       Library
  ------------------------------------------------
  mul_int8           ZeroWireload          tcbn65lptc

  Point                                    Incr       Path
  -----------------------------------------------------------
  input external delay                     0.00       0.00 r
  a[1] (in)                                0.00       0.00 r
  U20/ZN (ND4D0)                           0.10       0.10 f
  U21/ZN (INVD0)                           0.05       0.15 r
  U22/ZN (AOI21D0)                         0.04       0.19 f
  U34/CO (FA1D0)                           0.17       0.36 f
  U33/CO (FA1D0)                           0.13       0.49 f
  U51/CO (FA1D0)                           0.13       0.62 f
  U64/CO (FA1D0)                           0.08       0.70 f
  U67/CO (FA1D0)                           0.09       0.79 f
  U68/ZN (INVD0)                           0.03       0.82 r
  U70/ZN (MUX2ND0)                         0.04       0.86 f
  U71/ZN (MUX2ND0)                         0.07       0.93 f
  U97/S (FA1D0)                            0.15       1.08 f
  o[7] (out)                               0.00       1.08 f
  data arrival time                                   1.08
  -----------------------------------------------------------
  (Path is unconstrained)


1
