 
****************************************
Report : area
Design : add_bfloat16
Version: U-2022.12-SP7-3
Date   : Wed Mar 12 13:42:47 2025
****************************************

Library(s) Used:

    tcbn65lptc (File: /technology/TSMC_65nm_MS_RF_LP_1.2_2.5V_full/STD/TSMCHOME/digital/Front_End/timing_power_noise/NLDM/tcbn65lp_220a/tcbn65lptc.db)

Number of ports:                           59
Number of nets:                           482
Number of cells:                          434
Number of combinational cells:            433
Number of sequential cells:                 0
Number of macros/black boxes:               0
Number of buf/inv:                         93
Number of references:                      18

Combinational area:                912.240017
Buf/Inv area:                      100.440004
Noncombinational area:               0.000000
Macro/Black Box area:                0.000000
Net Interconnect area:      undefined  (Wire load has zero net area)

Total cell area:                   912.240017
Total area:                 undefined
1
