 
****************************************
Report : timing
        -path full
        -delay min
        -nworst 50
        -max_paths 50
Design : add_bfloat16
Version: U-2022.12-SP7-3
Date   : Wed Mar 12 13:42:47 2025
****************************************

Operating Conditions: NCCOM   Library: tcbn65lptc
Wire Load Model Mode: segmented

  Startpoint: rnd[2] (input port)
  Endpoint: o[15] (output port)
  Path Group: (none)
  Path Type: min

  Des/Clust/Port     Wire Load Model       Library
  ------------------------------------------------
  add_bfloat16       ZeroWireload          tcbn65lptc

  Point                                    Incr       Path
  -----------------------------------------------------------
  input external delay                     0.00       0.00 r
  rnd[2] (in)                              0.00       0.00 r
  U369/ZN (OAI22D0)                        0.01       0.01 f
  o[15] (out)                              0.00       0.01 f
  data arrival time                                   0.01
  -----------------------------------------------------------
  (Path is unconstrained)


  Startpoint: rnd[2] (input port)
  Endpoint: o[15] (output port)
  Path Group: (none)
  Path Type: min

  Des/Clust/Port     Wire Load Model       Library
  ------------------------------------------------
  add_bfloat16       ZeroWireload          tcbn65lptc

  Point                                    Incr       Path
  -----------------------------------------------------------
  input external delay                     0.00       0.00 r
  rnd[2] (in)                              0.00       0.00 r
  U369/ZN (OAI22D0)                        0.02       0.02 f
  o[15] (out)                              0.00       0.02 f
  data arrival time                                   0.02
  -----------------------------------------------------------
  (Path is unconstrained)


  Startpoint: rnd[2] (input port)
  Endpoint: o[15] (output port)
  Path Group: (none)
  Path Type: min

  Des/Clust/Port     Wire Load Model       Library
  ------------------------------------------------
  add_bfloat16       ZeroWireload          tcbn65lptc

  Point                                    Incr       Path
  -----------------------------------------------------------
  input external delay                     0.00       0.00 r
  rnd[2] (in)                              0.00       0.00 r
  U369/ZN (OAI22D0)                        0.02       0.02 f
  o[15] (out)                              0.00       0.02 f
  data arrival time                                   0.02
  -----------------------------------------------------------
  (Path is unconstrained)


  Startpoint: rnd[2] (input port)
  Endpoint: o[15] (output port)
  Path Group: (none)
  Path Type: min

  Des/Clust/Port     Wire Load Model       Library
  ------------------------------------------------
  add_bfloat16       ZeroWireload          tcbn65lptc

  Point                                    Incr       Path
  -----------------------------------------------------------
  input external delay                     0.00       0.00 f
  rnd[2] (in)                              0.00       0.00 f
  U369/ZN (OAI22D0)                        0.03       0.03 r
  o[15] (out)                              0.00       0.03 r
  data arrival time                                   0.03
  -----------------------------------------------------------
  (Path is unconstrained)


  Startpoint: rnd[2] (input port)
  Endpoint: o[15] (output port)
  Path Group: (none)
  Path Type: min

  Des/Clust/Port     Wire Load Model       Library
  ------------------------------------------------
  add_bfloat16       ZeroWireload          tcbn65lptc

  Point                                    Incr       Path
  -----------------------------------------------------------
  input external delay                     0.00       0.00 f
  rnd[2] (in)                              0.00       0.00 f
  U369/ZN (OAI22D0)                        0.03       0.03 r
  o[15] (out)                              0.00       0.03 r
  data arrival time                                   0.03
  -----------------------------------------------------------
  (Path is unconstrained)


  Startpoint: rnd[2] (input port)
  Endpoint: o[15] (output port)
  Path Group: (none)
  Path Type: min

  Des/Clust/Port     Wire Load Model       Library
  ------------------------------------------------
  add_bfloat16       ZeroWireload          tcbn65lptc

  Point                                    Incr       Path
  -----------------------------------------------------------
  input external delay                     0.00       0.00 f
  rnd[2] (in)                              0.00       0.00 f
  U369/ZN (OAI22D0)                        0.03       0.03 r
  o[15] (out)                              0.00       0.03 r
  data arrival time                                   0.03
  -----------------------------------------------------------
  (Path is unconstrained)


  Startpoint: rnd[0] (input port)
  Endpoint: o[15] (output port)
  Path Group: (none)
  Path Type: min

  Des/Clust/Port     Wire Load Model       Library
  ------------------------------------------------
  add_bfloat16       ZeroWireload          tcbn65lptc

  Point                                    Incr       Path
  -----------------------------------------------------------
  input external delay                     0.00       0.00 f
  rnd[0] (in)                              0.00       0.00 f
  U366/ZN (ND4D0)                          0.02       0.02 r
  U369/ZN (OAI22D0)                        0.03       0.05 f
  o[15] (out)                              0.00       0.05 f
  data arrival time                                   0.05
  -----------------------------------------------------------
  (Path is unconstrained)


  Startpoint: rnd[1] (input port)
  Endpoint: o[15] (output port)
  Path Group: (none)
  Path Type: min

  Des/Clust/Port     Wire Load Model       Library
  ------------------------------------------------
  add_bfloat16       ZeroWireload          tcbn65lptc

  Point                                    Incr       Path
  -----------------------------------------------------------
  input external delay                     0.00       0.00 f
  rnd[1] (in)                              0.00       0.00 f
  U366/ZN (ND4D0)                          0.02       0.02 r
  U369/ZN (OAI22D0)                        0.03       0.05 f
  o[15] (out)                              0.00       0.05 f
  data arrival time                                   0.05
  -----------------------------------------------------------
  (Path is unconstrained)


  Startpoint: rnd[0] (input port)
  Endpoint: o[15] (output port)
  Path Group: (none)
  Path Type: min

  Des/Clust/Port     Wire Load Model       Library
  ------------------------------------------------
  add_bfloat16       ZeroWireload          tcbn65lptc

  Point                                    Incr       Path
  -----------------------------------------------------------
  input external delay                     0.00       0.00 f
  rnd[0] (in)                              0.00       0.00 f
  U366/ZN (ND4D0)                          0.02       0.02 r
  U369/ZN (OAI22D0)                        0.03       0.05 f
  o[15] (out)                              0.00       0.05 f
  data arrival time                                   0.05
  -----------------------------------------------------------
  (Path is unconstrained)


  Startpoint: rnd[1] (input port)
  Endpoint: o[15] (output port)
  Path Group: (none)
  Path Type: min

  Des/Clust/Port     Wire Load Model       Library
  ------------------------------------------------
  add_bfloat16       ZeroWireload          tcbn65lptc

  Point                                    Incr       Path
  -----------------------------------------------------------
  input external delay                     0.00       0.00 f
  rnd[1] (in)                              0.00       0.00 f
  U366/ZN (ND4D0)                          0.02       0.02 r
  U369/ZN (OAI22D0)                        0.03       0.05 f
  o[15] (out)                              0.00       0.05 f
  data arrival time                                   0.05
  -----------------------------------------------------------
  (Path is unconstrained)


  Startpoint: rnd[0] (input port)
  Endpoint: o[15] (output port)
  Path Group: (none)
  Path Type: min

  Des/Clust/Port     Wire Load Model       Library
  ------------------------------------------------
  add_bfloat16       ZeroWireload          tcbn65lptc

  Point                                    Incr       Path
  -----------------------------------------------------------
  input external delay                     0.00       0.00 f
  rnd[0] (in)                              0.00       0.00 f
  U366/ZN (ND4D0)                          0.02       0.02 r
  U369/ZN (OAI22D0)                        0.03       0.06 f
  o[15] (out)                              0.00       0.06 f
  data arrival time                                   0.06
  -----------------------------------------------------------
  (Path is unconstrained)


  Startpoint: rnd[1] (input port)
  Endpoint: o[15] (output port)
  Path Group: (none)
  Path Type: min

  Des/Clust/Port     Wire Load Model       Library
  ------------------------------------------------
  add_bfloat16       ZeroWireload          tcbn65lptc

  Point                                    Incr       Path
  -----------------------------------------------------------
  input external delay                     0.00       0.00 f
  rnd[1] (in)                              0.00       0.00 f
  U366/ZN (ND4D0)                          0.02       0.02 r
  U369/ZN (OAI22D0)                        0.03       0.06 f
  o[15] (out)                              0.00       0.06 f
  data arrival time                                   0.06
  -----------------------------------------------------------
  (Path is unconstrained)


  Startpoint: a[15] (input port)
  Endpoint: o[15] (output port)
  Path Group: (none)
  Path Type: min

  Des/Clust/Port     Wire Load Model       Library
  ------------------------------------------------
  add_bfloat16       ZeroWireload          tcbn65lptc

  Point                                    Incr       Path
  -----------------------------------------------------------
  input external delay                     0.00       0.00 f
  a[15] (in)                               0.00       0.00 f
  U308/ZN (MUX2ND0)                        0.05       0.05 r
  U369/ZN (OAI22D0)                        0.04       0.09 f
  o[15] (out)                              0.00       0.09 f
  data arrival time                                   0.09
  -----------------------------------------------------------
  (Path is unconstrained)


  Startpoint: a[15] (input port)
  Endpoint: o[15] (output port)
  Path Group: (none)
  Path Type: min

  Des/Clust/Port     Wire Load Model       Library
  ------------------------------------------------
  add_bfloat16       ZeroWireload          tcbn65lptc

  Point                                    Incr       Path
  -----------------------------------------------------------
  input external delay                     0.00       0.00 f
  a[15] (in)                               0.00       0.00 f
  U308/ZN (MUX2ND0)                        0.05       0.05 r
  U369/ZN (OAI22D0)                        0.04       0.09 f
  o[15] (out)                              0.00       0.09 f
  data arrival time                                   0.09
  -----------------------------------------------------------
  (Path is unconstrained)


  Startpoint: a[15] (input port)
  Endpoint: o[15] (output port)
  Path Group: (none)
  Path Type: min

  Des/Clust/Port     Wire Load Model       Library
  ------------------------------------------------
  add_bfloat16       ZeroWireload          tcbn65lptc

  Point                                    Incr       Path
  -----------------------------------------------------------
  input external delay                     0.00       0.00 r
  a[15] (in)                               0.00       0.00 r
  U308/ZN (MUX2ND0)                        0.03       0.03 f
  U369/ZN (OAI22D0)                        0.05       0.09 r
  o[15] (out)                              0.00       0.09 r
  data arrival time                                   0.09
  -----------------------------------------------------------
  (Path is unconstrained)


  Startpoint: a[15] (input port)
  Endpoint: o[15] (output port)
  Path Group: (none)
  Path Type: min

  Des/Clust/Port     Wire Load Model       Library
  ------------------------------------------------
  add_bfloat16       ZeroWireload          tcbn65lptc

  Point                                    Incr       Path
  -----------------------------------------------------------
  input external delay                     0.00       0.00 r
  a[15] (in)                               0.00       0.00 r
  U308/ZN (MUX2ND0)                        0.03       0.03 f
  U369/ZN (OAI22D0)                        0.05       0.09 r
  o[15] (out)                              0.00       0.09 r
  data arrival time                                   0.09
  -----------------------------------------------------------
  (Path is unconstrained)


  Startpoint: a[15] (input port)
  Endpoint: o[15] (output port)
  Path Group: (none)
  Path Type: min

  Des/Clust/Port     Wire Load Model       Library
  ------------------------------------------------
  add_bfloat16       ZeroWireload          tcbn65lptc

  Point                                    Incr       Path
  -----------------------------------------------------------
  input external delay                     0.00       0.00 f
  a[15] (in)                               0.00       0.00 f
  U308/ZN (MUX2ND0)                        0.05       0.05 r
  U369/ZN (OAI22D0)                        0.05       0.09 f
  o[15] (out)                              0.00       0.09 f
  data arrival time                                   0.09
  -----------------------------------------------------------
  (Path is unconstrained)


  Startpoint: a[15] (input port)
  Endpoint: o[15] (output port)
  Path Group: (none)
  Path Type: min

  Des/Clust/Port     Wire Load Model       Library
  ------------------------------------------------
  add_bfloat16       ZeroWireload          tcbn65lptc

  Point                                    Incr       Path
  -----------------------------------------------------------
  input external delay                     0.00       0.00 f
  a[15] (in)                               0.00       0.00 f
  U308/ZN (MUX2ND0)                        0.05       0.05 r
  U369/ZN (OAI22D0)                        0.05       0.09 f
  o[15] (out)                              0.00       0.09 f
  data arrival time                                   0.09
  -----------------------------------------------------------
  (Path is unconstrained)


  Startpoint: a[15] (input port)
  Endpoint: o[15] (output port)
  Path Group: (none)
  Path Type: min

  Des/Clust/Port     Wire Load Model       Library
  ------------------------------------------------
  add_bfloat16       ZeroWireload          tcbn65lptc

  Point                                    Incr       Path
  -----------------------------------------------------------
  input external delay                     0.00       0.00 r
  a[15] (in)                               0.00       0.00 r
  U308/ZN (MUX2ND0)                        0.03       0.03 f
  U369/ZN (OAI22D0)                        0.06       0.09 r
  o[15] (out)                              0.00       0.09 r
  data arrival time                                   0.09
  -----------------------------------------------------------
  (Path is unconstrained)


  Startpoint: a[15] (input port)
  Endpoint: o[15] (output port)
  Path Group: (none)
  Path Type: min

  Des/Clust/Port     Wire Load Model       Library
  ------------------------------------------------
  add_bfloat16       ZeroWireload          tcbn65lptc

  Point                                    Incr       Path
  -----------------------------------------------------------
  input external delay                     0.00       0.00 f
  a[15] (in)                               0.00       0.00 f
  U308/ZN (MUX2ND0)                        0.05       0.05 r
  U369/ZN (OAI22D0)                        0.05       0.09 f
  o[15] (out)                              0.00       0.09 f
  data arrival time                                   0.09
  -----------------------------------------------------------
  (Path is unconstrained)


  Startpoint: a[15] (input port)
  Endpoint: o[15] (output port)
  Path Group: (none)
  Path Type: min

  Des/Clust/Port     Wire Load Model       Library
  ------------------------------------------------
  add_bfloat16       ZeroWireload          tcbn65lptc

  Point                                    Incr       Path
  -----------------------------------------------------------
  input external delay                     0.00       0.00 f
  a[15] (in)                               0.00       0.00 f
  U308/ZN (MUX2ND0)                        0.05       0.05 r
  U369/ZN (OAI22D0)                        0.05       0.09 f
  o[15] (out)                              0.00       0.09 f
  data arrival time                                   0.09
  -----------------------------------------------------------
  (Path is unconstrained)


  Startpoint: b[15] (input port)
  Endpoint: o[15] (output port)
  Path Group: (none)
  Path Type: min

  Des/Clust/Port     Wire Load Model       Library
  ------------------------------------------------
  add_bfloat16       ZeroWireload          tcbn65lptc

  Point                                    Incr       Path
  -----------------------------------------------------------
  input external delay                     0.00       0.00 r
  b[15] (in)                               0.00       0.00 r
  U308/ZN (MUX2ND0)                        0.04       0.04 f
  U369/ZN (OAI22D0)                        0.05       0.10 r
  o[15] (out)                              0.00       0.10 r
  data arrival time                                   0.10
  -----------------------------------------------------------
  (Path is unconstrained)


  Startpoint: b[15] (input port)
  Endpoint: o[15] (output port)
  Path Group: (none)
  Path Type: min

  Des/Clust/Port     Wire Load Model       Library
  ------------------------------------------------
  add_bfloat16       ZeroWireload          tcbn65lptc

  Point                                    Incr       Path
  -----------------------------------------------------------
  input external delay                     0.00       0.00 r
  b[15] (in)                               0.00       0.00 r
  U308/ZN (MUX2ND0)                        0.04       0.04 f
  U369/ZN (OAI22D0)                        0.05       0.10 r
  o[15] (out)                              0.00       0.10 r
  data arrival time                                   0.10
  -----------------------------------------------------------
  (Path is unconstrained)


  Startpoint: b[15] (input port)
  Endpoint: o[15] (output port)
  Path Group: (none)
  Path Type: min

  Des/Clust/Port     Wire Load Model       Library
  ------------------------------------------------
  add_bfloat16       ZeroWireload          tcbn65lptc

  Point                                    Incr       Path
  -----------------------------------------------------------
  input external delay                     0.00       0.00 f
  b[15] (in)                               0.00       0.00 f
  U308/ZN (MUX2ND0)                        0.05       0.05 r
  U369/ZN (OAI22D0)                        0.04       0.10 f
  o[15] (out)                              0.00       0.10 f
  data arrival time                                   0.10
  -----------------------------------------------------------
  (Path is unconstrained)


  Startpoint: b[15] (input port)
  Endpoint: o[15] (output port)
  Path Group: (none)
  Path Type: min

  Des/Clust/Port     Wire Load Model       Library
  ------------------------------------------------
  add_bfloat16       ZeroWireload          tcbn65lptc

  Point                                    Incr       Path
  -----------------------------------------------------------
  input external delay                     0.00       0.00 r
  b[15] (in)                               0.00       0.00 r
  U308/ZN (MUX2ND0)                        0.04       0.04 f
  U369/ZN (OAI22D0)                        0.05       0.10 r
  o[15] (out)                              0.00       0.10 r
  data arrival time                                   0.10
  -----------------------------------------------------------
  (Path is unconstrained)


  Startpoint: b[15] (input port)
  Endpoint: o[15] (output port)
  Path Group: (none)
  Path Type: min

  Des/Clust/Port     Wire Load Model       Library
  ------------------------------------------------
  add_bfloat16       ZeroWireload          tcbn65lptc

  Point                                    Incr       Path
  -----------------------------------------------------------
  input external delay                     0.00       0.00 r
  b[15] (in)                               0.00       0.00 r
  U308/ZN (MUX2ND0)                        0.04       0.04 f
  U369/ZN (OAI22D0)                        0.05       0.10 r
  o[15] (out)                              0.00       0.10 r
  data arrival time                                   0.10
  -----------------------------------------------------------
  (Path is unconstrained)


  Startpoint: a[14] (input port)
  Endpoint: status[2] (output port)
  Path Group: (none)
  Path Type: min

  Des/Clust/Port     Wire Load Model       Library
  ------------------------------------------------
  add_bfloat16       ZeroWireload          tcbn65lptc

  Point                                    Incr       Path
  -----------------------------------------------------------
  input external delay                     0.00       0.00 f
  a[14] (in)                               0.00       0.00 f
  U114/ZN (ND2D0)                          0.02       0.02 r
  U331/ZN (INVD0)                          0.02       0.04 f
  U335/ZN (ND4D0)                          0.03       0.08 r
  U336/ZN (NR2D0)                          0.02       0.10 f
  status[2] (out)                          0.00       0.10 f
  data arrival time                                   0.10
  -----------------------------------------------------------
  (Path is unconstrained)


  Startpoint: b[14] (input port)
  Endpoint: status[2] (output port)
  Path Group: (none)
  Path Type: min

  Des/Clust/Port     Wire Load Model       Library
  ------------------------------------------------
  add_bfloat16       ZeroWireload          tcbn65lptc

  Point                                    Incr       Path
  -----------------------------------------------------------
  input external delay                     0.00       0.00 f
  b[14] (in)                               0.00       0.00 f
  U114/ZN (ND2D0)                          0.02       0.02 r
  U331/ZN (INVD0)                          0.02       0.05 f
  U335/ZN (ND4D0)                          0.03       0.08 r
  U336/ZN (NR2D0)                          0.02       0.10 f
  status[2] (out)                          0.00       0.10 f
  data arrival time                                   0.10
  -----------------------------------------------------------
  (Path is unconstrained)


  Startpoint: b[15] (input port)
  Endpoint: o[15] (output port)
  Path Group: (none)
  Path Type: min

  Des/Clust/Port     Wire Load Model       Library
  ------------------------------------------------
  add_bfloat16       ZeroWireload          tcbn65lptc

  Point                                    Incr       Path
  -----------------------------------------------------------
  input external delay                     0.00       0.00 r
  b[15] (in)                               0.00       0.00 r
  U308/ZN (MUX2ND0)                        0.04       0.04 f
  U369/ZN (OAI22D0)                        0.06       0.10 r
  o[15] (out)                              0.00       0.10 r
  data arrival time                                   0.10
  -----------------------------------------------------------
  (Path is unconstrained)


  Startpoint: b[15] (input port)
  Endpoint: o[15] (output port)
  Path Group: (none)
  Path Type: min

  Des/Clust/Port     Wire Load Model       Library
  ------------------------------------------------
  add_bfloat16       ZeroWireload          tcbn65lptc

  Point                                    Incr       Path
  -----------------------------------------------------------
  input external delay                     0.00       0.00 r
  b[15] (in)                               0.00       0.00 r
  U308/ZN (MUX2ND0)                        0.04       0.04 f
  U369/ZN (OAI22D0)                        0.06       0.10 r
  o[15] (out)                              0.00       0.10 r
  data arrival time                                   0.10
  -----------------------------------------------------------
  (Path is unconstrained)


  Startpoint: b[15] (input port)
  Endpoint: o[15] (output port)
  Path Group: (none)
  Path Type: min

  Des/Clust/Port     Wire Load Model       Library
  ------------------------------------------------
  add_bfloat16       ZeroWireload          tcbn65lptc

  Point                                    Incr       Path
  -----------------------------------------------------------
  input external delay                     0.00       0.00 f
  b[15] (in)                               0.00       0.00 f
  U308/ZN (MUX2ND0)                        0.05       0.05 r
  U369/ZN (OAI22D0)                        0.05       0.10 f
  o[15] (out)                              0.00       0.10 f
  data arrival time                                   0.10
  -----------------------------------------------------------
  (Path is unconstrained)


  Startpoint: rnd[2] (input port)
  Endpoint: status[0] (output port)
  Path Group: (none)
  Path Type: min

  Des/Clust/Port     Wire Load Model       Library
  ------------------------------------------------
  add_bfloat16       ZeroWireload          tcbn65lptc

  Point                                    Incr       Path
  -----------------------------------------------------------
  input external delay                     0.00       0.00 r
  rnd[2] (in)                              0.00       0.00 r
  U317/ZN (AOI21D0)                        0.04       0.04 f
  U326/Z (AO21D0)                          0.06       0.10 f
  status[0] (out)                          0.00       0.10 f
  data arrival time                                   0.10
  -----------------------------------------------------------
  (Path is unconstrained)


  Startpoint: rnd[0] (input port)
  Endpoint: o[15] (output port)
  Path Group: (none)
  Path Type: min

  Des/Clust/Port     Wire Load Model       Library
  ------------------------------------------------
  add_bfloat16       ZeroWireload          tcbn65lptc

  Point                                    Incr       Path
  -----------------------------------------------------------
  input external delay                     0.00       0.00 r
  rnd[0] (in)                              0.00       0.00 r
  U366/ZN (ND4D0)                          0.05       0.05 f
  U369/ZN (OAI22D0)                        0.05       0.10 r
  o[15] (out)                              0.00       0.10 r
  data arrival time                                   0.10
  -----------------------------------------------------------
  (Path is unconstrained)


  Startpoint: rnd[0] (input port)
  Endpoint: o[15] (output port)
  Path Group: (none)
  Path Type: min

  Des/Clust/Port     Wire Load Model       Library
  ------------------------------------------------
  add_bfloat16       ZeroWireload          tcbn65lptc

  Point                                    Incr       Path
  -----------------------------------------------------------
  input external delay                     0.00       0.00 r
  rnd[0] (in)                              0.00       0.00 r
  U366/ZN (ND4D0)                          0.05       0.05 f
  U369/ZN (OAI22D0)                        0.05       0.10 r
  o[15] (out)                              0.00       0.10 r
  data arrival time                                   0.10
  -----------------------------------------------------------
  (Path is unconstrained)


  Startpoint: rnd[0] (input port)
  Endpoint: o[15] (output port)
  Path Group: (none)
  Path Type: min

  Des/Clust/Port     Wire Load Model       Library
  ------------------------------------------------
  add_bfloat16       ZeroWireload          tcbn65lptc

  Point                                    Incr       Path
  -----------------------------------------------------------
  input external delay                     0.00       0.00 r
  rnd[0] (in)                              0.00       0.00 r
  U366/ZN (ND4D0)                          0.05       0.05 f
  U369/ZN (OAI22D0)                        0.05       0.10 r
  o[15] (out)                              0.00       0.10 r
  data arrival time                                   0.10
  -----------------------------------------------------------
  (Path is unconstrained)


  Startpoint: b[15] (input port)
  Endpoint: o[15] (output port)
  Path Group: (none)
  Path Type: min

  Des/Clust/Port     Wire Load Model       Library
  ------------------------------------------------
  add_bfloat16       ZeroWireload          tcbn65lptc

  Point                                    Incr       Path
  -----------------------------------------------------------
  input external delay                     0.00       0.00 f
  b[15] (in)                               0.00       0.00 f
  U308/ZN (MUX2ND0)                        0.05       0.05 r
  U369/ZN (OAI22D0)                        0.05       0.10 f
  o[15] (out)                              0.00       0.10 f
  data arrival time                                   0.10
  -----------------------------------------------------------
  (Path is unconstrained)


  Startpoint: rnd[0] (input port)
  Endpoint: status[0] (output port)
  Path Group: (none)
  Path Type: min

  Des/Clust/Port     Wire Load Model       Library
  ------------------------------------------------
  add_bfloat16       ZeroWireload          tcbn65lptc

  Point                                    Incr       Path
  -----------------------------------------------------------
  input external delay                     0.00       0.00 r
  rnd[0] (in)                              0.00       0.00 r
  U317/ZN (AOI21D0)                        0.04       0.04 f
  U326/Z (AO21D0)                          0.06       0.10 f
  status[0] (out)                          0.00       0.10 f
  data arrival time                                   0.10
  -----------------------------------------------------------
  (Path is unconstrained)


  Startpoint: rnd[1] (input port)
  Endpoint: o[15] (output port)
  Path Group: (none)
  Path Type: min

  Des/Clust/Port     Wire Load Model       Library
  ------------------------------------------------
  add_bfloat16       ZeroWireload          tcbn65lptc

  Point                                    Incr       Path
  -----------------------------------------------------------
  input external delay                     0.00       0.00 r
  rnd[1] (in)                              0.00       0.00 r
  U366/ZN (ND4D0)                          0.06       0.06 f
  U369/ZN (OAI22D0)                        0.05       0.11 r
  o[15] (out)                              0.00       0.11 r
  data arrival time                                   0.11
  -----------------------------------------------------------
  (Path is unconstrained)


  Startpoint: rnd[1] (input port)
  Endpoint: o[15] (output port)
  Path Group: (none)
  Path Type: min

  Des/Clust/Port     Wire Load Model       Library
  ------------------------------------------------
  add_bfloat16       ZeroWireload          tcbn65lptc

  Point                                    Incr       Path
  -----------------------------------------------------------
  input external delay                     0.00       0.00 r
  rnd[1] (in)                              0.00       0.00 r
  U366/ZN (ND4D0)                          0.06       0.06 f
  U369/ZN (OAI22D0)                        0.05       0.11 r
  o[15] (out)                              0.00       0.11 r
  data arrival time                                   0.11
  -----------------------------------------------------------
  (Path is unconstrained)


  Startpoint: rnd[1] (input port)
  Endpoint: o[15] (output port)
  Path Group: (none)
  Path Type: min

  Des/Clust/Port     Wire Load Model       Library
  ------------------------------------------------
  add_bfloat16       ZeroWireload          tcbn65lptc

  Point                                    Incr       Path
  -----------------------------------------------------------
  input external delay                     0.00       0.00 r
  rnd[1] (in)                              0.00       0.00 r
  U366/ZN (ND4D0)                          0.06       0.06 f
  U369/ZN (OAI22D0)                        0.05       0.11 r
  o[15] (out)                              0.00       0.11 r
  data arrival time                                   0.11
  -----------------------------------------------------------
  (Path is unconstrained)


  Startpoint: rnd[1] (input port)
  Endpoint: status[1] (output port)
  Path Group: (none)
  Path Type: min

  Des/Clust/Port     Wire Load Model       Library
  ------------------------------------------------
  add_bfloat16       ZeroWireload          tcbn65lptc

  Point                                    Incr       Path
  -----------------------------------------------------------
  input external delay                     0.00       0.00 r
  rnd[1] (in)                              0.00       0.00 r
  U291/ZN (NR2D0)                          0.02       0.02 f
  U328/ZN (NR2D0)                          0.06       0.08 r
  U330/ZN (OAI22D0)                        0.03       0.11 f
  status[1] (out)                          0.00       0.11 f
  data arrival time                                   0.11
  -----------------------------------------------------------
  (Path is unconstrained)


  Startpoint: rnd[0] (input port)
  Endpoint: status[1] (output port)
  Path Group: (none)
  Path Type: min

  Des/Clust/Port     Wire Load Model       Library
  ------------------------------------------------
  add_bfloat16       ZeroWireload          tcbn65lptc

  Point                                    Incr       Path
  -----------------------------------------------------------
  input external delay                     0.00       0.00 r
  rnd[0] (in)                              0.00       0.00 r
  U291/ZN (NR2D0)                          0.02       0.02 f
  U328/ZN (NR2D0)                          0.06       0.08 r
  U330/ZN (OAI22D0)                        0.03       0.11 f
  status[1] (out)                          0.00       0.11 f
  data arrival time                                   0.11
  -----------------------------------------------------------
  (Path is unconstrained)


  Startpoint: rnd[1] (input port)
  Endpoint: status[1] (output port)
  Path Group: (none)
  Path Type: min

  Des/Clust/Port     Wire Load Model       Library
  ------------------------------------------------
  add_bfloat16       ZeroWireload          tcbn65lptc

  Point                                    Incr       Path
  -----------------------------------------------------------
  input external delay                     0.00       0.00 r
  rnd[1] (in)                              0.00       0.00 r
  U291/ZN (NR2D0)                          0.02       0.02 f
  U328/ZN (NR2D0)                          0.06       0.08 r
  U330/ZN (OAI22D0)                        0.04       0.12 f
  status[1] (out)                          0.00       0.12 f
  data arrival time                                   0.12
  -----------------------------------------------------------
  (Path is unconstrained)


  Startpoint: rnd[0] (input port)
  Endpoint: status[1] (output port)
  Path Group: (none)
  Path Type: min

  Des/Clust/Port     Wire Load Model       Library
  ------------------------------------------------
  add_bfloat16       ZeroWireload          tcbn65lptc

  Point                                    Incr       Path
  -----------------------------------------------------------
  input external delay                     0.00       0.00 r
  rnd[0] (in)                              0.00       0.00 r
  U291/ZN (NR2D0)                          0.02       0.02 f
  U328/ZN (NR2D0)                          0.06       0.08 r
  U330/ZN (OAI22D0)                        0.04       0.12 f
  status[1] (out)                          0.00       0.12 f
  data arrival time                                   0.12
  -----------------------------------------------------------
  (Path is unconstrained)


  Startpoint: rnd[2] (input port)
  Endpoint: status[0] (output port)
  Path Group: (none)
  Path Type: min

  Des/Clust/Port     Wire Load Model       Library
  ------------------------------------------------
  add_bfloat16       ZeroWireload          tcbn65lptc

  Point                                    Incr       Path
  -----------------------------------------------------------
  input external delay                     0.00       0.00 f
  rnd[2] (in)                              0.00       0.00 f
  U317/ZN (AOI21D0)                        0.06       0.06 r
  U326/Z (AO21D0)                          0.06       0.12 r
  status[0] (out)                          0.00       0.12 r
  data arrival time                                   0.12
  -----------------------------------------------------------
  (Path is unconstrained)


  Startpoint: rnd[1] (input port)
  Endpoint: status[1] (output port)
  Path Group: (none)
  Path Type: min

  Des/Clust/Port     Wire Load Model       Library
  ------------------------------------------------
  add_bfloat16       ZeroWireload          tcbn65lptc

  Point                                    Incr       Path
  -----------------------------------------------------------
  input external delay                     0.00       0.00 r
  rnd[1] (in)                              0.00       0.00 r
  U291/ZN (NR2D0)                          0.02       0.02 f
  U328/ZN (NR2D0)                          0.06       0.08 r
  U330/ZN (OAI22D0)                        0.04       0.12 f
  status[1] (out)                          0.00       0.12 f
  data arrival time                                   0.12
  -----------------------------------------------------------
  (Path is unconstrained)


  Startpoint: rnd[0] (input port)
  Endpoint: status[1] (output port)
  Path Group: (none)
  Path Type: min

  Des/Clust/Port     Wire Load Model       Library
  ------------------------------------------------
  add_bfloat16       ZeroWireload          tcbn65lptc

  Point                                    Incr       Path
  -----------------------------------------------------------
  input external delay                     0.00       0.00 r
  rnd[0] (in)                              0.00       0.00 r
  U291/ZN (NR2D0)                          0.02       0.02 f
  U328/ZN (NR2D0)                          0.06       0.08 r
  U330/ZN (OAI22D0)                        0.04       0.12 f
  status[1] (out)                          0.00       0.12 f
  data arrival time                                   0.12
  -----------------------------------------------------------
  (Path is unconstrained)


  Startpoint: rnd[1] (input port)
  Endpoint: status[1] (output port)
  Path Group: (none)
  Path Type: min

  Des/Clust/Port     Wire Load Model       Library
  ------------------------------------------------
  add_bfloat16       ZeroWireload          tcbn65lptc

  Point                                    Incr       Path
  -----------------------------------------------------------
  input external delay                     0.00       0.00 f
  rnd[1] (in)                              0.00       0.00 f
  U291/ZN (NR2D0)                          0.04       0.04 r
  U328/ZN (NR2D0)                          0.04       0.08 f
  U330/ZN (OAI22D0)                        0.04       0.12 r
  status[1] (out)                          0.00       0.12 r
  data arrival time                                   0.12
  -----------------------------------------------------------
  (Path is unconstrained)


  Startpoint: rnd[0] (input port)
  Endpoint: status[1] (output port)
  Path Group: (none)
  Path Type: min

  Des/Clust/Port     Wire Load Model       Library
  ------------------------------------------------
  add_bfloat16       ZeroWireload          tcbn65lptc

  Point                                    Incr       Path
  -----------------------------------------------------------
  input external delay                     0.00       0.00 f
  rnd[0] (in)                              0.00       0.00 f
  U291/ZN (NR2D0)                          0.04       0.04 r
  U328/ZN (NR2D0)                          0.04       0.08 f
  U330/ZN (OAI22D0)                        0.04       0.12 r
  status[1] (out)                          0.00       0.12 r
  data arrival time                                   0.12
  -----------------------------------------------------------
  (Path is unconstrained)


  Startpoint: rnd[1] (input port)
  Endpoint: status[1] (output port)
  Path Group: (none)
  Path Type: min

  Des/Clust/Port     Wire Load Model       Library
  ------------------------------------------------
  add_bfloat16       ZeroWireload          tcbn65lptc

  Point                                    Incr       Path
  -----------------------------------------------------------
  input external delay                     0.00       0.00 f
  rnd[1] (in)                              0.00       0.00 f
  U291/ZN (NR2D0)                          0.04       0.04 r
  U328/ZN (NR2D0)                          0.04       0.08 f
  U330/ZN (OAI22D0)                        0.04       0.12 r
  status[1] (out)                          0.00       0.12 r
  data arrival time                                   0.12
  -----------------------------------------------------------
  (Path is unconstrained)


1
