 
****************************************
Report : area
Design : mac_int8
Version: U-2022.12-SP7-3
Date   : Wed Mar 12 13:43:16 2025
****************************************

Library(s) Used:

    tcbn65lptc (File: /technology/TSMC_65nm_MS_RF_LP_1.2_2.5V_full/STD/TSMCHOME/digital/Front_End/timing_power_noise/NLDM/tcbn65lp_220a/tcbn65lptc.db)

Number of ports:                           32
Number of nets:                           154
Number of cells:                          109
Number of combinational cells:            109
Number of sequential cells:                 0
Number of macros/black boxes:               0
Number of buf/inv:                         26
Number of references:                       9

Combinational area:                357.120005
Buf/Inv area:                       28.080001
Noncombinational area:               0.000000
Macro/Black Box area:                0.000000
Net Interconnect area:      undefined  (Wire load has zero net area)

Total cell area:                   357.120005
Total area:                 undefined
1
