 
****************************************
Report : timing
        -path full
        -delay min
        -nworst 50
        -max_paths 50
Design : mul_double64
Version: U-2022.12-SP7-3
Date   : Mon Mar 24 12:18:51 2025
****************************************

Operating Conditions: NCCOM   Library: tcbn65lptc
Wire Load Model Mode: segmented

  Startpoint: a[63] (input port)
  Endpoint: o[63] (output port)
  Path Group: (none)
  Path Type: min

  Des/Clust/Port     Wire Load Model       Library
  ------------------------------------------------
  mul_double64       ZeroWireload          tcbn65lptc

  Point                                    Incr       Path
  -----------------------------------------------------------
  input external delay                     0.00       0.00 r
  a[63] (in)                               0.00       0.00 r
  U2535/ZN (MUX2ND0)                       0.02       0.02 r
  U2536/ZN (NR2D0)                         0.03       0.05 f
  o[63] (out)                              0.00       0.05 f
  data arrival time                                   0.05
  -----------------------------------------------------------
  (Path is unconstrained)


  Startpoint: a[63] (input port)
  Endpoint: o[63] (output port)
  Path Group: (none)
  Path Type: min

  Des/Clust/Port     Wire Load Model       Library
  ------------------------------------------------
  mul_double64       ZeroWireload          tcbn65lptc

  Point                                    Incr       Path
  -----------------------------------------------------------
  input external delay                     0.00       0.00 f
  a[63] (in)                               0.00       0.00 f
  U2535/ZN (MUX2ND0)                       0.02       0.02 r
  U2536/ZN (NR2D0)                         0.03       0.05 f
  o[63] (out)                              0.00       0.05 f
  data arrival time                                   0.05
  -----------------------------------------------------------
  (Path is unconstrained)


  Startpoint: b[63] (input port)
  Endpoint: o[63] (output port)
  Path Group: (none)
  Path Type: min

  Des/Clust/Port     Wire Load Model       Library
  ------------------------------------------------
  mul_double64       ZeroWireload          tcbn65lptc

  Point                                    Incr       Path
  -----------------------------------------------------------
  input external delay                     0.00       0.00 f
  b[63] (in)                               0.00       0.00 f
  U2535/ZN (MUX2ND0)                       0.03       0.03 r
  U2536/ZN (NR2D0)                         0.03       0.06 f
  o[63] (out)                              0.00       0.06 f
  data arrival time                                   0.06
  -----------------------------------------------------------
  (Path is unconstrained)


  Startpoint: a[63] (input port)
  Endpoint: o[63] (output port)
  Path Group: (none)
  Path Type: min

  Des/Clust/Port     Wire Load Model       Library
  ------------------------------------------------
  mul_double64       ZeroWireload          tcbn65lptc

  Point                                    Incr       Path
  -----------------------------------------------------------
  input external delay                     0.00       0.00 r
  a[63] (in)                               0.00       0.00 r
  U2535/ZN (MUX2ND0)                       0.01       0.01 f
  U2536/ZN (NR2D0)                         0.05       0.07 r
  o[63] (out)                              0.00       0.07 r
  data arrival time                                   0.07
  -----------------------------------------------------------
  (Path is unconstrained)


  Startpoint: a[63] (input port)
  Endpoint: o[63] (output port)
  Path Group: (none)
  Path Type: min

  Des/Clust/Port     Wire Load Model       Library
  ------------------------------------------------
  mul_double64       ZeroWireload          tcbn65lptc

  Point                                    Incr       Path
  -----------------------------------------------------------
  input external delay                     0.00       0.00 r
  a[63] (in)                               0.00       0.00 r
  U2535/ZN (MUX2ND0)                       0.04       0.04 r
  U2536/ZN (NR2D0)                         0.03       0.07 f
  o[63] (out)                              0.00       0.07 f
  data arrival time                                   0.07
  -----------------------------------------------------------
  (Path is unconstrained)


  Startpoint: b[63] (input port)
  Endpoint: o[63] (output port)
  Path Group: (none)
  Path Type: min

  Des/Clust/Port     Wire Load Model       Library
  ------------------------------------------------
  mul_double64       ZeroWireload          tcbn65lptc

  Point                                    Incr       Path
  -----------------------------------------------------------
  input external delay                     0.00       0.00 r
  b[63] (in)                               0.00       0.00 r
  U2534/ZN (INVD0)                         0.01       0.01 f
  U2535/ZN (MUX2ND0)                       0.04       0.05 r
  U2536/ZN (NR2D0)                         0.03       0.08 f
  o[63] (out)                              0.00       0.08 f
  data arrival time                                   0.08
  -----------------------------------------------------------
  (Path is unconstrained)


  Startpoint: b[63] (input port)
  Endpoint: o[63] (output port)
  Path Group: (none)
  Path Type: min

  Des/Clust/Port     Wire Load Model       Library
  ------------------------------------------------
  mul_double64       ZeroWireload          tcbn65lptc

  Point                                    Incr       Path
  -----------------------------------------------------------
  input external delay                     0.00       0.00 r
  b[63] (in)                               0.00       0.00 r
  U2535/ZN (MUX2ND0)                       0.03       0.03 f
  U2536/ZN (NR2D0)                         0.05       0.08 r
  o[63] (out)                              0.00       0.08 r
  data arrival time                                   0.08
  -----------------------------------------------------------
  (Path is unconstrained)


  Startpoint: b[63] (input port)
  Endpoint: o[63] (output port)
  Path Group: (none)
  Path Type: min

  Des/Clust/Port     Wire Load Model       Library
  ------------------------------------------------
  mul_double64       ZeroWireload          tcbn65lptc

  Point                                    Incr       Path
  -----------------------------------------------------------
  input external delay                     0.00       0.00 r
  b[63] (in)                               0.00       0.00 r
  U2535/ZN (MUX2ND0)                       0.03       0.03 f
  U2536/ZN (NR2D0)                         0.05       0.08 r
  o[63] (out)                              0.00       0.08 r
  data arrival time                                   0.08
  -----------------------------------------------------------
  (Path is unconstrained)


  Startpoint: b[63] (input port)
  Endpoint: o[63] (output port)
  Path Group: (none)
  Path Type: min

  Des/Clust/Port     Wire Load Model       Library
  ------------------------------------------------
  mul_double64       ZeroWireload          tcbn65lptc

  Point                                    Incr       Path
  -----------------------------------------------------------
  input external delay                     0.00       0.00 f
  b[63] (in)                               0.00       0.00 f
  U2534/ZN (INVD0)                         0.02       0.02 r
  U2535/ZN (MUX2ND0)                       0.03       0.05 f
  U2536/ZN (NR2D0)                         0.05       0.10 r
  o[63] (out)                              0.00       0.10 r
  data arrival time                                   0.10
  -----------------------------------------------------------
  (Path is unconstrained)


  Startpoint: a[63] (input port)
  Endpoint: o[63] (output port)
  Path Group: (none)
  Path Type: min

  Des/Clust/Port     Wire Load Model       Library
  ------------------------------------------------
  mul_double64       ZeroWireload          tcbn65lptc

  Point                                    Incr       Path
  -----------------------------------------------------------
  input external delay                     0.00       0.00 r
  a[63] (in)                               0.00       0.00 r
  U2535/ZN (MUX2ND0)                       0.05       0.05 f
  U2536/ZN (NR2D0)                         0.05       0.10 r
  o[63] (out)                              0.00       0.10 r
  data arrival time                                   0.10
  -----------------------------------------------------------
  (Path is unconstrained)


  Startpoint: a[63] (input port)
  Endpoint: o[63] (output port)
  Path Group: (none)
  Path Type: min

  Des/Clust/Port     Wire Load Model       Library
  ------------------------------------------------
  mul_double64       ZeroWireload          tcbn65lptc

  Point                                    Incr       Path
  -----------------------------------------------------------
  input external delay                     0.00       0.00 f
  a[63] (in)                               0.00       0.00 f
  U2535/ZN (MUX2ND0)                       0.05       0.05 f
  U2536/ZN (NR2D0)                         0.05       0.10 r
  o[63] (out)                              0.00       0.10 r
  data arrival time                                   0.10
  -----------------------------------------------------------
  (Path is unconstrained)


  Startpoint: rnd[1] (input port)
  Endpoint: status[3] (output port)
  Path Group: (none)
  Path Type: min

  Des/Clust/Port     Wire Load Model       Library
  ------------------------------------------------
  mul_double64       ZeroWireload          tcbn65lptc

  Point                                    Incr       Path
  -----------------------------------------------------------
  input external delay                     0.00       0.00 r
  rnd[1] (in)                              0.00       0.00 r
  U10543/Z (OA22D0)                        0.04       0.04 r
  U10547/Z (AO21D0)                        0.06       0.10 r
  U10646/ZN (AOI21D0)                      0.02       0.12 f
  status[3] (out)                          0.00       0.12 f
  data arrival time                                   0.12
  -----------------------------------------------------------
  (Path is unconstrained)


  Startpoint: rnd[2] (input port)
  Endpoint: status[0] (output port)
  Path Group: (none)
  Path Type: min

  Des/Clust/Port     Wire Load Model       Library
  ------------------------------------------------
  mul_double64       ZeroWireload          tcbn65lptc

  Point                                    Incr       Path
  -----------------------------------------------------------
  input external delay                     0.00       0.00 r
  rnd[2] (in)                              0.00       0.00 r
  U9522/ZN (AOI21D0)                       0.05       0.05 f
  U10669/ZN (ND4D0)                        0.04       0.10 r
  U10670/ZN (AOI21D0)                      0.03       0.13 f
  status[0] (out)                          0.00       0.13 f
  data arrival time                                   0.13
  -----------------------------------------------------------
  (Path is unconstrained)


  Startpoint: rnd[0] (input port)
  Endpoint: status[0] (output port)
  Path Group: (none)
  Path Type: min

  Des/Clust/Port     Wire Load Model       Library
  ------------------------------------------------
  mul_double64       ZeroWireload          tcbn65lptc

  Point                                    Incr       Path
  -----------------------------------------------------------
  input external delay                     0.00       0.00 r
  rnd[0] (in)                              0.00       0.00 r
  U9522/ZN (AOI21D0)                       0.05       0.05 f
  U10669/ZN (ND4D0)                        0.04       0.10 r
  U10670/ZN (AOI21D0)                      0.03       0.13 f
  status[0] (out)                          0.00       0.13 f
  data arrival time                                   0.13
  -----------------------------------------------------------
  (Path is unconstrained)


  Startpoint: rnd[1] (input port)
  Endpoint: status[3] (output port)
  Path Group: (none)
  Path Type: min

  Des/Clust/Port     Wire Load Model       Library
  ------------------------------------------------
  mul_double64       ZeroWireload          tcbn65lptc

  Point                                    Incr       Path
  -----------------------------------------------------------
  input external delay                     0.00       0.00 r
  rnd[1] (in)                              0.00       0.00 r
  U10543/Z (OA22D0)                        0.05       0.05 r
  U10547/Z (AO21D0)                        0.06       0.11 r
  U10646/ZN (AOI21D0)                      0.02       0.13 f
  status[3] (out)                          0.00       0.13 f
  data arrival time                                   0.13
  -----------------------------------------------------------
  (Path is unconstrained)


  Startpoint: rnd[2] (input port)
  Endpoint: status[3] (output port)
  Path Group: (none)
  Path Type: min

  Des/Clust/Port     Wire Load Model       Library
  ------------------------------------------------
  mul_double64       ZeroWireload          tcbn65lptc

  Point                                    Incr       Path
  -----------------------------------------------------------
  input external delay                     0.00       0.00 r
  rnd[2] (in)                              0.00       0.00 r
  U9507/ZN (NR2D0)                         0.02       0.02 f
  U10545/ZN (ND2D0)                        0.03       0.05 r
  U10547/Z (AO21D0)                        0.06       0.11 r
  U10646/ZN (AOI21D0)                      0.02       0.13 f
  status[3] (out)                          0.00       0.13 f
  data arrival time                                   0.13
  -----------------------------------------------------------
  (Path is unconstrained)


  Startpoint: rnd[1] (input port)
  Endpoint: status[3] (output port)
  Path Group: (none)
  Path Type: min

  Des/Clust/Port     Wire Load Model       Library
  ------------------------------------------------
  mul_double64       ZeroWireload          tcbn65lptc

  Point                                    Incr       Path
  -----------------------------------------------------------
  input external delay                     0.00       0.00 r
  rnd[1] (in)                              0.00       0.00 r
  U10543/Z (OA22D0)                        0.05       0.05 r
  U10547/Z (AO21D0)                        0.06       0.11 r
  U10646/ZN (AOI21D0)                      0.02       0.14 f
  status[3] (out)                          0.00       0.14 f
  data arrival time                                   0.14
  -----------------------------------------------------------
  (Path is unconstrained)


  Startpoint: a[60] (input port)
  Endpoint: status[2] (output port)
  Path Group: (none)
  Path Type: min

  Des/Clust/Port     Wire Load Model       Library
  ------------------------------------------------
  mul_double64       ZeroWireload          tcbn65lptc

  Point                                    Incr       Path
  -----------------------------------------------------------
  input external delay                     0.00       0.00 f
  a[60] (in)                               0.00       0.00 f
  U2446/ZN (ND4D0)                         0.02       0.02 r
  U2449/ZN (NR2D0)                         0.03       0.05 f
  U2512/ZN (AOI22D0)                       0.04       0.09 r
  U2533/ZN (AOI21D0)                       0.05       0.14 f
  status[2] (out)                          0.00       0.14 f
  data arrival time                                   0.14
  -----------------------------------------------------------
  (Path is unconstrained)


  Startpoint: a[58] (input port)
  Endpoint: status[2] (output port)
  Path Group: (none)
  Path Type: min

  Des/Clust/Port     Wire Load Model       Library
  ------------------------------------------------
  mul_double64       ZeroWireload          tcbn65lptc

  Point                                    Incr       Path
  -----------------------------------------------------------
  input external delay                     0.00       0.00 f
  a[58] (in)                               0.00       0.00 f
  U2446/ZN (ND4D0)                         0.02       0.02 r
  U2449/ZN (NR2D0)                         0.03       0.05 f
  U2512/ZN (AOI22D0)                       0.04       0.09 r
  U2533/ZN (AOI21D0)                       0.05       0.14 f
  status[2] (out)                          0.00       0.14 f
  data arrival time                                   0.14
  -----------------------------------------------------------
  (Path is unconstrained)


  Startpoint: a[54] (input port)
  Endpoint: status[2] (output port)
  Path Group: (none)
  Path Type: min

  Des/Clust/Port     Wire Load Model       Library
  ------------------------------------------------
  mul_double64       ZeroWireload          tcbn65lptc

  Point                                    Incr       Path
  -----------------------------------------------------------
  input external delay                     0.00       0.00 f
  a[54] (in)                               0.00       0.00 f
  U2448/ZN (ND4D0)                         0.02       0.02 r
  U2449/ZN (NR2D0)                         0.03       0.05 f
  U2512/ZN (AOI22D0)                       0.04       0.09 r
  U2533/ZN (AOI21D0)                       0.05       0.14 f
  status[2] (out)                          0.00       0.14 f
  data arrival time                                   0.14
  -----------------------------------------------------------
  (Path is unconstrained)


  Startpoint: a[52] (input port)
  Endpoint: status[2] (output port)
  Path Group: (none)
  Path Type: min

  Des/Clust/Port     Wire Load Model       Library
  ------------------------------------------------
  mul_double64       ZeroWireload          tcbn65lptc

  Point                                    Incr       Path
  -----------------------------------------------------------
  input external delay                     0.00       0.00 f
  a[52] (in)                               0.00       0.00 f
  U2448/ZN (ND4D0)                         0.02       0.02 r
  U2449/ZN (NR2D0)                         0.03       0.05 f
  U2512/ZN (AOI22D0)                       0.04       0.09 r
  U2533/ZN (AOI21D0)                       0.05       0.14 f
  status[2] (out)                          0.00       0.14 f
  data arrival time                                   0.14
  -----------------------------------------------------------
  (Path is unconstrained)


  Startpoint: a[59] (input port)
  Endpoint: status[2] (output port)
  Path Group: (none)
  Path Type: min

  Des/Clust/Port     Wire Load Model       Library
  ------------------------------------------------
  mul_double64       ZeroWireload          tcbn65lptc

  Point                                    Incr       Path
  -----------------------------------------------------------
  input external delay                     0.00       0.00 f
  a[59] (in)                               0.00       0.00 f
  U2446/ZN (ND4D0)                         0.02       0.02 r
  U2449/ZN (NR2D0)                         0.03       0.05 f
  U2512/ZN (AOI22D0)                       0.04       0.09 r
  U2533/ZN (AOI21D0)                       0.05       0.14 f
  status[2] (out)                          0.00       0.14 f
  data arrival time                                   0.14
  -----------------------------------------------------------
  (Path is unconstrained)


  Startpoint: a[61] (input port)
  Endpoint: status[2] (output port)
  Path Group: (none)
  Path Type: min

  Des/Clust/Port     Wire Load Model       Library
  ------------------------------------------------
  mul_double64       ZeroWireload          tcbn65lptc

  Point                                    Incr       Path
  -----------------------------------------------------------
  input external delay                     0.00       0.00 f
  a[61] (in)                               0.00       0.00 f
  U2446/ZN (ND4D0)                         0.02       0.02 r
  U2449/ZN (NR2D0)                         0.03       0.05 f
  U2512/ZN (AOI22D0)                       0.04       0.09 r
  U2533/ZN (AOI21D0)                       0.05       0.14 f
  status[2] (out)                          0.00       0.14 f
  data arrival time                                   0.14
  -----------------------------------------------------------
  (Path is unconstrained)


  Startpoint: a[62] (input port)
  Endpoint: status[2] (output port)
  Path Group: (none)
  Path Type: min

  Des/Clust/Port     Wire Load Model       Library
  ------------------------------------------------
  mul_double64       ZeroWireload          tcbn65lptc

  Point                                    Incr       Path
  -----------------------------------------------------------
  input external delay                     0.00       0.00 f
  a[62] (in)                               0.00       0.00 f
  U2448/ZN (ND4D0)                         0.02       0.02 r
  U2449/ZN (NR2D0)                         0.03       0.05 f
  U2512/ZN (AOI22D0)                       0.04       0.09 r
  U2533/ZN (AOI21D0)                       0.05       0.14 f
  status[2] (out)                          0.00       0.14 f
  data arrival time                                   0.14
  -----------------------------------------------------------
  (Path is unconstrained)


  Startpoint: rnd[1] (input port)
  Endpoint: status[3] (output port)
  Path Group: (none)
  Path Type: min

  Des/Clust/Port     Wire Load Model       Library
  ------------------------------------------------
  mul_double64       ZeroWireload          tcbn65lptc

  Point                                    Incr       Path
  -----------------------------------------------------------
  input external delay                     0.00       0.00 r
  rnd[1] (in)                              0.00       0.00 r
  U10559/ZN (NR2D0)                        0.01       0.01 f
  U10573/ZN (OAI22D0)                      0.05       0.06 r
  U10643/ZN (NR2D0)                        0.03       0.09 f
  U10644/ZN (ND4D0)                        0.03       0.12 r
  U10646/ZN (AOI21D0)                      0.03       0.15 f
  status[3] (out)                          0.00       0.15 f
  data arrival time                                   0.15
  -----------------------------------------------------------
  (Path is unconstrained)


  Startpoint: rnd[1] (input port)
  Endpoint: status[3] (output port)
  Path Group: (none)
  Path Type: min

  Des/Clust/Port     Wire Load Model       Library
  ------------------------------------------------
  mul_double64       ZeroWireload          tcbn65lptc

  Point                                    Incr       Path
  -----------------------------------------------------------
  input external delay                     0.00       0.00 r
  rnd[1] (in)                              0.00       0.00 r
  U10559/ZN (NR2D0)                        0.01       0.01 f
  U10573/ZN (OAI22D0)                      0.05       0.06 r
  U10643/ZN (NR2D0)                        0.03       0.09 f
  U10644/ZN (ND4D0)                        0.03       0.12 r
  U10646/ZN (AOI21D0)                      0.03       0.15 f
  status[3] (out)                          0.00       0.15 f
  data arrival time                                   0.15
  -----------------------------------------------------------
  (Path is unconstrained)


  Startpoint: rnd[1] (input port)
  Endpoint: status[3] (output port)
  Path Group: (none)
  Path Type: min

  Des/Clust/Port     Wire Load Model       Library
  ------------------------------------------------
  mul_double64       ZeroWireload          tcbn65lptc

  Point                                    Incr       Path
  -----------------------------------------------------------
  input external delay                     0.00       0.00 r
  rnd[1] (in)                              0.00       0.00 r
  U10559/ZN (NR2D0)                        0.01       0.01 f
  U10573/ZN (OAI22D0)                      0.05       0.06 r
  U10643/ZN (NR2D0)                        0.03       0.09 f
  U10644/ZN (ND4D0)                        0.03       0.12 r
  U10646/ZN (AOI21D0)                      0.03       0.15 f
  status[3] (out)                          0.00       0.15 f
  data arrival time                                   0.15
  -----------------------------------------------------------
  (Path is unconstrained)


  Startpoint: a[60] (input port)
  Endpoint: status[2] (output port)
  Path Group: (none)
  Path Type: min

  Des/Clust/Port     Wire Load Model       Library
  ------------------------------------------------
  mul_double64       ZeroWireload          tcbn65lptc

  Point                                    Incr       Path
  -----------------------------------------------------------
  input external delay                     0.00       0.00 f
  a[60] (in)                               0.00       0.00 f
  U2446/ZN (ND4D0)                         0.02       0.02 r
  U2449/ZN (NR2D0)                         0.03       0.05 f
  U2512/ZN (AOI22D0)                       0.05       0.09 r
  U2533/ZN (AOI21D0)                       0.05       0.15 f
  status[2] (out)                          0.00       0.15 f
  data arrival time                                   0.15
  -----------------------------------------------------------
  (Path is unconstrained)


  Startpoint: a[58] (input port)
  Endpoint: status[2] (output port)
  Path Group: (none)
  Path Type: min

  Des/Clust/Port     Wire Load Model       Library
  ------------------------------------------------
  mul_double64       ZeroWireload          tcbn65lptc

  Point                                    Incr       Path
  -----------------------------------------------------------
  input external delay                     0.00       0.00 f
  a[58] (in)                               0.00       0.00 f
  U2446/ZN (ND4D0)                         0.02       0.02 r
  U2449/ZN (NR2D0)                         0.03       0.05 f
  U2512/ZN (AOI22D0)                       0.05       0.10 r
  U2533/ZN (AOI21D0)                       0.05       0.15 f
  status[2] (out)                          0.00       0.15 f
  data arrival time                                   0.15
  -----------------------------------------------------------
  (Path is unconstrained)


  Startpoint: b[60] (input port)
  Endpoint: status[2] (output port)
  Path Group: (none)
  Path Type: min

  Des/Clust/Port     Wire Load Model       Library
  ------------------------------------------------
  mul_double64       ZeroWireload          tcbn65lptc

  Point                                    Incr       Path
  -----------------------------------------------------------
  input external delay                     0.00       0.00 f
  b[60] (in)                               0.00       0.00 f
  U2450/ZN (ND4D0)                         0.02       0.02 r
  U2453/ZN (NR2D0)                         0.03       0.05 f
  U2512/ZN (AOI22D0)                       0.05       0.10 r
  U2533/ZN (AOI21D0)                       0.05       0.15 f
  status[2] (out)                          0.00       0.15 f
  data arrival time                                   0.15
  -----------------------------------------------------------
  (Path is unconstrained)


  Startpoint: a[54] (input port)
  Endpoint: status[2] (output port)
  Path Group: (none)
  Path Type: min

  Des/Clust/Port     Wire Load Model       Library
  ------------------------------------------------
  mul_double64       ZeroWireload          tcbn65lptc

  Point                                    Incr       Path
  -----------------------------------------------------------
  input external delay                     0.00       0.00 f
  a[54] (in)                               0.00       0.00 f
  U2448/ZN (ND4D0)                         0.02       0.02 r
  U2449/ZN (NR2D0)                         0.03       0.05 f
  U2512/ZN (AOI22D0)                       0.05       0.10 r
  U2533/ZN (AOI21D0)                       0.05       0.15 f
  status[2] (out)                          0.00       0.15 f
  data arrival time                                   0.15
  -----------------------------------------------------------
  (Path is unconstrained)


  Startpoint: b[58] (input port)
  Endpoint: status[2] (output port)
  Path Group: (none)
  Path Type: min

  Des/Clust/Port     Wire Load Model       Library
  ------------------------------------------------
  mul_double64       ZeroWireload          tcbn65lptc

  Point                                    Incr       Path
  -----------------------------------------------------------
  input external delay                     0.00       0.00 f
  b[58] (in)                               0.00       0.00 f
  U2450/ZN (ND4D0)                         0.02       0.02 r
  U2453/ZN (NR2D0)                         0.03       0.05 f
  U2512/ZN (AOI22D0)                       0.05       0.10 r
  U2533/ZN (AOI21D0)                       0.05       0.15 f
  status[2] (out)                          0.00       0.15 f
  data arrival time                                   0.15
  -----------------------------------------------------------
  (Path is unconstrained)


  Startpoint: a[52] (input port)
  Endpoint: status[2] (output port)
  Path Group: (none)
  Path Type: min

  Des/Clust/Port     Wire Load Model       Library
  ------------------------------------------------
  mul_double64       ZeroWireload          tcbn65lptc

  Point                                    Incr       Path
  -----------------------------------------------------------
  input external delay                     0.00       0.00 f
  a[52] (in)                               0.00       0.00 f
  U2448/ZN (ND4D0)                         0.02       0.02 r
  U2449/ZN (NR2D0)                         0.03       0.05 f
  U2512/ZN (AOI22D0)                       0.05       0.10 r
  U2533/ZN (AOI21D0)                       0.05       0.15 f
  status[2] (out)                          0.00       0.15 f
  data arrival time                                   0.15
  -----------------------------------------------------------
  (Path is unconstrained)


  Startpoint: a[59] (input port)
  Endpoint: status[2] (output port)
  Path Group: (none)
  Path Type: min

  Des/Clust/Port     Wire Load Model       Library
  ------------------------------------------------
  mul_double64       ZeroWireload          tcbn65lptc

  Point                                    Incr       Path
  -----------------------------------------------------------
  input external delay                     0.00       0.00 f
  a[59] (in)                               0.00       0.00 f
  U2446/ZN (ND4D0)                         0.02       0.02 r
  U2449/ZN (NR2D0)                         0.03       0.05 f
  U2512/ZN (AOI22D0)                       0.05       0.10 r
  U2533/ZN (AOI21D0)                       0.05       0.15 f
  status[2] (out)                          0.00       0.15 f
  data arrival time                                   0.15
  -----------------------------------------------------------
  (Path is unconstrained)


  Startpoint: b[54] (input port)
  Endpoint: status[2] (output port)
  Path Group: (none)
  Path Type: min

  Des/Clust/Port     Wire Load Model       Library
  ------------------------------------------------
  mul_double64       ZeroWireload          tcbn65lptc

  Point                                    Incr       Path
  -----------------------------------------------------------
  input external delay                     0.00       0.00 f
  b[54] (in)                               0.00       0.00 f
  U2452/ZN (ND4D0)                         0.02       0.02 r
  U2453/ZN (NR2D0)                         0.03       0.05 f
  U2512/ZN (AOI22D0)                       0.05       0.10 r
  U2533/ZN (AOI21D0)                       0.05       0.15 f
  status[2] (out)                          0.00       0.15 f
  data arrival time                                   0.15
  -----------------------------------------------------------
  (Path is unconstrained)


  Startpoint: a[61] (input port)
  Endpoint: status[2] (output port)
  Path Group: (none)
  Path Type: min

  Des/Clust/Port     Wire Load Model       Library
  ------------------------------------------------
  mul_double64       ZeroWireload          tcbn65lptc

  Point                                    Incr       Path
  -----------------------------------------------------------
  input external delay                     0.00       0.00 f
  a[61] (in)                               0.00       0.00 f
  U2446/ZN (ND4D0)                         0.02       0.02 r
  U2449/ZN (NR2D0)                         0.03       0.05 f
  U2512/ZN (AOI22D0)                       0.05       0.10 r
  U2533/ZN (AOI21D0)                       0.05       0.15 f
  status[2] (out)                          0.00       0.15 f
  data arrival time                                   0.15
  -----------------------------------------------------------
  (Path is unconstrained)


  Startpoint: b[52] (input port)
  Endpoint: status[2] (output port)
  Path Group: (none)
  Path Type: min

  Des/Clust/Port     Wire Load Model       Library
  ------------------------------------------------
  mul_double64       ZeroWireload          tcbn65lptc

  Point                                    Incr       Path
  -----------------------------------------------------------
  input external delay                     0.00       0.00 f
  b[52] (in)                               0.00       0.00 f
  U2452/ZN (ND4D0)                         0.02       0.02 r
  U2453/ZN (NR2D0)                         0.03       0.05 f
  U2512/ZN (AOI22D0)                       0.05       0.10 r
  U2533/ZN (AOI21D0)                       0.05       0.15 f
  status[2] (out)                          0.00       0.15 f
  data arrival time                                   0.15
  -----------------------------------------------------------
  (Path is unconstrained)


  Startpoint: b[59] (input port)
  Endpoint: status[2] (output port)
  Path Group: (none)
  Path Type: min

  Des/Clust/Port     Wire Load Model       Library
  ------------------------------------------------
  mul_double64       ZeroWireload          tcbn65lptc

  Point                                    Incr       Path
  -----------------------------------------------------------
  input external delay                     0.00       0.00 f
  b[59] (in)                               0.00       0.00 f
  U2450/ZN (ND4D0)                         0.02       0.02 r
  U2453/ZN (NR2D0)                         0.03       0.05 f
  U2512/ZN (AOI22D0)                       0.05       0.10 r
  U2533/ZN (AOI21D0)                       0.05       0.15 f
  status[2] (out)                          0.00       0.15 f
  data arrival time                                   0.15
  -----------------------------------------------------------
  (Path is unconstrained)


  Startpoint: a[62] (input port)
  Endpoint: status[2] (output port)
  Path Group: (none)
  Path Type: min

  Des/Clust/Port     Wire Load Model       Library
  ------------------------------------------------
  mul_double64       ZeroWireload          tcbn65lptc

  Point                                    Incr       Path
  -----------------------------------------------------------
  input external delay                     0.00       0.00 f
  a[62] (in)                               0.00       0.00 f
  U2448/ZN (ND4D0)                         0.02       0.02 r
  U2449/ZN (NR2D0)                         0.03       0.05 f
  U2512/ZN (AOI22D0)                       0.05       0.10 r
  U2533/ZN (AOI21D0)                       0.05       0.15 f
  status[2] (out)                          0.00       0.15 f
  data arrival time                                   0.15
  -----------------------------------------------------------
  (Path is unconstrained)


  Startpoint: a[60] (input port)
  Endpoint: status[2] (output port)
  Path Group: (none)
  Path Type: min

  Des/Clust/Port     Wire Load Model       Library
  ------------------------------------------------
  mul_double64       ZeroWireload          tcbn65lptc

  Point                                    Incr       Path
  -----------------------------------------------------------
  input external delay                     0.00       0.00 f
  a[60] (in)                               0.00       0.00 f
  U2446/ZN (ND4D0)                         0.02       0.02 r
  U2449/ZN (NR2D0)                         0.03       0.05 f
  U2512/ZN (AOI22D0)                       0.05       0.10 r
  U2533/ZN (AOI21D0)                       0.05       0.15 f
  status[2] (out)                          0.00       0.15 f
  data arrival time                                   0.15
  -----------------------------------------------------------
  (Path is unconstrained)


  Startpoint: b[61] (input port)
  Endpoint: status[2] (output port)
  Path Group: (none)
  Path Type: min

  Des/Clust/Port     Wire Load Model       Library
  ------------------------------------------------
  mul_double64       ZeroWireload          tcbn65lptc

  Point                                    Incr       Path
  -----------------------------------------------------------
  input external delay                     0.00       0.00 f
  b[61] (in)                               0.00       0.00 f
  U2450/ZN (ND4D0)                         0.02       0.02 r
  U2453/ZN (NR2D0)                         0.03       0.05 f
  U2512/ZN (AOI22D0)                       0.05       0.10 r
  U2533/ZN (AOI21D0)                       0.05       0.15 f
  status[2] (out)                          0.00       0.15 f
  data arrival time                                   0.15
  -----------------------------------------------------------
  (Path is unconstrained)


  Startpoint: a[58] (input port)
  Endpoint: status[2] (output port)
  Path Group: (none)
  Path Type: min

  Des/Clust/Port     Wire Load Model       Library
  ------------------------------------------------
  mul_double64       ZeroWireload          tcbn65lptc

  Point                                    Incr       Path
  -----------------------------------------------------------
  input external delay                     0.00       0.00 f
  a[58] (in)                               0.00       0.00 f
  U2446/ZN (ND4D0)                         0.02       0.02 r
  U2449/ZN (NR2D0)                         0.03       0.05 f
  U2512/ZN (AOI22D0)                       0.05       0.10 r
  U2533/ZN (AOI21D0)                       0.05       0.15 f
  status[2] (out)                          0.00       0.15 f
  data arrival time                                   0.15
  -----------------------------------------------------------
  (Path is unconstrained)


  Startpoint: b[62] (input port)
  Endpoint: status[2] (output port)
  Path Group: (none)
  Path Type: min

  Des/Clust/Port     Wire Load Model       Library
  ------------------------------------------------
  mul_double64       ZeroWireload          tcbn65lptc

  Point                                    Incr       Path
  -----------------------------------------------------------
  input external delay                     0.00       0.00 f
  b[62] (in)                               0.00       0.00 f
  U2452/ZN (ND4D0)                         0.02       0.02 r
  U2453/ZN (NR2D0)                         0.03       0.05 f
  U2512/ZN (AOI22D0)                       0.05       0.10 r
  U2533/ZN (AOI21D0)                       0.05       0.15 f
  status[2] (out)                          0.00       0.15 f
  data arrival time                                   0.15
  -----------------------------------------------------------
  (Path is unconstrained)


  Startpoint: a[54] (input port)
  Endpoint: status[2] (output port)
  Path Group: (none)
  Path Type: min

  Des/Clust/Port     Wire Load Model       Library
  ------------------------------------------------
  mul_double64       ZeroWireload          tcbn65lptc

  Point                                    Incr       Path
  -----------------------------------------------------------
  input external delay                     0.00       0.00 f
  a[54] (in)                               0.00       0.00 f
  U2448/ZN (ND4D0)                         0.02       0.02 r
  U2449/ZN (NR2D0)                         0.03       0.05 f
  U2512/ZN (AOI22D0)                       0.05       0.10 r
  U2533/ZN (AOI21D0)                       0.05       0.15 f
  status[2] (out)                          0.00       0.15 f
  data arrival time                                   0.15
  -----------------------------------------------------------
  (Path is unconstrained)


  Startpoint: a[52] (input port)
  Endpoint: status[2] (output port)
  Path Group: (none)
  Path Type: min

  Des/Clust/Port     Wire Load Model       Library
  ------------------------------------------------
  mul_double64       ZeroWireload          tcbn65lptc

  Point                                    Incr       Path
  -----------------------------------------------------------
  input external delay                     0.00       0.00 f
  a[52] (in)                               0.00       0.00 f
  U2448/ZN (ND4D0)                         0.02       0.02 r
  U2449/ZN (NR2D0)                         0.03       0.05 f
  U2512/ZN (AOI22D0)                       0.05       0.10 r
  U2533/ZN (AOI21D0)                       0.05       0.16 f
  status[2] (out)                          0.00       0.16 f
  data arrival time                                   0.16
  -----------------------------------------------------------
  (Path is unconstrained)


  Startpoint: rnd[2] (input port)
  Endpoint: status[3] (output port)
  Path Group: (none)
  Path Type: min

  Des/Clust/Port     Wire Load Model       Library
  ------------------------------------------------
  mul_double64       ZeroWireload          tcbn65lptc

  Point                                    Incr       Path
  -----------------------------------------------------------
  input external delay                     0.00       0.00 r
  rnd[2] (in)                              0.00       0.00 r
  U9507/ZN (NR2D0)                         0.02       0.02 f
  U10573/ZN (OAI22D0)                      0.05       0.07 r
  U10643/ZN (NR2D0)                        0.03       0.09 f
  U10644/ZN (ND4D0)                        0.03       0.13 r
  U10646/ZN (AOI21D0)                      0.03       0.16 f
  status[3] (out)                          0.00       0.16 f
  data arrival time                                   0.16
  -----------------------------------------------------------
  (Path is unconstrained)


  Startpoint: a[59] (input port)
  Endpoint: status[2] (output port)
  Path Group: (none)
  Path Type: min

  Des/Clust/Port     Wire Load Model       Library
  ------------------------------------------------
  mul_double64       ZeroWireload          tcbn65lptc

  Point                                    Incr       Path
  -----------------------------------------------------------
  input external delay                     0.00       0.00 f
  a[59] (in)                               0.00       0.00 f
  U2446/ZN (ND4D0)                         0.02       0.02 r
  U2449/ZN (NR2D0)                         0.03       0.05 f
  U2512/ZN (AOI22D0)                       0.05       0.10 r
  U2533/ZN (AOI21D0)                       0.05       0.16 f
  status[2] (out)                          0.00       0.16 f
  data arrival time                                   0.16
  -----------------------------------------------------------
  (Path is unconstrained)


  Startpoint: rnd[2] (input port)
  Endpoint: status[3] (output port)
  Path Group: (none)
  Path Type: min

  Des/Clust/Port     Wire Load Model       Library
  ------------------------------------------------
  mul_double64       ZeroWireload          tcbn65lptc

  Point                                    Incr       Path
  -----------------------------------------------------------
  input external delay                     0.00       0.00 r
  rnd[2] (in)                              0.00       0.00 r
  U9507/ZN (NR2D0)                         0.02       0.02 f
  U10573/ZN (OAI22D0)                      0.05       0.07 r
  U10643/ZN (NR2D0)                        0.03       0.10 f
  U10644/ZN (ND4D0)                        0.03       0.13 r
  U10646/ZN (AOI21D0)                      0.03       0.16 f
  status[3] (out)                          0.00       0.16 f
  data arrival time                                   0.16
  -----------------------------------------------------------
  (Path is unconstrained)


  Startpoint: rnd[2] (input port)
  Endpoint: status[3] (output port)
  Path Group: (none)
  Path Type: min

  Des/Clust/Port     Wire Load Model       Library
  ------------------------------------------------
  mul_double64       ZeroWireload          tcbn65lptc

  Point                                    Incr       Path
  -----------------------------------------------------------
  input external delay                     0.00       0.00 r
  rnd[2] (in)                              0.00       0.00 r
  U9507/ZN (NR2D0)                         0.02       0.02 f
  U10573/ZN (OAI22D0)                      0.05       0.07 r
  U10643/ZN (NR2D0)                        0.03       0.10 f
  U10644/ZN (ND4D0)                        0.03       0.13 r
  U10646/ZN (AOI21D0)                      0.03       0.16 f
  status[3] (out)                          0.00       0.16 f
  data arrival time                                   0.16
  -----------------------------------------------------------
  (Path is unconstrained)


  Startpoint: b[60] (input port)
  Endpoint: status[2] (output port)
  Path Group: (none)
  Path Type: min

  Des/Clust/Port     Wire Load Model       Library
  ------------------------------------------------
  mul_double64       ZeroWireload          tcbn65lptc

  Point                                    Incr       Path
  -----------------------------------------------------------
  input external delay                     0.00       0.00 f
  b[60] (in)                               0.00       0.00 f
  U2450/ZN (ND4D0)                         0.02       0.02 r
  U2453/ZN (NR2D0)                         0.03       0.05 f
  U2512/ZN (AOI22D0)                       0.06       0.10 r
  U2533/ZN (AOI21D0)                       0.05       0.16 f
  status[2] (out)                          0.00       0.16 f
  data arrival time                                   0.16
  -----------------------------------------------------------
  (Path is unconstrained)


1
