 
****************************************
Report : area
Design : add_int8
Version: U-2022.12-SP7-3
Date   : Wed Mar 12 13:42:32 2025
****************************************

Library(s) Used:

    tcbn65lptc (File: /technology/TSMC_65nm_MS_RF_LP_1.2_2.5V_full/STD/TSMCHOME/digital/Front_End/timing_power_noise/NLDM/tcbn65lp_220a/tcbn65lptc.db)

Number of ports:                           24
Number of nets:                            35
Number of cells:                           13
Number of combinational cells:             13
Number of sequential cells:                 0
Number of macros/black boxes:               0
Number of buf/inv:                          2
Number of references:                       5

Combinational area:                 66.960001
Buf/Inv area:                        2.160000
Noncombinational area:               0.000000
Macro/Black Box area:                0.000000
Net Interconnect area:      undefined  (Wire load has zero net area)

Total cell area:                    66.960001
Total area:                 undefined
1
