 
****************************************
Report : port
        -verbose
Design : mul_float32
Version: U-2022.12-SP7-3
Date   : Thu Apr 10 19:46:39 2025
****************************************


                       Pin      Wire     Max     Max     Connection
Port           Dir     Load     Load     Trans   Cap     Class      Attrs
--------------------------------------------------------------------------------
a[0]           in      0.0000   0.0000   --      --      --         
a[1]           in      0.0000   0.0000   --      --      --         
a[2]           in      0.0000   0.0000   --      --      --         
a[3]           in      0.0000   0.0000   --      --      --         
a[4]           in      0.0000   0.0000   --      --      --         
a[5]           in      0.0000   0.0000   --      --      --         
a[6]           in      0.0000   0.0000   --      --      --         
a[7]           in      0.0000   0.0000   --      --      --         
a[8]           in      0.0000   0.0000   --      --      --         
a[9]           in      0.0000   0.0000   --      --      --         
a[10]          in      0.0000   0.0000   --      --      --         
a[11]          in      0.0000   0.0000   --      --      --         
a[12]          in      0.0000   0.0000   --      --      --         
a[13]          in      0.0000   0.0000   --      --      --         
a[14]          in      0.0000   0.0000   --      --      --         
a[15]          in      0.0000   0.0000   --      --      --         
a[16]          in      0.0000   0.0000   --      --      --         
a[17]          in      0.0000   0.0000   --      --      --         
a[18]          in      0.0000   0.0000   --      --      --         
a[19]          in      0.0000   0.0000   --      --      --         
a[20]          in      0.0000   0.0000   --      --      --         
a[21]          in      0.0000   0.0000   --      --      --         
a[22]          in      0.0000   0.0000   --      --      --         
a[23]          in      0.0000   0.0000   --      --      --         
a[24]          in      0.0000   0.0000   --      --      --         
a[25]          in      0.0000   0.0000   --      --      --         
a[26]          in      0.0000   0.0000   --      --      --         
a[27]          in      0.0000   0.0000   --      --      --         
a[28]          in      0.0000   0.0000   --      --      --         
a[29]          in      0.0000   0.0000   --      --      --         
a[30]          in      0.0000   0.0000   --      --      --         
a[31]          in      0.0000   0.0000   --      --      --         
b[0]           in      0.0000   0.0000   --      --      --         
b[1]           in      0.0000   0.0000   --      --      --         
b[2]           in      0.0000   0.0000   --      --      --         
b[3]           in      0.0000   0.0000   --      --      --         
b[4]           in      0.0000   0.0000   --      --      --         
b[5]           in      0.0000   0.0000   --      --      --         
b[6]           in      0.0000   0.0000   --      --      --         
b[7]           in      0.0000   0.0000   --      --      --         
b[8]           in      0.0000   0.0000   --      --      --         
b[9]           in      0.0000   0.0000   --      --      --         
b[10]          in      0.0000   0.0000   --      --      --         
b[11]          in      0.0000   0.0000   --      --      --         
b[12]          in      0.0000   0.0000   --      --      --         
b[13]          in      0.0000   0.0000   --      --      --         
b[14]          in      0.0000   0.0000   --      --      --         
b[15]          in      0.0000   0.0000   --      --      --         
b[16]          in      0.0000   0.0000   --      --      --         
b[17]          in      0.0000   0.0000   --      --      --         
b[18]          in      0.0000   0.0000   --      --      --         
b[19]          in      0.0000   0.0000   --      --      --         
b[20]          in      0.0000   0.0000   --      --      --         
b[21]          in      0.0000   0.0000   --      --      --         
b[22]          in      0.0000   0.0000   --      --      --         
b[23]          in      0.0000   0.0000   --      --      --         
b[24]          in      0.0000   0.0000   --      --      --         
b[25]          in      0.0000   0.0000   --      --      --         
b[26]          in      0.0000   0.0000   --      --      --         
b[27]          in      0.0000   0.0000   --      --      --         
b[28]          in      0.0000   0.0000   --      --      --         
b[29]          in      0.0000   0.0000   --      --      --         
b[30]          in      0.0000   0.0000   --      --      --         
b[31]          in      0.0000   0.0000   --      --      --         
rnd[0]         in      0.0000   0.0000   --      --      --         
rnd[1]         in      0.0000   0.0000   --      --      --         
rnd[2]         in      0.0000   0.0000   --      --      --         
o[0]           out     0.0000   0.0000   --      --      --         
o[1]           out     0.0000   0.0000   --      --      --         
o[2]           out     0.0000   0.0000   --      --      --         
o[3]           out     0.0000   0.0000   --      --      --         
o[4]           out     0.0000   0.0000   --      --      --         
o[5]           out     0.0000   0.0000   --      --      --         
o[6]           out     0.0000   0.0000   --      --      --         
o[7]           out     0.0000   0.0000   --      --      --         
o[8]           out     0.0000   0.0000   --      --      --         
o[9]           out     0.0000   0.0000   --      --      --         
o[10]          out     0.0000   0.0000   --      --      --         
o[11]          out     0.0000   0.0000   --      --      --         
o[12]          out     0.0000   0.0000   --      --      --         
o[13]          out     0.0000   0.0000   --      --      --         
o[14]          out     0.0000   0.0000   --      --      --         
o[15]          out     0.0000   0.0000   --      --      --         
o[16]          out     0.0000   0.0000   --      --      --         
o[17]          out     0.0000   0.0000   --      --      --         
o[18]          out     0.0000   0.0000   --      --      --         
o[19]          out     0.0000   0.0000   --      --      --         
o[20]          out     0.0000   0.0000   --      --      --         
o[21]          out     0.0000   0.0000   --      --      --         
o[22]          out     0.0000   0.0000   --      --      --         
o[23]          out     0.0000   0.0000   --      --      --         
o[24]          out     0.0000   0.0000   --      --      --         
o[25]          out     0.0000   0.0000   --      --      --         
o[26]          out     0.0000   0.0000   --      --      --         
o[27]          out     0.0000   0.0000   --      --      --         
o[28]          out     0.0000   0.0000   --      --      --         
o[29]          out     0.0000   0.0000   --      --      --         
o[30]          out     0.0000   0.0000   --      --      --         
o[31]          out     0.0000   0.0000   --      --      --         
status[0]      out     0.0000   0.0000   --      --      --         
status[1]      out     0.0000   0.0000   --      --      --         
status[2]      out     0.0000   0.0000   --      --      --         
status[3]      out     0.0000   0.0000   --      --      --         
status[4]      out     0.0000   0.0000   --      --      --         
status[5]      out     0.0000   0.0000   --      --      --         
status[6]      out     0.0000   0.0000   --      --      --         
status[7]      out     0.0000   0.0000   --      --      --         


              External  Max             Min                Min       Min
              Number    Wireload        Wireload           Pin       Wire
Port          Points    Model           Model              Load      Load
--------------------------------------------------------------------------------
a[0]               1      --              --              --        -- 
a[1]               1      --              --              --        -- 
a[2]               1      --              --              --        -- 
a[3]               1      --              --              --        -- 
a[4]               1      --              --              --        -- 
a[5]               1      --              --              --        -- 
a[6]               1      --              --              --        -- 
a[7]               1      --              --              --        -- 
a[8]               1      --              --              --        -- 
a[9]               1      --              --              --        -- 
a[10]              1      --              --              --        -- 
a[11]              1      --              --              --        -- 
a[12]              1      --              --              --        -- 
a[13]              1      --              --              --        -- 
a[14]              1      --              --              --        -- 
a[15]              1      --              --              --        -- 
a[16]              1      --              --              --        -- 
a[17]              1      --              --              --        -- 
a[18]              1      --              --              --        -- 
a[19]              1      --              --              --        -- 
a[20]              1      --              --              --        -- 
a[21]              1      --              --              --        -- 
a[22]              1      --              --              --        -- 
a[23]              1      --              --              --        -- 
a[24]              1      --              --              --        -- 
a[25]              1      --              --              --        -- 
a[26]              1      --              --              --        -- 
a[27]              1      --              --              --        -- 
a[28]              1      --              --              --        -- 
a[29]              1      --              --              --        -- 
a[30]              1      --              --              --        -- 
a[31]              1      --              --              --        -- 
b[0]               1      --              --              --        -- 
b[1]               1      --              --              --        -- 
b[2]               1      --              --              --        -- 
b[3]               1      --              --              --        -- 
b[4]               1      --              --              --        -- 
b[5]               1      --              --              --        -- 
b[6]               1      --              --              --        -- 
b[7]               1      --              --              --        -- 
b[8]               1      --              --              --        -- 
b[9]               1      --              --              --        -- 
b[10]              1      --              --              --        -- 
b[11]              1      --              --              --        -- 
b[12]              1      --              --              --        -- 
b[13]              1      --              --              --        -- 
b[14]              1      --              --              --        -- 
b[15]              1      --              --              --        -- 
b[16]              1      --              --              --        -- 
b[17]              1      --              --              --        -- 
b[18]              1      --              --              --        -- 
b[19]              1      --              --              --        -- 
b[20]              1      --              --              --        -- 
b[21]              1      --              --              --        -- 
b[22]              1      --              --              --        -- 
b[23]              1      --              --              --        -- 
b[24]              1      --              --              --        -- 
b[25]              1      --              --              --        -- 
b[26]              1      --              --              --        -- 
b[27]              1      --              --              --        -- 
b[28]              1      --              --              --        -- 
b[29]              1      --              --              --        -- 
b[30]              1      --              --              --        -- 
b[31]              1      --              --              --        -- 
rnd[0]             1      --              --              --        -- 
rnd[1]             1      --              --              --        -- 
rnd[2]             1      --              --              --        -- 
o[0]               1      --              --              --        -- 
o[1]               1      --              --              --        -- 
o[2]               1      --              --              --        -- 
o[3]               1      --              --              --        -- 
o[4]               1      --              --              --        -- 
o[5]               1      --              --              --        -- 
o[6]               1      --              --              --        -- 
o[7]               1      --              --              --        -- 
o[8]               1      --              --              --        -- 
o[9]               1      --              --              --        -- 
o[10]              1      --              --              --        -- 
o[11]              1      --              --              --        -- 
o[12]              1      --              --              --        -- 
o[13]              1      --              --              --        -- 
o[14]              1      --              --              --        -- 
o[15]              1      --              --              --        -- 
o[16]              1      --              --              --        -- 
o[17]              1      --              --              --        -- 
o[18]              1      --              --              --        -- 
o[19]              1      --              --              --        -- 
o[20]              1      --              --              --        -- 
o[21]              1      --              --              --        -- 
o[22]              1      --              --              --        -- 
o[23]              1      --              --              --        -- 
o[24]              1      --              --              --        -- 
o[25]              1      --              --              --        -- 
o[26]              1      --              --              --        -- 
o[27]              1      --              --              --        -- 
o[28]              1      --              --              --        -- 
o[29]              1      --              --              --        -- 
o[30]              1      --              --              --        -- 
o[31]              1      --              --              --        -- 
status[0]          1      --              --              --        -- 
status[1]          1      --              --              --        -- 
status[2]          1      --              --              --        -- 
status[3]          1      --              --              --        -- 
status[4]          1      --              --              --        -- 
status[5]          1      --              --              --        -- 
status[6]          1      --              --              --        -- 
status[7]          1      --              --              --        -- 

                    Input Delay
                  Min             Max       Related   Max
Input Port    Rise    Fall    Rise    Fall   Clock  Fanout
--------------------------------------------------------------------------------
a[0]          --      --      --      --      --      -- 
a[1]          --      --      --      --      --      -- 
a[2]          --      --      --      --      --      -- 
a[3]          --      --      --      --      --      -- 
a[4]          --      --      --      --      --      -- 
a[5]          --      --      --      --      --      -- 
a[6]          --      --      --      --      --      -- 
a[7]          --      --      --      --      --      -- 
a[8]          --      --      --      --      --      -- 
a[9]          --      --      --      --      --      -- 
a[10]         --      --      --      --      --      -- 
a[11]         --      --      --      --      --      -- 
a[12]         --      --      --      --      --      -- 
a[13]         --      --      --      --      --      -- 
a[14]         --      --      --      --      --      -- 
a[15]         --      --      --      --      --      -- 
a[16]         --      --      --      --      --      -- 
a[17]         --      --      --      --      --      -- 
a[18]         --      --      --      --      --      -- 
a[19]         --      --      --      --      --      -- 
a[20]         --      --      --      --      --      -- 
a[21]         --      --      --      --      --      -- 
a[22]         --      --      --      --      --      -- 
a[23]         --      --      --      --      --      -- 
a[24]         --      --      --      --      --      -- 
a[25]         --      --      --      --      --      -- 
a[26]         --      --      --      --      --      -- 
a[27]         --      --      --      --      --      -- 
a[28]         --      --      --      --      --      -- 
a[29]         --      --      --      --      --      -- 
a[30]         --      --      --      --      --      -- 
a[31]         --      --      --      --      --      -- 
b[0]          --      --      --      --      --      -- 
b[1]          --      --      --      --      --      -- 
b[2]          --      --      --      --      --      -- 
b[3]          --      --      --      --      --      -- 
b[4]          --      --      --      --      --      -- 
b[5]          --      --      --      --      --      -- 
b[6]          --      --      --      --      --      -- 
b[7]          --      --      --      --      --      -- 
b[8]          --      --      --      --      --      -- 
b[9]          --      --      --      --      --      -- 
b[10]         --      --      --      --      --      -- 
b[11]         --      --      --      --      --      -- 
b[12]         --      --      --      --      --      -- 
b[13]         --      --      --      --      --      -- 
b[14]         --      --      --      --      --      -- 
b[15]         --      --      --      --      --      -- 
b[16]         --      --      --      --      --      -- 
b[17]         --      --      --      --      --      -- 
b[18]         --      --      --      --      --      -- 
b[19]         --      --      --      --      --      -- 
b[20]         --      --      --      --      --      -- 
b[21]         --      --      --      --      --      -- 
b[22]         --      --      --      --      --      -- 
b[23]         --      --      --      --      --      -- 
b[24]         --      --      --      --      --      -- 
b[25]         --      --      --      --      --      -- 
b[26]         --      --      --      --      --      -- 
b[27]         --      --      --      --      --      -- 
b[28]         --      --      --      --      --      -- 
b[29]         --      --      --      --      --      -- 
b[30]         --      --      --      --      --      -- 
b[31]         --      --      --      --      --      -- 
rnd[0]        --      --      --      --      --      -- 
rnd[1]        --      --      --      --      --      -- 
rnd[2]        --      --      --      --      --      -- 


               Max Drive      Min Drive      Resistance    Min    Min       Cell
Input Port    Rise    Fall   Rise    Fall   Max     Min    Cap    Fanout    Deg
--------------------------------------------------------------------------------
a[0]          --      --     --      --     --      --     --     --        -- 
a[1]          --      --     --      --     --      --     --     --        -- 
a[2]          --      --     --      --     --      --     --     --        -- 
a[3]          --      --     --      --     --      --     --     --        -- 
a[4]          --      --     --      --     --      --     --     --        -- 
a[5]          --      --     --      --     --      --     --     --        -- 
a[6]          --      --     --      --     --      --     --     --        -- 
a[7]          --      --     --      --     --      --     --     --        -- 
a[8]          --      --     --      --     --      --     --     --        -- 
a[9]          --      --     --      --     --      --     --     --        -- 
a[10]         --      --     --      --     --      --     --     --        -- 
a[11]         --      --     --      --     --      --     --     --        -- 
a[12]         --      --     --      --     --      --     --     --        -- 
a[13]         --      --     --      --     --      --     --     --        -- 
a[14]         --      --     --      --     --      --     --     --        -- 
a[15]         --      --     --      --     --      --     --     --        -- 
a[16]         --      --     --      --     --      --     --     --        -- 
a[17]         --      --     --      --     --      --     --     --        -- 
a[18]         --      --     --      --     --      --     --     --        -- 
a[19]         --      --     --      --     --      --     --     --        -- 
a[20]         --      --     --      --     --      --     --     --        -- 
a[21]         --      --     --      --     --      --     --     --        -- 
a[22]         --      --     --      --     --      --     --     --        -- 
a[23]         --      --     --      --     --      --     --     --        -- 
a[24]         --      --     --      --     --      --     --     --        -- 
a[25]         --      --     --      --     --      --     --     --        -- 
a[26]         --      --     --      --     --      --     --     --        -- 
a[27]         --      --     --      --     --      --     --     --        -- 
a[28]         --      --     --      --     --      --     --     --        -- 
a[29]         --      --     --      --     --      --     --     --        -- 
a[30]         --      --     --      --     --      --     --     --        -- 
a[31]         --      --     --      --     --      --     --     --        -- 
b[0]          --      --     --      --     --      --     --     --        -- 
b[1]          --      --     --      --     --      --     --     --        -- 
b[2]          --      --     --      --     --      --     --     --        -- 
b[3]          --      --     --      --     --      --     --     --        -- 
b[4]          --      --     --      --     --      --     --     --        -- 
b[5]          --      --     --      --     --      --     --     --        -- 
b[6]          --      --     --      --     --      --     --     --        -- 
b[7]          --      --     --      --     --      --     --     --        -- 
b[8]          --      --     --      --     --      --     --     --        -- 
b[9]          --      --     --      --     --      --     --     --        -- 
b[10]         --      --     --      --     --      --     --     --        -- 
b[11]         --      --     --      --     --      --     --     --        -- 
b[12]         --      --     --      --     --      --     --     --        -- 
b[13]         --      --     --      --     --      --     --     --        -- 
b[14]         --      --     --      --     --      --     --     --        -- 
b[15]         --      --     --      --     --      --     --     --        -- 
b[16]         --      --     --      --     --      --     --     --        -- 
b[17]         --      --     --      --     --      --     --     --        -- 
b[18]         --      --     --      --     --      --     --     --        -- 
b[19]         --      --     --      --     --      --     --     --        -- 
b[20]         --      --     --      --     --      --     --     --        -- 
b[21]         --      --     --      --     --      --     --     --        -- 
b[22]         --      --     --      --     --      --     --     --        -- 
b[23]         --      --     --      --     --      --     --     --        -- 
b[24]         --      --     --      --     --      --     --     --        -- 
b[25]         --      --     --      --     --      --     --     --        -- 
b[26]         --      --     --      --     --      --     --     --        -- 
b[27]         --      --     --      --     --      --     --     --        -- 
b[28]         --      --     --      --     --      --     --     --        -- 
b[29]         --      --     --      --     --      --     --     --        -- 
b[30]         --      --     --      --     --      --     --     --        -- 
b[31]         --      --     --      --     --      --     --     --        -- 
rnd[0]        --      --     --      --     --      --     --     --        -- 
rnd[1]        --      --     --      --     --      --     --     --        -- 
rnd[2]        --      --     --      --     --      --     --     --        -- 


               Max Tran        Min Tran
Input Port    Rise    Fall    Rise    Fall
--------------------------------------------------------------------------------
a[0]          0.12    0.12    0.12    0.12
a[1]          0.12    0.12    0.12    0.12
a[2]          0.12    0.12    0.12    0.12
a[3]          0.12    0.12    0.12    0.12
a[4]          0.12    0.12    0.12    0.12
a[5]          0.12    0.12    0.12    0.12
a[6]          0.12    0.12    0.12    0.12
a[7]          0.12    0.12    0.12    0.12
a[8]          0.12    0.12    0.12    0.12
a[9]          0.12    0.12    0.12    0.12
a[10]         0.12    0.12    0.12    0.12
a[11]         0.12    0.12    0.12    0.12
a[12]         0.12    0.12    0.12    0.12
a[13]         0.12    0.12    0.12    0.12
a[14]         0.12    0.12    0.12    0.12
a[15]         0.12    0.12    0.12    0.12
a[16]         0.12    0.12    0.12    0.12
a[17]         0.12    0.12    0.12    0.12
a[18]         0.12    0.12    0.12    0.12
a[19]         0.12    0.12    0.12    0.12
a[20]         0.12    0.12    0.12    0.12
a[21]         0.12    0.12    0.12    0.12
a[22]         0.12    0.12    0.12    0.12
a[23]         0.12    0.12    0.12    0.12
a[24]         0.12    0.12    0.12    0.12
a[25]         0.12    0.12    0.12    0.12
a[26]         0.12    0.12    0.12    0.12
a[27]         0.12    0.12    0.12    0.12
a[28]         0.12    0.12    0.12    0.12
a[29]         0.12    0.12    0.12    0.12
a[30]         0.12    0.12    0.12    0.12
a[31]         0.12    0.12    0.12    0.12
b[0]          0.12    0.12    0.12    0.12
b[1]          0.12    0.12    0.12    0.12
b[2]          0.12    0.12    0.12    0.12
b[3]          0.12    0.12    0.12    0.12
b[4]          0.12    0.12    0.12    0.12
b[5]          0.12    0.12    0.12    0.12
b[6]          0.12    0.12    0.12    0.12
b[7]          0.12    0.12    0.12    0.12
b[8]          0.12    0.12    0.12    0.12
b[9]          0.12    0.12    0.12    0.12
b[10]         0.12    0.12    0.12    0.12
b[11]         0.12    0.12    0.12    0.12
b[12]         0.12    0.12    0.12    0.12
b[13]         0.12    0.12    0.12    0.12
b[14]         0.12    0.12    0.12    0.12
b[15]         0.12    0.12    0.12    0.12
b[16]         0.12    0.12    0.12    0.12
b[17]         0.12    0.12    0.12    0.12
b[18]         0.12    0.12    0.12    0.12
b[19]         0.12    0.12    0.12    0.12
b[20]         0.12    0.12    0.12    0.12
b[21]         0.12    0.12    0.12    0.12
b[22]         0.12    0.12    0.12    0.12
b[23]         0.12    0.12    0.12    0.12
b[24]         0.12    0.12    0.12    0.12
b[25]         0.12    0.12    0.12    0.12
b[26]         0.12    0.12    0.12    0.12
b[27]         0.12    0.12    0.12    0.12
b[28]         0.12    0.12    0.12    0.12
b[29]         0.12    0.12    0.12    0.12
b[30]         0.12    0.12    0.12    0.12
b[31]         0.12    0.12    0.12    0.12
rnd[0]        0.12    0.12    0.12    0.12
rnd[1]        0.12    0.12    0.12    0.12
rnd[2]        0.12    0.12    0.12    0.12


                    Output Delay
                  Min             Max      Related  Fanout
Output Port   Rise    Fall    Rise    Fall  Clock     Load
--------------------------------------------------------------------------------
o[0]          --      --      --      --      --      0.00
o[1]          --      --      --      --      --      0.00
o[2]          --      --      --      --      --      0.00
o[3]          --      --      --      --      --      0.00
o[4]          --      --      --      --      --      0.00
o[5]          --      --      --      --      --      0.00
o[6]          --      --      --      --      --      0.00
o[7]          --      --      --      --      --      0.00
o[8]          --      --      --      --      --      0.00
o[9]          --      --      --      --      --      0.00
o[10]         --      --      --      --      --      0.00
o[11]         --      --      --      --      --      0.00
o[12]         --      --      --      --      --      0.00
o[13]         --      --      --      --      --      0.00
o[14]         --      --      --      --      --      0.00
o[15]         --      --      --      --      --      0.00
o[16]         --      --      --      --      --      0.00
o[17]         --      --      --      --      --      0.00
o[18]         --      --      --      --      --      0.00
o[19]         --      --      --      --      --      0.00
o[20]         --      --      --      --      --      0.00
o[21]         --      --      --      --      --      0.00
o[22]         --      --      --      --      --      0.00
o[23]         --      --      --      --      --      0.00
o[24]         --      --      --      --      --      0.00
o[25]         --      --      --      --      --      0.00
o[26]         --      --      --      --      --      0.00
o[27]         --      --      --      --      --      0.00
o[28]         --      --      --      --      --      0.00
o[29]         --      --      --      --      --      0.00
o[30]         --      --      --      --      --      0.00
o[31]         --      --      --      --      --      0.00
status[0]     --      --      --      --      --      0.00
status[1]     --      --      --      --      --      0.00
status[2]     --      --      --      --      --      0.00
status[3]     --      --      --      --      --      0.00
status[4]     --      --      --      --      --      0.00
status[5]     --      --      --      --      --      0.00
status[6]     --      --      --      --      --      0.00
status[7]     --      --      --      --      --      0.00

1
