 
****************************************
Report : area
Design : mac_bfloat16
Version: U-2022.12-SP7-3
Date   : Wed Mar 12 13:43:37 2025
****************************************

Library(s) Used:

    tcbn65lptc (File: /technology/TSMC_65nm_MS_RF_LP_1.2_2.5V_full/STD/TSMCHOME/digital/Front_End/timing_power_noise/NLDM/tcbn65lp_220a/tcbn65lptc.db)

Number of ports:                           75
Number of nets:                          1298
Number of cells:                         1184
Number of combinational cells:           1183
Number of sequential cells:                 0
Number of macros/black boxes:               0
Number of buf/inv:                        242
Number of references:                      20

Combinational area:               2692.440058
Buf/Inv area:                      261.360010
Noncombinational area:               0.000000
Macro/Black Box area:                0.000000
Net Interconnect area:      undefined  (Wire load has zero net area)

Total cell area:                  2692.440058
Total area:                 undefined
1
